<?xml version="1.0" encoding="UTF-8" ?>
<testsuite tests="5" failures="0" name="cn.edu.nuc.test.dao.ArticleMapperTest" time="0.219" errors="1" skipped="0">
  <properties>
    <property name="java.runtime.name" value="Java(TM) SE Runtime Environment"/>
    <property name="sun.boot.library.path" value="C:\Program Files\Java\jdk1.8.0_191\jre\bin"/>
    <property name="java.vm.version" value="25.191-b12"/>
    <property name="java.vm.vendor" value="Oracle Corporation"/>
    <property name="maven.multiModuleProjectDirectory" value="D:\envi\article"/>
    <property name="java.vendor.url" value="http://java.oracle.com/"/>
    <property name="path.separator" value=";"/>
    <property name="guice.disable.misplaced.annotation.check" value="true"/>
    <property name="java.vm.name" value="Java HotSpot(TM) 64-Bit Server VM"/>
    <property name="file.encoding.pkg" value="sun.io"/>
    <property name="user.script" value=""/>
    <property name="user.country" value="CN"/>
    <property name="sun.java.launcher" value="SUN_STANDARD"/>
    <property name="sun.os.patch.level" value="Service Pack 1"/>
    <property name="java.vm.specification.name" value="Java Virtual Machine Specification"/>
    <property name="user.dir" value="D:\envi\article"/>
    <property name="java.runtime.version" value="1.8.0_191-b12"/>
    <property name="java.awt.graphicsenv" value="sun.awt.Win32GraphicsEnvironment"/>
    <property name="java.endorsed.dirs" value="C:\Program Files\Java\jdk1.8.0_191\jre\lib\endorsed"/>
    <property name="os.arch" value="amd64"/>
    <property name="java.io.tmpdir" value="C:\Users\ADMINI~1\AppData\Local\Temp\"/>
    <property name="line.separator" value="
"/>
    <property name="java.vm.specification.vendor" value="Oracle Corporation"/>
    <property name="user.variant" value=""/>
    <property name="os.name" value="Windows 7"/>
    <property name="maven.ext.class.path" value="D:\IntelliJ IDEA 2019.2.4\plugins\maven\lib\maven-event-listener.jar"/>
    <property name="classworlds.conf" value="D:\envi\apache-maven-3.3.9\bin\m2.conf"/>
    <property name="sun.jnu.encoding" value="GBK"/>
    <property name="java.library.path" value="C:\Program Files\Java\jdk1.8.0_191\bin;C:\Windows\Sun\Java\bin;C:\Windows\system32;C:\Windows;C:\Program Files\HPE\NV\lib\shunra\vcat;C:\Program Files (x86)\Common Files\Oracle\Java\javapath;C:\app\Administrator\product\11.2.0\client_1\bin;C:\Windows\system32;C:\Windows;C:\Windows\System32\Wbem;C:\Windows\System32\WindowsPowerShell\v1.0\;C:\Program Files\TortoiseSVN\bin;D:\python;D:\Firefox;C:\Program Files\Java\jdk1.8.0_191\bin;C:\Program Files\Java\jdk1.8.0_191\jre\bin;C:\Program Files (x86)\HPE\LoadRunner\strawberry-perl\perl\bin;D:\python\Scripts\;D:\python\;D:\pycharm\PyCharm Community Edition 2018.3.5\bin;;D:\fiddler;."/>
    <property name="java.specification.name" value="Java Platform API Specification"/>
    <property name="java.class.version" value="52.0"/>
    <property name="sun.management.compiler" value="HotSpot 64-Bit Tiered Compilers"/>
    <property name="os.version" value="6.1"/>
    <property name="user.home" value="C:\Users\Administrator"/>
    <property name="user.timezone" value="Asia/Shanghai"/>
    <property name="java.awt.printerjob" value="sun.awt.windows.WPrinterJob"/>
    <property name="java.specification.version" value="1.8"/>
    <property name="file.encoding" value="UTF-8"/>
    <property name="idea.version2019.2.4" value="true"/>
    <property name="user.name" value="Administrator"/>
    <property name="java.class.path" value="D:\envi\apache-maven-3.3.9\boot\plexus-classworlds-2.5.2.jar;D:\IntelliJ IDEA 2019.2.4\lib\idea_rt.jar"/>
    <property name="java.vm.specification.version" value="1.8"/>
    <property name="sun.arch.data.model" value="64"/>
    <property name="java.home" value="C:\Program Files\Java\jdk1.8.0_191\jre"/>
    <property name="sun.java.command" value="org.codehaus.classworlds.Launcher -Didea.version2019.2.4 -s D:\envi\apache-maven-3.3.9\conf\settings.xml package"/>
    <property name="java.specification.vendor" value="Oracle Corporation"/>
    <property name="user.language" value="zh"/>
    <property name="awt.toolkit" value="sun.awt.windows.WToolkit"/>
    <property name="java.vm.info" value="mixed mode"/>
    <property name="java.version" value="1.8.0_191"/>
    <property name="java.ext.dirs" value="C:\Program Files\Java\jdk1.8.0_191\jre\lib\ext;C:\Windows\Sun\Java\lib\ext"/>
    <property name="sun.boot.class.path" value="C:\Program Files\Java\jdk1.8.0_191\jre\lib\resources.jar;C:\Program Files\Java\jdk1.8.0_191\jre\lib\rt.jar;C:\Program Files\Java\jdk1.8.0_191\jre\lib\sunrsasign.jar;C:\Program Files\Java\jdk1.8.0_191\jre\lib\jsse.jar;C:\Program Files\Java\jdk1.8.0_191\jre\lib\jce.jar;C:\Program Files\Java\jdk1.8.0_191\jre\lib\charsets.jar;C:\Program Files\Java\jdk1.8.0_191\jre\lib\jfr.jar;C:\Program Files\Java\jdk1.8.0_191\jre\classes"/>
    <property name="java.vendor" value="Oracle Corporation"/>
    <property name="maven.home" value="D:\envi\apache-maven-3.3.9"/>
    <property name="file.separator" value="\"/>
    <property name="java.vendor.url.bug" value="http://bugreport.sun.com/bugreport/"/>
    <property name="sun.cpu.endian" value="little"/>
    <property name="sun.io.unicode.encoding" value="UnicodeLittle"/>
    <property name="sun.desktop" value="windows"/>
    <property name="sun.cpu.isalist" value="amd64"/>
  </properties>
  <testcase classname="cn.edu.nuc.test.dao.ArticleMapperTest" name="testList" time="0.156">
    <error message="
### Error querying database.  Cause: com.mysql.jdbc.exceptions.MySQLSyntaxErrorException: Unknown column &apos;tb_article.publishtime&apos; in &apos;order clause&apos;
### The error may exist in file [D:\envi\article\target\classes\cn\edu\nuc\article\dao\ArticleMapper.xml]
### The error may involve cn.edu.nuc.article.dao.ArticleMapper.selectListAll-Inline
### The error occurred while setting parameters
### SQL: SELECT DISTINCT    a.articleid,    a.title,    a.publishtime,    a.copywriter_id,    a.auditor_id,    a.inst_id,    a.processinstance_id,    a.articlestate,    receiver.userid AS receiverid,    receiver.usertruename AS receivername,    tb_auditmessage.auditdate,    tb_auditmessage.auditresult,    tb_auditmessage.auditmessage,    tb_institution.instid,    tb_institution.instname,    copywriter.usertruename AS copywritername,    copywriter.userid AS copywriterid,    auditor.userid AS auditorid,    auditor.usertruename AS auditorname,    tb_attachment.attachmentid,    tb_attachment.filename,    tb_attachment.attachtype,    tb_attachment.uploadtime,    tb_attachment.filesize,    tb_attachment.fileid,    receiver_inst.instname AS receiver_inst_name,    receiver_inst.instid AS receiver_inst_id,    (     SELECT DISTINCT      COUNT(*)     FROM      tb_log     LEFT OUTER JOIN tb_article ON tb_log.bussiness_id = tb_article.articleid     WHERE      tb_article.articleid = a.articleid     AND tb_log.optname = &apos;查看公文&apos;    ) AS clickcount,    (     SELECT DISTINCT      COUNT(*)     FROM      tb_log     LEFT OUTER JOIN tb_article ON tb_log.bussiness_id = tb_article.articleid     WHERE      tb_article.articleid = a.articleid     AND tb_log.optname = &apos;下载公文&apos;    ) AS downloadcount   FROM    tb_article AS a    LEFT OUTER JOIN tb_receive ON tb_receive.article_id = a.articleid    LEFT OUTER JOIN tb_user AS receiver ON tb_receive.receiver_id = receiver.userid    LEFT OUTER JOIN tb_auditmessage ON tb_auditmessage.article_id = a.articleid    LEFT OUTER JOIN tb_institution ON a.inst_id = tb_institution.instid    LEFT OUTER JOIN tb_user AS copywriter ON a.copywriter_id = copywriter.userid    LEFT OUTER JOIN tb_user AS auditor ON a.auditor_id = auditor.userid    LEFT OUTER JOIN tb_attachment ON tb_attachment.article_id = a.articleid    LEFT OUTER JOIN tb_institution AS receiver_inst ON receiver.inst_id = receiver_inst.instid             WHERE 1=1                                                      ORDER BY tb_article.publishtime
### Cause: com.mysql.jdbc.exceptions.MySQLSyntaxErrorException: Unknown column &apos;tb_article.publishtime&apos; in &apos;order clause&apos;
; bad SQL grammar []; nested exception is com.mysql.jdbc.exceptions.MySQLSyntaxErrorException: Unknown column &apos;tb_article.publishtime&apos; in &apos;order clause&apos;" type="org.springframework.jdbc.BadSqlGrammarException">org.springframework.jdbc.BadSqlGrammarException: 
### Error querying database.  Cause: com.mysql.jdbc.exceptions.MySQLSyntaxErrorException: Unknown column &apos;tb_article.publishtime&apos; in &apos;order clause&apos;
### The error may exist in file [D:\envi\article\target\classes\cn\edu\nuc\article\dao\ArticleMapper.xml]
### The error may involve cn.edu.nuc.article.dao.ArticleMapper.selectListAll-Inline
### The error occurred while setting parameters
### SQL: SELECT DISTINCT    a.articleid,    a.title,    a.publishtime,    a.copywriter_id,    a.auditor_id,    a.inst_id,    a.processinstance_id,    a.articlestate,    receiver.userid AS receiverid,    receiver.usertruename AS receivername,    tb_auditmessage.auditdate,    tb_auditmessage.auditresult,    tb_auditmessage.auditmessage,    tb_institution.instid,    tb_institution.instname,    copywriter.usertruename AS copywritername,    copywriter.userid AS copywriterid,    auditor.userid AS auditorid,    auditor.usertruename AS auditorname,    tb_attachment.attachmentid,    tb_attachment.filename,    tb_attachment.attachtype,    tb_attachment.uploadtime,    tb_attachment.filesize,    tb_attachment.fileid,    receiver_inst.instname AS receiver_inst_name,    receiver_inst.instid AS receiver_inst_id,    (     SELECT DISTINCT      COUNT(*)     FROM      tb_log     LEFT OUTER JOIN tb_article ON tb_log.bussiness_id = tb_article.articleid     WHERE      tb_article.articleid = a.articleid     AND tb_log.optname = &apos;查看公文&apos;    ) AS clickcount,    (     SELECT DISTINCT      COUNT(*)     FROM      tb_log     LEFT OUTER JOIN tb_article ON tb_log.bussiness_id = tb_article.articleid     WHERE      tb_article.articleid = a.articleid     AND tb_log.optname = &apos;下载公文&apos;    ) AS downloadcount   FROM    tb_article AS a    LEFT OUTER JOIN tb_receive ON tb_receive.article_id = a.articleid    LEFT OUTER JOIN tb_user AS receiver ON tb_receive.receiver_id = receiver.userid    LEFT OUTER JOIN tb_auditmessage ON tb_auditmessage.article_id = a.articleid    LEFT OUTER JOIN tb_institution ON a.inst_id = tb_institution.instid    LEFT OUTER JOIN tb_user AS copywriter ON a.copywriter_id = copywriter.userid    LEFT OUTER JOIN tb_user AS auditor ON a.auditor_id = auditor.userid    LEFT OUTER JOIN tb_attachment ON tb_attachment.article_id = a.articleid    LEFT OUTER JOIN tb_institution AS receiver_inst ON receiver.inst_id = receiver_inst.instid             WHERE 1=1                                                      ORDER BY tb_article.publishtime
### Cause: com.mysql.jdbc.exceptions.MySQLSyntaxErrorException: Unknown column &apos;tb_article.publishtime&apos; in &apos;order clause&apos;
; bad SQL grammar []; nested exception is com.mysql.jdbc.exceptions.MySQLSyntaxErrorException: Unknown column &apos;tb_article.publishtime&apos; in &apos;order clause&apos;
	at org.springframework.jdbc.support.SQLErrorCodeSQLExceptionTranslator.doTranslate(SQLErrorCodeSQLExceptionTranslator.java:231)
	at org.springframework.jdbc.support.AbstractFallbackSQLExceptionTranslator.translate(AbstractFallbackSQLExceptionTranslator.java:73)
	at org.mybatis.spring.MyBatisExceptionTranslator.translateExceptionIfPossible(MyBatisExceptionTranslator.java:73)
	at org.mybatis.spring.SqlSessionTemplate$SqlSessionInterceptor.invoke(SqlSessionTemplate.java:446)
	at com.sun.proxy.$Proxy20.selectList(Unknown Source)
	at org.mybatis.spring.SqlSessionTemplate.selectList(SqlSessionTemplate.java:230)
	at org.apache.ibatis.binding.MapperMethod.executeForMany(MapperMethod.java:137)
	at org.apache.ibatis.binding.MapperMethod.execute(MapperMethod.java:75)
	at org.apache.ibatis.binding.MapperProxy.invoke(MapperProxy.java:59)
	at com.sun.proxy.$Proxy21.selectListAll(Unknown Source)
	at cn.edu.nuc.test.dao.ArticleMapperTest.testList(ArticleMapperTest.java:148)
	at sun.reflect.NativeMethodAccessorImpl.invoke0(Native Method)
	at sun.reflect.NativeMethodAccessorImpl.invoke(NativeMethodAccessorImpl.java:62)
	at sun.reflect.DelegatingMethodAccessorImpl.invoke(DelegatingMethodAccessorImpl.java:43)
	at java.lang.reflect.Method.invoke(Method.java:498)
	at org.junit.runners.model.FrameworkMethod$1.runReflectiveCall(FrameworkMethod.java:50)
	at org.junit.internal.runners.model.ReflectiveCallable.run(ReflectiveCallable.java:12)
	at org.junit.runners.model.FrameworkMethod.invokeExplosively(FrameworkMethod.java:47)
	at org.junit.internal.runners.statements.InvokeMethod.evaluate(InvokeMethod.java:17)
	at org.springframework.test.context.junit4.statements.RunBeforeTestMethodCallbacks.evaluate(RunBeforeTestMethodCallbacks.java:75)
	at org.springframework.test.context.junit4.statements.RunAfterTestMethodCallbacks.evaluate(RunAfterTestMethodCallbacks.java:86)
	at org.springframework.test.context.junit4.statements.SpringRepeat.evaluate(SpringRepeat.java:84)
	at org.junit.runners.ParentRunner.runLeaf(ParentRunner.java:325)
	at org.springframework.test.context.junit4.SpringJUnit4ClassRunner.runChild(SpringJUnit4ClassRunner.java:252)
	at org.springframework.test.context.junit4.SpringJUnit4ClassRunner.runChild(SpringJUnit4ClassRunner.java:94)
	at org.junit.runners.ParentRunner$3.run(ParentRunner.java:290)
	at org.junit.runners.ParentRunner$1.schedule(ParentRunner.java:71)
	at org.junit.runners.ParentRunner.runChildren(ParentRunner.java:288)
	at org.junit.runners.ParentRunner.access$000(ParentRunner.java:58)
	at org.junit.runners.ParentRunner$2.evaluate(ParentRunner.java:268)
	at org.springframework.test.context.junit4.statements.RunBeforeTestClassCallbacks.evaluate(RunBeforeTestClassCallbacks.java:61)
	at org.springframework.test.context.junit4.statements.RunAfterTestClassCallbacks.evaluate(RunAfterTestClassCallbacks.java:70)
	at org.junit.runners.ParentRunner.run(ParentRunner.java:363)
	at org.springframework.test.context.junit4.SpringJUnit4ClassRunner.run(SpringJUnit4ClassRunner.java:191)
	at org.apache.maven.surefire.junit4.JUnit4Provider.execute(JUnit4Provider.java:252)
	at org.apache.maven.surefire.junit4.JUnit4Provider.executeTestSet(JUnit4Provider.java:141)
	at org.apache.maven.surefire.junit4.JUnit4Provider.invoke(JUnit4Provider.java:112)
	at sun.reflect.NativeMethodAccessorImpl.invoke0(Native Method)
	at sun.reflect.NativeMethodAccessorImpl.invoke(NativeMethodAccessorImpl.java:62)
	at sun.reflect.DelegatingMethodAccessorImpl.invoke(DelegatingMethodAccessorImpl.java:43)
	at java.lang.reflect.Method.invoke(Method.java:498)
	at org.apache.maven.surefire.util.ReflectionUtils.invokeMethodWithArray(ReflectionUtils.java:189)
	at org.apache.maven.surefire.booter.ProviderFactory$ProviderProxy.invoke(ProviderFactory.java:165)
	at org.apache.maven.surefire.booter.ProviderFactory.invokeProvider(ProviderFactory.java:85)
	at org.apache.maven.surefire.booter.ForkedBooter.runSuitesInProcess(ForkedBooter.java:115)
	at org.apache.maven.surefire.booter.ForkedBooter.main(ForkedBooter.java:75)
Caused by: com.mysql.jdbc.exceptions.MySQLSyntaxErrorException: Unknown column &apos;tb_article.publishtime&apos; in &apos;order clause&apos;
	at com.mysql.jdbc.SQLError.createSQLException(SQLError.java:936)
	at com.mysql.jdbc.MysqlIO.checkErrorPacket(MysqlIO.java:2985)
	at com.mysql.jdbc.MysqlIO.sendCommand(MysqlIO.java:1631)
	at com.mysql.jdbc.MysqlIO.sqlQueryDirect(MysqlIO.java:1723)
	at com.mysql.jdbc.Connection.execSQL(Connection.java:3283)
	at com.mysql.jdbc.PreparedStatement.executeInternal(PreparedStatement.java:1332)
	at com.mysql.jdbc.PreparedStatement.execute(PreparedStatement.java:882)
	at com.mchange.v2.c3p0.impl.NewProxyPreparedStatement.execute(NewProxyPreparedStatement.java:67)
	at sun.reflect.NativeMethodAccessorImpl.invoke0(Native Method)
	at sun.reflect.NativeMethodAccessorImpl.invoke(NativeMethodAccessorImpl.java:62)
	at sun.reflect.DelegatingMethodAccessorImpl.invoke(DelegatingMethodAccessorImpl.java:43)
	at java.lang.reflect.Method.invoke(Method.java:498)
	at org.apache.ibatis.logging.jdbc.PreparedStatementLogger.invoke(PreparedStatementLogger.java:59)
	at com.sun.proxy.$Proxy36.execute(Unknown Source)
	at org.apache.ibatis.executor.statement.PreparedStatementHandler.query(PreparedStatementHandler.java:63)
	at org.apache.ibatis.executor.statement.RoutingStatementHandler.query(RoutingStatementHandler.java:79)
	at org.apache.ibatis.executor.SimpleExecutor.doQuery(SimpleExecutor.java:63)
	at org.apache.ibatis.executor.BaseExecutor.queryFromDatabase(BaseExecutor.java:324)
	at org.apache.ibatis.executor.BaseExecutor.query(BaseExecutor.java:156)
	at org.apache.ibatis.executor.CachingExecutor.query(CachingExecutor.java:109)
	at com.github.pagehelper.PageInterceptor.intercept(PageInterceptor.java:141)
	at org.apache.ibatis.plugin.Plugin.invoke(Plugin.java:61)
	at com.sun.proxy.$Proxy40.query(Unknown Source)
	at org.apache.ibatis.session.defaults.DefaultSqlSession.selectList(DefaultSqlSession.java:148)
	at org.apache.ibatis.session.defaults.DefaultSqlSession.selectList(DefaultSqlSession.java:141)
	at sun.reflect.NativeMethodAccessorImpl.invoke0(Native Method)
	at sun.reflect.NativeMethodAccessorImpl.invoke(NativeMethodAccessorImpl.java:62)
	at sun.reflect.DelegatingMethodAccessorImpl.invoke(DelegatingMethodAccessorImpl.java:43)
	at java.lang.reflect.Method.invoke(Method.java:498)
	at org.mybatis.spring.SqlSessionTemplate$SqlSessionInterceptor.invoke(SqlSessionTemplate.java:433)
	... 42 more
</error>
    <system-out>14:19:46.834 [main] DEBUG o.s.t.c.j.SpringJUnit4ClassRunner - SpringJUnit4ClassRunner constructor called with [class cn.edu.nuc.test.dao.ArticleMapperTest]
14:19:46.843 [main] DEBUG o.s.test.context.BootstrapUtils - Instantiating CacheAwareContextLoaderDelegate from class [org.springframework.test.context.cache.DefaultCacheAwareContextLoaderDelegate]
14:19:46.860 [main] DEBUG o.s.test.context.BootstrapUtils - Instantiating BootstrapContext using constructor [public org.springframework.test.context.support.DefaultBootstrapContext(java.lang.Class,org.springframework.test.context.CacheAwareContextLoaderDelegate)]
14:19:46.872 [main] DEBUG o.s.test.context.BootstrapUtils - Instantiating TestContextBootstrapper for test class [cn.edu.nuc.test.dao.ArticleMapperTest] from class [org.springframework.test.context.support.DefaultTestContextBootstrapper]
14:19:46.915 [main] DEBUG o.s.t.c.s.AbstractDelegatingSmartContextLoader - Delegating to GenericXmlContextLoader to process context configuration [ContextConfigurationAttributes@4eb7f003 declaringClass = &apos;cn.edu.nuc.test.dao.ArticleMapperTest&apos;, classes = &apos;{}&apos;, locations = &apos;{classpath:spring-context.xml, classpath:spring-activiti.xml}&apos;, inheritLocations = true, initializers = &apos;{}&apos;, inheritInitializers = true, name = [null], contextLoaderClass = &apos;org.springframework.test.context.ContextLoader&apos;].
14:19:46.933 [main] DEBUG o.s.t.c.support.ActiveProfilesUtils - Could not find an &apos;annotation declaring class&apos; for annotation type [org.springframework.test.context.ActiveProfiles] and class [cn.edu.nuc.test.dao.ArticleMapperTest]
14:19:46.955 [main] DEBUG o.s.t.c.s.DefaultTestContextBootstrapper - @TestExecutionListeners is not present for class [cn.edu.nuc.test.dao.ArticleMapperTest]: using defaults.
14:19:46.965 [main] INFO  o.s.t.c.s.DefaultTestContextBootstrapper - Loaded default TestExecutionListener class names from location [META-INF/spring.factories]: [org.springframework.test.context.web.ServletTestExecutionListener, org.springframework.test.context.support.DirtiesContextBeforeModesTestExecutionListener, org.springframework.test.context.support.DependencyInjectionTestExecutionListener, org.springframework.test.context.support.DirtiesContextTestExecutionListener, org.springframework.test.context.transaction.TransactionalTestExecutionListener, org.springframework.test.context.jdbc.SqlScriptsTestExecutionListener]
14:19:47.020 [main] INFO  o.s.t.c.s.DefaultTestContextBootstrapper - Using TestExecutionListeners: [org.springframework.test.context.web.ServletTestExecutionListener@1068e947, org.springframework.test.context.support.DirtiesContextBeforeModesTestExecutionListener@7dc222ae, org.springframework.test.context.support.DependencyInjectionTestExecutionListener@aecb35a, org.springframework.test.context.support.DirtiesContextTestExecutionListener@5fcd892a, org.springframework.test.context.transaction.TransactionalTestExecutionListener@8b87145, org.springframework.test.context.jdbc.SqlScriptsTestExecutionListener@6483f5ae]
14:19:47.023 [main] DEBUG o.s.t.annotation.ProfileValueUtils - Retrieved @ProfileValueSourceConfiguration [null] for test class [cn.edu.nuc.test.dao.ArticleMapperTest]
14:19:47.024 [main] DEBUG o.s.t.annotation.ProfileValueUtils - Retrieved ProfileValueSource type [class org.springframework.test.annotation.SystemProfileValueSource] for class [cn.edu.nuc.test.dao.ArticleMapperTest]
14:19:47.024 [main] DEBUG o.s.t.annotation.ProfileValueUtils - Retrieved @ProfileValueSourceConfiguration [null] for test class [cn.edu.nuc.test.dao.ArticleMapperTest]
14:19:47.024 [main] DEBUG o.s.t.annotation.ProfileValueUtils - Retrieved ProfileValueSource type [class org.springframework.test.annotation.SystemProfileValueSource] for class [cn.edu.nuc.test.dao.ArticleMapperTest]
14:19:47.035 [main] DEBUG o.s.t.c.s.AbstractDirtiesContextTestExecutionListener - Before test class: context [DefaultTestContext@4b9e255 testClass = ArticleMapperTest, testInstance = [null], testMethod = [null], testException = [null], mergedContextConfiguration = [MergedContextConfiguration@5e57643e testClass = ArticleMapperTest, locations = &apos;{classpath:spring-context.xml, classpath:spring-activiti.xml}&apos;, classes = &apos;{}&apos;, contextInitializerClasses = &apos;[]&apos;, activeProfiles = &apos;{}&apos;, propertySourceLocations = &apos;{}&apos;, propertySourceProperties = &apos;{}&apos;, contextCustomizers = set[[empty]], contextLoader = &apos;org.springframework.test.context.support.DelegatingSmartContextLoader&apos;, parent = [null]]], class annotated with @DirtiesContext [false] with mode [null].
14:19:47.036 [main] DEBUG o.s.t.annotation.ProfileValueUtils - Retrieved @ProfileValueSourceConfiguration [null] for test class [cn.edu.nuc.test.dao.ArticleMapperTest]
14:19:47.036 [main] DEBUG o.s.t.annotation.ProfileValueUtils - Retrieved ProfileValueSource type [class org.springframework.test.annotation.SystemProfileValueSource] for class [cn.edu.nuc.test.dao.ArticleMapperTest]
14:19:47.045 [main] DEBUG o.s.t.c.s.DependencyInjectionTestExecutionListener - Performing dependency injection for test context [[DefaultTestContext@4b9e255 testClass = ArticleMapperTest, testInstance = cn.edu.nuc.test.dao.ArticleMapperTest@71d15f18, testMethod = [null], testException = [null], mergedContextConfiguration = [MergedContextConfiguration@5e57643e testClass = ArticleMapperTest, locations = &apos;{classpath:spring-context.xml, classpath:spring-activiti.xml}&apos;, classes = &apos;{}&apos;, contextInitializerClasses = &apos;[]&apos;, activeProfiles = &apos;{}&apos;, propertySourceLocations = &apos;{}&apos;, propertySourceProperties = &apos;{}&apos;, contextCustomizers = set[[empty]], contextLoader = &apos;org.springframework.test.context.support.DelegatingSmartContextLoader&apos;, parent = [null]]]].
14:19:47.046 [main] DEBUG o.s.t.c.s.AbstractDelegatingSmartContextLoader - Delegating to GenericXmlContextLoader to load context from [MergedContextConfiguration@5e57643e testClass = ArticleMapperTest, locations = &apos;{classpath:spring-context.xml, classpath:spring-activiti.xml}&apos;, classes = &apos;{}&apos;, contextInitializerClasses = &apos;[]&apos;, activeProfiles = &apos;{}&apos;, propertySourceLocations = &apos;{}&apos;, propertySourceProperties = &apos;{}&apos;, contextCustomizers = set[[empty]], contextLoader = &apos;org.springframework.test.context.support.DelegatingSmartContextLoader&apos;, parent = [null]].
14:19:47.047 [main] DEBUG o.s.t.c.s.AbstractGenericContextLoader - Loading ApplicationContext for merged context configuration [[MergedContextConfiguration@5e57643e testClass = ArticleMapperTest, locations = &apos;{classpath:spring-context.xml, classpath:spring-activiti.xml}&apos;, classes = &apos;{}&apos;, contextInitializerClasses = &apos;[]&apos;, activeProfiles = &apos;{}&apos;, propertySourceLocations = &apos;{}&apos;, propertySourceProperties = &apos;{}&apos;, contextCustomizers = set[[empty]], contextLoader = &apos;org.springframework.test.context.support.DelegatingSmartContextLoader&apos;, parent = [null]]].
14:19:47.192 [main] DEBUG o.s.core.env.StandardEnvironment - Adding [systemProperties] PropertySource with lowest search precedence
14:19:47.195 [main] DEBUG o.s.core.env.StandardEnvironment - Adding [systemEnvironment] PropertySource with lowest search precedence
14:19:47.195 [main] DEBUG o.s.core.env.StandardEnvironment - Initialized StandardEnvironment with PropertySources [systemProperties,systemEnvironment]
14:19:47.243 [main] INFO  o.s.b.f.xml.XmlBeanDefinitionReader - Loading XML bean definitions from class path resource [spring-context.xml]
14:19:47.251 [main] DEBUG o.s.b.f.xml.DefaultDocumentLoader - Using JAXP provider [com.sun.org.apache.xerces.internal.jaxp.DocumentBuilderFactoryImpl]
14:19:47.289 [main] DEBUG o.s.b.f.xml.PluggableSchemaResolver - Loading schema mappings from [META-INF/spring.schemas]
14:19:47.291 [main] DEBUG o.s.b.f.xml.PluggableSchemaResolver - Loaded schema mappings: {http://www.springframework.org/schema/tx/spring-tx-2.5.xsd=org/springframework/transaction/config/spring-tx-2.5.xsd, http://www.springframework.org/schema/cache/spring-cache-4.2.xsd=org/springframework/cache/config/spring-cache-4.2.xsd, http://www.springframework.org/schema/aop/spring-aop-4.1.xsd=org/springframework/aop/config/spring-aop-4.1.xsd, http://www.springframework.org/schema/context/spring-context-3.1.xsd=org/springframework/context/config/spring-context-3.1.xsd, http://www.springframework.org/schema/jdbc/spring-jdbc-4.1.xsd=org/springframework/jdbc/config/spring-jdbc-4.1.xsd, http://www.springframework.org/schema/mvc/spring-mvc-4.1.xsd=org/springframework/web/servlet/config/spring-mvc-4.1.xsd, http://www.springframework.org/schema/util/spring-util-3.0.xsd=org/springframework/beans/factory/xml/spring-util-3.0.xsd, http://mybatis.org/schema/mybatis-spring-1.2.xsd=org/mybatis/spring/config/mybatis-spring-1.2.xsd, http://www.springframework.org/schema/aop/spring-aop-3.2.xsd=org/springframework/aop/config/spring-aop-3.2.xsd, http://www.springframework.org/schema/tool/spring-tool.xsd=org/springframework/beans/factory/xml/spring-tool-4.3.xsd, http://www.springframework.org/schema/lang/spring-lang-4.1.xsd=org/springframework/scripting/config/spring-lang-4.1.xsd, http://www.springframework.org/schema/context/spring-context-4.0.xsd=org/springframework/context/config/spring-context-4.0.xsd, http://www.springframework.org/schema/mvc/spring-mvc-3.2.xsd=org/springframework/web/servlet/config/spring-mvc-3.2.xsd, http://www.springframework.org/schema/beans/spring-beans-4.2.xsd=org/springframework/beans/factory/xml/spring-beans-4.2.xsd, http://www.springframework.org/schema/tool/spring-tool-4.1.xsd=org/springframework/beans/factory/xml/spring-tool-4.1.xsd, http://www.springframework.org/schema/lang/spring-lang-3.2.xsd=org/springframework/scripting/config/spring-lang-3.2.xsd, http://www.springframework.org/schema/cache/spring-cache-3.2.xsd=org/springframework/cache/config/spring-cache-3.2.xsd, http://www.springframework.org/schema/jee/spring-jee-4.1.xsd=org/springframework/ejb/config/spring-jee-4.1.xsd, http://www.springframework.org/schema/jdbc/spring-jdbc-3.1.xsd=org/springframework/jdbc/config/spring-jdbc-3.1.xsd, http://www.springframework.org/schema/util/spring-util-2.0.xsd=org/springframework/beans/factory/xml/spring-util-2.0.xsd, http://www.springframework.org/schema/task/spring-task-4.2.xsd=org/springframework/scheduling/config/spring-task-4.2.xsd, http://www.springframework.org/schema/tool/spring-tool-3.2.xsd=org/springframework/beans/factory/xml/spring-tool-3.2.xsd, http://www.springframework.org/schema/context/spring-context.xsd=org/springframework/context/config/spring-context-4.3.xsd, http://www.springframework.org/schema/cache/spring-cache-4.1.xsd=org/springframework/cache/config/spring-cache-4.1.xsd, http://www.springframework.org/schema/aop/spring-aop-4.0.xsd=org/springframework/aop/config/spring-aop-4.0.xsd, http://www.springframework.org/schema/jee/spring-jee-3.2.xsd=org/springframework/ejb/config/spring-jee-3.2.xsd, http://www.springframework.org/schema/context/spring-context-3.0.xsd=org/springframework/context/config/spring-context-3.0.xsd, http://www.springframework.org/schema/jdbc/spring-jdbc-4.0.xsd=org/springframework/jdbc/config/spring-jdbc-4.0.xsd, http://www.springframework.org/schema/mvc/spring-mvc-4.0.xsd=org/springframework/web/servlet/config/spring-mvc-4.0.xsd, http://www.springframework.org/schema/util/spring-util-4.3.xsd=org/springframework/beans/factory/xml/spring-util-4.3.xsd, http://www.springframework.org/schema/util/spring-util-2.5.xsd=org/springframework/beans/factory/xml/spring-util-2.5.xsd, http://www.springframework.org/schema/beans/spring-beans-3.2.xsd=org/springframework/beans/factory/xml/spring-beans-3.2.xsd, http://www.springframework.org/schema/aop/spring-aop-3.1.xsd=org/springframework/aop/config/spring-aop-3.1.xsd, http://www.springframework.org/schema/lang/spring-lang-4.0.xsd=org/springframework/scripting/config/spring-lang-4.0.xsd, http://www.springframework.org/schema/mvc/spring-mvc.xsd=org/springframework/web/servlet/config/spring-mvc-4.3.xsd, http://www.springframework.org/schema/mvc/spring-mvc-3.1.xsd=org/springframework/web/servlet/config/spring-mvc-3.1.xsd, http://www.springframework.org/schema/beans/spring-beans-4.1.xsd=org/springframework/beans/factory/xml/spring-beans-4.1.xsd, http://www.springframework.org/schema/tool/spring-tool-4.0.xsd=org/springframework/beans/factory/xml/spring-tool-4.0.xsd, http://www.springframework.org/schema/tx/spring-tx-3.2.xsd=org/springframework/transaction/config/spring-tx-3.2.xsd, http://www.springframework.org/schema/lang/spring-lang-3.1.xsd=org/springframework/scripting/config/spring-lang-3.1.xsd, http://www.springframework.org/schema/cache/spring-cache-3.1.xsd=org/springframework/cache/config/spring-cache-3.1.xsd, http://www.springframework.org/schema/jee/spring-jee-4.0.xsd=org/springframework/ejb/config/spring-jee-4.0.xsd, http://www.springframework.org/schema/jdbc/spring-jdbc-3.0.xsd=org/springframework/jdbc/config/spring-jdbc-3.0.xsd, http://www.springframework.org/schema/task/spring-task-4.1.xsd=org/springframework/scheduling/config/spring-task-4.1.xsd, http://www.springframework.org/schema/jdbc/spring-jdbc.xsd=org/springframework/jdbc/config/spring-jdbc-4.1.xsd, http://www.springframework.org/schema/tool/spring-tool-3.1.xsd=org/springframework/beans/factory/xml/spring-tool-3.1.xsd, http://www.springframework.org/schema/tx/spring-tx-4.1.xsd=org/springframework/transaction/config/spring-tx-4.1.xsd, http://www.springframework.org/schema/cache/spring-cache-4.0.xsd=org/springframework/cache/config/spring-cache-4.0.xsd, http://www.springframework.org/schema/jee/spring-jee-3.1.xsd=org/springframework/ejb/config/spring-jee-3.1.xsd, http://www.springframework.org/schema/util/spring-util-4.2.xsd=org/springframework/beans/factory/xml/spring-util-4.2.xsd, http://www.springframework.org/schema/task/spring-task-3.2.xsd=org/springframework/scheduling/config/spring-task-3.2.xsd, http://www.springframework.org/schema/beans/spring-beans-3.1.xsd=org/springframework/beans/factory/xml/spring-beans-3.1.xsd, http://www.springframework.org/schema/util/spring-util.xsd=org/springframework/beans/factory/xml/spring-util-4.3.xsd, http://www.springframework.org/schema/aop/spring-aop-3.0.xsd=org/springframework/aop/config/spring-aop-3.0.xsd, http://www.springframework.org/schema/mvc/spring-mvc-3.0.xsd=org/springframework/web/servlet/config/spring-mvc-3.0.xsd, http://www.springframework.org/schema/beans/spring-beans-4.0.xsd=org/springframework/beans/factory/xml/spring-beans-4.0.xsd, http://www.springframework.org/schema/beans/spring-beans.xsd=org/springframework/beans/factory/xml/spring-beans-4.3.xsd, http://www.springframework.org/schema/tx/spring-tx-3.1.xsd=org/springframework/transaction/config/spring-tx-3.1.xsd, http://mybatis.org/schema/mybatis-spring.xsd=org/mybatis/spring/config/mybatis-spring-1.2.xsd, http://www.springframework.org/schema/lang/spring-lang-3.0.xsd=org/springframework/scripting/config/spring-lang-3.0.xsd, http://www.springframework.org/schema/context/spring-context-2.5.xsd=org/springframework/context/config/spring-context-2.5.xsd, http://www.springframework.org/schema/context/spring-context-4.3.xsd=org/springframework/context/config/spring-context-4.3.xsd, http://www.springframework.org/schema/task/spring-task-4.0.xsd=org/springframework/scheduling/config/spring-task-4.0.xsd, http://www.springframework.org/schema/tool/spring-tool-3.0.xsd=org/springframework/beans/factory/xml/spring-tool-3.0.xsd, http://www.springframework.org/schema/tx/spring-tx-4.0.xsd=org/springframework/transaction/config/spring-tx-4.0.xsd, http://www.springframework.org/schema/aop/spring-aop-2.0.xsd=org/springframework/aop/config/spring-aop-2.0.xsd, http://www.springframework.org/schema/jee/spring-jee-3.0.xsd=org/springframework/ejb/config/spring-jee-3.0.xsd, http://www.springframework.org/schema/util/spring-util-4.1.xsd=org/springframework/beans/factory/xml/spring-util-4.1.xsd, http://www.springframework.org/schema/task/spring-task-3.1.xsd=org/springframework/scheduling/config/spring-task-3.1.xsd, http://www.springframework.org/schema/beans/spring-beans-3.0.xsd=org/springframework/beans/factory/xml/spring-beans-3.0.xsd, http://www.springframework.org/schema/jee/spring-jee.xsd=org/springframework/ejb/config/spring-jee-4.3.xsd, http://www.springframework.org/schema/aop/spring-aop-4.3.xsd=org/springframework/aop/config/spring-aop-4.3.xsd, http://www.springframework.org/schema/aop/spring-aop-2.5.xsd=org/springframework/aop/config/spring-aop-2.5.xsd, http://www.springframework.org/schema/lang/spring-lang-2.0.xsd=org/springframework/scripting/config/spring-lang-2.0.xsd, http://www.springframework.org/schema/mvc/spring-mvc-4.3.xsd=org/springframework/web/servlet/config/spring-mvc-4.3.xsd, http://www.springframework.org/schema/util/spring-util-3.2.xsd=org/springframework/beans/factory/xml/spring-util-3.2.xsd, http://www.springframework.org/schema/task/spring-task.xsd=org/springframework/scheduling/config/spring-task-4.3.xsd, http://www.springframework.org/schema/tool/spring-tool-2.0.xsd=org/springframework/beans/factory/xml/spring-tool-2.0.xsd, http://www.springframework.org/schema/tx/spring-tx-3.0.xsd=org/springframework/transaction/config/spring-tx-3.0.xsd, http://www.springframework.org/schema/lang/spring-lang-2.5.xsd=org/springframework/scripting/config/spring-lang-2.5.xsd, http://www.springframework.org/schema/lang/spring-lang-4.3.xsd=org/springframework/scripting/config/spring-lang-4.3.xsd, http://www.springframework.org/schema/context/spring-context-4.2.xsd=org/springframework/context/config/spring-context-4.2.xsd, http://www.springframework.org/schema/jee/spring-jee-2.0.xsd=org/springframework/ejb/config/spring-jee-2.0.xsd, http://www.springframework.org/schema/tool/spring-tool-4.3.xsd=org/springframework/beans/factory/xml/spring-tool-4.3.xsd, http://www.springframework.org/schema/tool/spring-tool-2.5.xsd=org/springframework/beans/factory/xml/spring-tool-2.5.xsd, http://www.springframework.org/schema/jee/spring-jee-4.3.xsd=org/springframework/ejb/config/spring-jee-4.3.xsd, http://www.springframework.org/schema/jee/spring-jee-2.5.xsd=org/springframework/ejb/config/spring-jee-2.5.xsd, http://www.springframework.org/schema/util/spring-util-4.0.xsd=org/springframework/beans/factory/xml/spring-util-4.0.xsd, http://www.springframework.org/schema/task/spring-task-3.0.xsd=org/springframework/scheduling/config/spring-task-3.0.xsd, http://www.springframework.org/schema/cache/spring-cache-4.3.xsd=org/springframework/cache/config/spring-cache-4.3.xsd, http://www.springframework.org/schema/aop/spring-aop-4.2.xsd=org/springframework/aop/config/spring-aop-4.2.xsd, http://www.springframework.org/schema/lang/spring-lang.xsd=org/springframework/scripting/config/spring-lang-4.3.xsd, http://www.springframework.org/schema/context/spring-context-3.2.xsd=org/springframework/context/config/spring-context-3.2.xsd, http://www.springframework.org/schema/mvc/spring-mvc-4.2.xsd=org/springframework/web/servlet/config/spring-mvc-4.2.xsd, http://www.springframework.org/schema/util/spring-util-3.1.xsd=org/springframework/beans/factory/xml/spring-util-3.1.xsd, http://www.springframework.org/schema/beans/spring-beans-2.0.xsd=org/springframework/beans/factory/xml/spring-beans-2.0.xsd, http://www.springframework.org/schema/cache/spring-cache.xsd=org/springframework/cache/config/spring-cache-4.3.xsd, http://www.springframework.org/schema/tx/spring-tx.xsd=org/springframework/transaction/config/spring-tx-4.1.xsd, http://www.springframework.org/schema/lang/spring-lang-4.2.xsd=org/springframework/scripting/config/spring-lang-4.2.xsd, http://www.springframework.org/schema/context/spring-context-4.1.xsd=org/springframework/context/config/spring-context-4.1.xsd, http://www.springframework.org/schema/beans/spring-beans-2.5.xsd=org/springframework/beans/factory/xml/spring-beans-2.5.xsd, http://www.springframework.org/schema/beans/spring-beans-4.3.xsd=org/springframework/beans/factory/xml/spring-beans-4.3.xsd, http://www.springframework.org/schema/tool/spring-tool-4.2.xsd=org/springframework/beans/factory/xml/spring-tool-4.2.xsd, http://www.springframework.org/schema/tx/spring-tx-2.0.xsd=org/springframework/transaction/config/spring-tx-2.0.xsd, http://www.springframework.org/schema/jee/spring-jee-4.2.xsd=org/springframework/ejb/config/spring-jee-4.2.xsd, http://www.springframework.org/schema/jdbc/spring-jdbc-3.2.xsd=org/springframework/jdbc/config/spring-jdbc-3.2.xsd, http://www.springframework.org/schema/aop/spring-aop.xsd=org/springframework/aop/config/spring-aop-4.3.xsd, http://www.springframework.org/schema/task/spring-task-4.3.xsd=org/springframework/scheduling/config/spring-task-4.3.xsd}
14:19:47.293 [main] DEBUG o.s.b.f.xml.PluggableSchemaResolver - Found XML schema [http://www.springframework.org/schema/beans/spring-beans.xsd] in classpath: org/springframework/beans/factory/xml/spring-beans-4.3.xsd
14:19:47.340 [main] DEBUG o.s.b.f.xml.PluggableSchemaResolver - Found XML schema [http://www.springframework.org/schema/context/spring-context-4.3.xsd] in classpath: org/springframework/context/config/spring-context-4.3.xsd
14:19:47.352 [main] DEBUG o.s.b.f.xml.PluggableSchemaResolver - Found XML schema [http://www.springframework.org/schema/tool/spring-tool-4.3.xsd] in classpath: org/springframework/beans/factory/xml/spring-tool-4.3.xsd
14:19:48.125 [main] DEBUG o.s.b.f.x.DefaultBeanDefinitionDocumentReader - Loading bean definitions
14:19:48.178 [main] DEBUG o.s.b.f.x.DefaultNamespaceHandlerResolver - Loaded NamespaceHandler mappings: {http://www.springframework.org/schema/p=org.springframework.beans.factory.xml.SimplePropertyNamespaceHandler, http://www.springframework.org/schema/mvc=org.springframework.web.servlet.config.MvcNamespaceHandler, http://www.springframework.org/schema/util=org.springframework.beans.factory.xml.UtilNamespaceHandler, http://www.springframework.org/schema/jee=org.springframework.ejb.config.JeeNamespaceHandler, http://www.springframework.org/schema/aop=org.springframework.aop.config.AopNamespaceHandler, http://www.springframework.org/schema/jdbc=org.springframework.jdbc.config.JdbcNamespaceHandler, http://www.springframework.org/schema/cache=org.springframework.cache.config.CacheNamespaceHandler, http://mybatis.org/schema/mybatis-spring=org.mybatis.spring.config.NamespaceHandler, http://www.springframework.org/schema/c=org.springframework.beans.factory.xml.SimpleConstructorNamespaceHandler, http://www.springframework.org/schema/tx=org.springframework.transaction.config.TxNamespaceHandler, http://www.springframework.org/schema/task=org.springframework.scheduling.config.TaskNamespaceHandler, http://www.springframework.org/schema/lang=org.springframework.scripting.config.LangNamespaceHandler, http://www.springframework.org/schema/context=org.springframework.context.config.ContextNamespaceHandler}
14:19:48.212 [main] DEBUG o.s.b.f.x.BeanDefinitionParserDelegate - Neither XML &apos;id&apos; nor &apos;name&apos; specified - using generated bean name [org.mybatis.spring.mapper.MapperScannerConfigurer#0]
14:19:48.237 [main] DEBUG o.s.c.i.s.PathMatchingResourcePatternResolver - Resolved classpath location [cn/edu/nuc/article/] to resources [URL [file:/D:/envi/article/target/classes/cn/edu/nuc/article/]]
14:19:48.237 [main] DEBUG o.s.c.i.s.PathMatchingResourcePatternResolver - Looking for matching resources in directory tree [D:\envi\article\target\classes\cn\edu\nuc\article]
14:19:48.238 [main] DEBUG o.s.c.i.s.PathMatchingResourcePatternResolver - Searching directory [D:\envi\article\target\classes\cn\edu\nuc\article] for files matching pattern [D:/envi/article/target/classes/cn/edu/nuc/article/**/*.class]
14:19:48.240 [main] DEBUG o.s.c.i.s.PathMatchingResourcePatternResolver - Searching directory [D:\envi\article\target\classes\cn\edu\nuc\article\controller] for files matching pattern [D:/envi/article/target/classes/cn/edu/nuc/article/**/*.class]
14:19:48.241 [main] DEBUG o.s.c.i.s.PathMatchingResourcePatternResolver - Searching directory [D:\envi\article\target\classes\cn\edu\nuc\article\dao] for files matching pattern [D:/envi/article/target/classes/cn/edu/nuc/article/**/*.class]
14:19:48.243 [main] DEBUG o.s.c.i.s.PathMatchingResourcePatternResolver - Searching directory [D:\envi\article\target\classes\cn\edu\nuc\article\dto] for files matching pattern [D:/envi/article/target/classes/cn/edu/nuc/article/**/*.class]
14:19:48.244 [main] DEBUG o.s.c.i.s.PathMatchingResourcePatternResolver - Searching directory [D:\envi\article\target\classes\cn\edu\nuc\article\entity] for files matching pattern [D:/envi/article/target/classes/cn/edu/nuc/article/**/*.class]
14:19:48.245 [main] DEBUG o.s.c.i.s.PathMatchingResourcePatternResolver - Searching directory [D:\envi\article\target\classes\cn\edu\nuc\article\filter] for files matching pattern [D:/envi/article/target/classes/cn/edu/nuc/article/**/*.class]
14:19:48.246 [main] DEBUG o.s.c.i.s.PathMatchingResourcePatternResolver - Searching directory [D:\envi\article\target\classes\cn\edu\nuc\article\interceptor] for files matching pattern [D:/envi/article/target/classes/cn/edu/nuc/article/**/*.class]
14:19:48.246 [main] DEBUG o.s.c.i.s.PathMatchingResourcePatternResolver - Searching directory [D:\envi\article\target\classes\cn\edu\nuc\article\service] for files matching pattern [D:/envi/article/target/classes/cn/edu/nuc/article/**/*.class]
14:19:48.248 [main] DEBUG o.s.c.i.s.PathMatchingResourcePatternResolver - Searching directory [D:\envi\article\target\classes\cn\edu\nuc\article\util] for files matching pattern [D:/envi/article/target/classes/cn/edu/nuc/article/**/*.class]
14:19:48.249 [main] DEBUG o.s.c.i.s.PathMatchingResourcePatternResolver - Searching directory [D:\envi\article\target\classes\cn\edu\nuc\article\validategroup] for files matching pattern [D:/envi/article/target/classes/cn/edu/nuc/article/**/*.class]
14:19:48.251 [main] DEBUG o.s.c.i.s.PathMatchingResourcePatternResolver - Resolved location pattern [classpath*:cn/edu/nuc/article/**/*.class] to resources [file [D:\envi\article\target\classes\cn\edu\nuc\article\controller\ArticleController.class], file [D:\envi\article\target\classes\cn\edu\nuc\article\controller\AttachmentController.class], file [D:\envi\article\target\classes\cn\edu\nuc\article\controller\FunctionController.class], file [D:\envi\article\target\classes\cn\edu\nuc\article\controller\InstitutionController.class], file [D:\envi\article\target\classes\cn\edu\nuc\article\controller\LogController.class], file [D:\envi\article\target\classes\cn\edu\nuc\article\controller\LoginController.class], file [D:\envi\article\target\classes\cn\edu\nuc\article\controller\RoleController.class], file [D:\envi\article\target\classes\cn\edu\nuc\article\controller\UserController.class], file [D:\envi\article\target\classes\cn\edu\nuc\article\controller\WorkFlowController.class], file [D:\envi\article\target\classes\cn\edu\nuc\article\dao\ArticleMapper.class], file [D:\envi\article\target\classes\cn\edu\nuc\article\dao\AttachmentMapper.class], file [D:\envi\article\target\classes\cn\edu\nuc\article\dao\AuditMessageMapper.class], file [D:\envi\article\target\classes\cn\edu\nuc\article\dao\FunctionMapper.class], file [D:\envi\article\target\classes\cn\edu\nuc\article\dao\InstitutionMapper.class], file [D:\envi\article\target\classes\cn\edu\nuc\article\dao\LogMapper.class], file [D:\envi\article\target\classes\cn\edu\nuc\article\dao\ReceiveMapper.class], file [D:\envi\article\target\classes\cn\edu\nuc\article\dao\RoleMapper.class], file [D:\envi\article\target\classes\cn\edu\nuc\article\dao\UserMapper.class], file [D:\envi\article\target\classes\cn\edu\nuc\article\dto\State.class], file [D:\envi\article\target\classes\cn\edu\nuc\article\dto\TreeDto.class], file [D:\envi\article\target\classes\cn\edu\nuc\article\entity\Article.class], file [D:\envi\article\target\classes\cn\edu\nuc\article\entity\Attachment.class], file [D:\envi\article\target\classes\cn\edu\nuc\article\entity\AuditMessage.class], file [D:\envi\article\target\classes\cn\edu\nuc\article\entity\Function.class], file [D:\envi\article\target\classes\cn\edu\nuc\article\entity\Institution.class], file [D:\envi\article\target\classes\cn\edu\nuc\article\entity\Log.class], file [D:\envi\article\target\classes\cn\edu\nuc\article\entity\Role.class], file [D:\envi\article\target\classes\cn\edu\nuc\article\entity\User.class], file [D:\envi\article\target\classes\cn\edu\nuc\article\filter\XssFilter.class], file [D:\envi\article\target\classes\cn\edu\nuc\article\filter\XssHttpServletRequestWrapper.class], file [D:\envi\article\target\classes\cn\edu\nuc\article\interceptor\LoginInterceptor.class], file [D:\envi\article\target\classes\cn\edu\nuc\article\service\ArticleService.class], file [D:\envi\article\target\classes\cn\edu\nuc\article\service\AttachmentService.class], file [D:\envi\article\target\classes\cn\edu\nuc\article\service\AuditMessageService.class], file [D:\envi\article\target\classes\cn\edu\nuc\article\service\FileService.class], file [D:\envi\article\target\classes\cn\edu\nuc\article\service\FunctionService.class], file [D:\envi\article\target\classes\cn\edu\nuc\article\service\InstitutionService.class], file [D:\envi\article\target\classes\cn\edu\nuc\article\service\LogService.class], file [D:\envi\article\target\classes\cn\edu\nuc\article\service\ReceiveService.class], file [D:\envi\article\target\classes\cn\edu\nuc\article\service\RoleService.class], file [D:\envi\article\target\classes\cn\edu\nuc\article\service\UserService.class], file [D:\envi\article\target\classes\cn\edu\nuc\article\service\WorkFlowDefinationService.class], file [D:\envi\article\target\classes\cn\edu\nuc\article\util\CodeUtil.class], file [D:\envi\article\target\classes\cn\edu\nuc\article\util\ExcelTools.class], file [D:\envi\article\target\classes\cn\edu\nuc\article\util\IpUtil.class], file [D:\envi\article\target\classes\cn\edu\nuc\article\util\KeyProvider.class], file [D:\envi\article\target\classes\cn\edu\nuc\article\util\MD5Helper.class], file [D:\envi\article\target\classes\cn\edu\nuc\article\validategroup\UserValidateGroupForInsert.class], file [D:\envi\article\target\classes\cn\edu\nuc\article\validategroup\UserValidateGroupForPasswordModify.class], file [D:\envi\article\target\classes\cn\edu\nuc\article\validategroup\UserValidateGroupForUpdate.class], file [D:\envi\article\target\classes\cn\edu\nuc\article\validategroup\UserValidateGroupForUserModify.class]]
14:19:48.328 [main] DEBUG o.s.c.a.ClassPathBeanDefinitionScanner - Identified candidate component class: file [D:\envi\article\target\classes\cn\edu\nuc\article\service\ArticleService.class]
14:19:48.328 [main] DEBUG o.s.c.a.ClassPathBeanDefinitionScanner - Identified candidate component class: file [D:\envi\article\target\classes\cn\edu\nuc\article\service\AttachmentService.class]
14:19:48.329 [main] DEBUG o.s.c.a.ClassPathBeanDefinitionScanner - Identified candidate component class: file [D:\envi\article\target\classes\cn\edu\nuc\article\service\AuditMessageService.class]
14:19:48.330 [main] DEBUG o.s.c.a.ClassPathBeanDefinitionScanner - Identified candidate component class: file [D:\envi\article\target\classes\cn\edu\nuc\article\service\FileService.class]
14:19:48.330 [main] DEBUG o.s.c.a.ClassPathBeanDefinitionScanner - Identified candidate component class: file [D:\envi\article\target\classes\cn\edu\nuc\article\service\FunctionService.class]
14:19:48.331 [main] DEBUG o.s.c.a.ClassPathBeanDefinitionScanner - Identified candidate component class: file [D:\envi\article\target\classes\cn\edu\nuc\article\service\InstitutionService.class]
14:19:48.341 [main] DEBUG o.s.c.a.ClassPathBeanDefinitionScanner - Identified candidate component class: file [D:\envi\article\target\classes\cn\edu\nuc\article\service\LogService.class]
14:19:48.342 [main] DEBUG o.s.c.a.ClassPathBeanDefinitionScanner - Identified candidate component class: file [D:\envi\article\target\classes\cn\edu\nuc\article\service\ReceiveService.class]
14:19:48.344 [main] DEBUG o.s.c.a.ClassPathBeanDefinitionScanner - Identified candidate component class: file [D:\envi\article\target\classes\cn\edu\nuc\article\service\RoleService.class]
14:19:48.345 [main] DEBUG o.s.c.a.ClassPathBeanDefinitionScanner - Identified candidate component class: file [D:\envi\article\target\classes\cn\edu\nuc\article\service\UserService.class]
14:19:48.346 [main] DEBUG o.s.c.a.ClassPathBeanDefinitionScanner - Identified candidate component class: file [D:\envi\article\target\classes\cn\edu\nuc\article\service\WorkFlowDefinationService.class]
14:19:48.371 [main] DEBUG o.s.b.f.xml.XmlBeanDefinitionReader - Loaded 26 bean definitions from location pattern [classpath:spring-context.xml]
14:19:48.372 [main] INFO  o.s.b.f.xml.XmlBeanDefinitionReader - Loading XML bean definitions from class path resource [spring-activiti.xml]
14:19:48.374 [main] DEBUG o.s.b.f.xml.DefaultDocumentLoader - Using JAXP provider [com.sun.org.apache.xerces.internal.jaxp.DocumentBuilderFactoryImpl]
14:19:48.375 [main] DEBUG o.s.b.f.xml.PluggableSchemaResolver - Found XML schema [http://www.springframework.org/schema/beans/spring-beans.xsd] in classpath: org/springframework/beans/factory/xml/spring-beans-4.3.xsd
14:19:48.397 [main] DEBUG o.s.b.f.x.DefaultBeanDefinitionDocumentReader - Loading bean definitions
14:19:48.399 [main] DEBUG o.s.b.f.xml.XmlBeanDefinitionReader - Loaded 8 bean definitions from location pattern [classpath:spring-activiti.xml]
14:19:48.403 [main] INFO  o.s.c.s.GenericApplicationContext - Refreshing org.springframework.context.support.GenericApplicationContext@5e25a92e: startup date [Wed Nov 27 14:19:48 CST 2019]; root of context hierarchy
14:19:48.403 [main] DEBUG o.s.c.s.GenericApplicationContext - Bean factory for org.springframework.context.support.GenericApplicationContext@5e25a92e: org.springframework.beans.factory.support.DefaultListableBeanFactory@1e178745: defining beans [org.springframework.context.support.PropertySourcesPlaceholderConfigurer#0,dataSource,sqlSessionFactory,org.mybatis.spring.mapper.MapperScannerConfigurer#0,transactionManager,org.springframework.aop.config.internalAutoProxyCreator,org.springframework.transaction.annotation.AnnotationTransactionAttributeSource#0,org.springframework.transaction.interceptor.TransactionInterceptor#0,org.springframework.transaction.config.internalTransactionAdvisor,articleService,attachmentService,auditMessageService,fileService,functionService,institutionService,logService,receiveService,roleService,userService,workFlowDefinationService,org.springframework.context.annotation.internalConfigurationAnnotationProcessor,org.springframework.context.annotation.internalAutowiredAnnotationProcessor,org.springframework.context.annotation.internalRequiredAnnotationProcessor,org.springframework.context.annotation.internalCommonAnnotationProcessor,org.springframework.context.event.internalEventListenerProcessor,org.springframework.context.event.internalEventListenerFactory,processEngineConfiguration,processEngine,repositoryService,runtimeService,taskService,historyService,formService,identityService]; root of factory hierarchy
14:19:48.478 [main] DEBUG o.s.b.f.s.DefaultListableBeanFactory - Creating shared instance of singleton bean &apos;org.springframework.context.annotation.internalConfigurationAnnotationProcessor&apos;
14:19:48.478 [main] DEBUG o.s.b.f.s.DefaultListableBeanFactory - Creating instance of bean &apos;org.springframework.context.annotation.internalConfigurationAnnotationProcessor&apos;
14:19:48.519 [main] DEBUG o.s.b.f.s.DefaultListableBeanFactory - Eagerly caching bean &apos;org.springframework.context.annotation.internalConfigurationAnnotationProcessor&apos; to allow for resolving potential circular references
14:19:48.522 [main] DEBUG o.s.b.f.s.DefaultListableBeanFactory - Finished creating instance of bean &apos;org.springframework.context.annotation.internalConfigurationAnnotationProcessor&apos;
14:19:48.592 [main] DEBUG o.s.b.f.s.DefaultListableBeanFactory - Creating shared instance of singleton bean &apos;org.mybatis.spring.mapper.MapperScannerConfigurer#0&apos;
14:19:48.592 [main] DEBUG o.s.b.f.s.DefaultListableBeanFactory - Creating instance of bean &apos;org.mybatis.spring.mapper.MapperScannerConfigurer#0&apos;
14:19:48.593 [main] DEBUG o.s.b.f.s.DefaultListableBeanFactory - Eagerly caching bean &apos;org.mybatis.spring.mapper.MapperScannerConfigurer#0&apos; to allow for resolving potential circular references
14:19:48.626 [main] DEBUG o.s.b.f.s.DefaultListableBeanFactory - Invoking afterPropertiesSet() on bean with name &apos;org.mybatis.spring.mapper.MapperScannerConfigurer#0&apos;
14:19:48.627 [main] DEBUG o.s.b.f.s.DefaultListableBeanFactory - Finished creating instance of bean &apos;org.mybatis.spring.mapper.MapperScannerConfigurer#0&apos;
14:19:48.629 [main] DEBUG o.s.core.env.StandardEnvironment - Adding [systemProperties] PropertySource with lowest search precedence
14:19:48.629 [main] DEBUG o.s.core.env.StandardEnvironment - Adding [systemEnvironment] PropertySource with lowest search precedence
14:19:48.629 [main] DEBUG o.s.core.env.StandardEnvironment - Initialized StandardEnvironment with PropertySources [systemProperties,systemEnvironment]
14:19:48.632 [main] DEBUG o.s.c.i.s.PathMatchingResourcePatternResolver - Resolved classpath location [cn/edu/nuc/article/dao/] to resources [URL [file:/D:/envi/article/target/classes/cn/edu/nuc/article/dao/]]
14:19:48.632 [main] DEBUG o.s.c.i.s.PathMatchingResourcePatternResolver - Looking for matching resources in directory tree [D:\envi\article\target\classes\cn\edu\nuc\article\dao]
14:19:48.632 [main] DEBUG o.s.c.i.s.PathMatchingResourcePatternResolver - Searching directory [D:\envi\article\target\classes\cn\edu\nuc\article\dao] for files matching pattern [D:/envi/article/target/classes/cn/edu/nuc/article/dao/**/*.class]
14:19:48.661 [main] DEBUG o.s.c.i.s.PathMatchingResourcePatternResolver - Resolved location pattern [classpath*:cn/edu/nuc/article/dao/**/*.class] to resources [file [D:\envi\article\target\classes\cn\edu\nuc\article\dao\ArticleMapper.class], file [D:\envi\article\target\classes\cn\edu\nuc\article\dao\AttachmentMapper.class], file [D:\envi\article\target\classes\cn\edu\nuc\article\dao\AuditMessageMapper.class], file [D:\envi\article\target\classes\cn\edu\nuc\article\dao\FunctionMapper.class], file [D:\envi\article\target\classes\cn\edu\nuc\article\dao\InstitutionMapper.class], file [D:\envi\article\target\classes\cn\edu\nuc\article\dao\LogMapper.class], file [D:\envi\article\target\classes\cn\edu\nuc\article\dao\ReceiveMapper.class], file [D:\envi\article\target\classes\cn\edu\nuc\article\dao\RoleMapper.class], file [D:\envi\article\target\classes\cn\edu\nuc\article\dao\UserMapper.class]]
14:19:48.673 [main] DEBUG o.m.s.mapper.ClassPathMapperScanner - Identified candidate component class: file [D:\envi\article\target\classes\cn\edu\nuc\article\dao\ArticleMapper.class]
14:19:48.674 [main] DEBUG o.m.s.mapper.ClassPathMapperScanner - Identified candidate component class: file [D:\envi\article\target\classes\cn\edu\nuc\article\dao\AttachmentMapper.class]
14:19:48.674 [main] DEBUG o.m.s.mapper.ClassPathMapperScanner - Identified candidate component class: file [D:\envi\article\target\classes\cn\edu\nuc\article\dao\AuditMessageMapper.class]
14:19:48.675 [main] DEBUG o.m.s.mapper.ClassPathMapperScanner - Identified candidate component class: file [D:\envi\article\target\classes\cn\edu\nuc\article\dao\FunctionMapper.class]
14:19:48.675 [main] DEBUG o.m.s.mapper.ClassPathMapperScanner - Identified candidate component class: file [D:\envi\article\target\classes\cn\edu\nuc\article\dao\InstitutionMapper.class]
14:19:48.676 [main] DEBUG o.m.s.mapper.ClassPathMapperScanner - Identified candidate component class: file [D:\envi\article\target\classes\cn\edu\nuc\article\dao\LogMapper.class]
14:19:48.677 [main] DEBUG o.m.s.mapper.ClassPathMapperScanner - Identified candidate component class: file [D:\envi\article\target\classes\cn\edu\nuc\article\dao\ReceiveMapper.class]
14:19:48.677 [main] DEBUG o.m.s.mapper.ClassPathMapperScanner - Identified candidate component class: file [D:\envi\article\target\classes\cn\edu\nuc\article\dao\RoleMapper.class]
14:19:48.677 [main] DEBUG o.m.s.mapper.ClassPathMapperScanner - Identified candidate component class: file [D:\envi\article\target\classes\cn\edu\nuc\article\dao\UserMapper.class]
14:19:48.678 [main] DEBUG o.m.s.mapper.ClassPathMapperScanner - Creating MapperFactoryBean with name &apos;articleMapper&apos; and &apos;cn.edu.nuc.article.dao.ArticleMapper&apos; mapperInterface
14:19:48.679 [main] DEBUG o.m.s.mapper.ClassPathMapperScanner - Creating MapperFactoryBean with name &apos;attachmentMapper&apos; and &apos;cn.edu.nuc.article.dao.AttachmentMapper&apos; mapperInterface
14:19:48.679 [main] DEBUG o.m.s.mapper.ClassPathMapperScanner - Creating MapperFactoryBean with name &apos;auditMessageMapper&apos; and &apos;cn.edu.nuc.article.dao.AuditMessageMapper&apos; mapperInterface
14:19:48.679 [main] DEBUG o.m.s.mapper.ClassPathMapperScanner - Creating MapperFactoryBean with name &apos;functionMapper&apos; and &apos;cn.edu.nuc.article.dao.FunctionMapper&apos; mapperInterface
14:19:48.679 [main] DEBUG o.m.s.mapper.ClassPathMapperScanner - Creating MapperFactoryBean with name &apos;institutionMapper&apos; and &apos;cn.edu.nuc.article.dao.InstitutionMapper&apos; mapperInterface
14:19:48.679 [main] DEBUG o.m.s.mapper.ClassPathMapperScanner - Creating MapperFactoryBean with name &apos;logMapper&apos; and &apos;cn.edu.nuc.article.dao.LogMapper&apos; mapperInterface
14:19:48.680 [main] DEBUG o.m.s.mapper.ClassPathMapperScanner - Creating MapperFactoryBean with name &apos;receiveMapper&apos; and &apos;cn.edu.nuc.article.dao.ReceiveMapper&apos; mapperInterface
14:19:48.680 [main] DEBUG o.m.s.mapper.ClassPathMapperScanner - Creating MapperFactoryBean with name &apos;roleMapper&apos; and &apos;cn.edu.nuc.article.dao.RoleMapper&apos; mapperInterface
14:19:48.680 [main] DEBUG o.m.s.mapper.ClassPathMapperScanner - Creating MapperFactoryBean with name &apos;userMapper&apos; and &apos;cn.edu.nuc.article.dao.UserMapper&apos; mapperInterface
14:19:48.690 [main] DEBUG o.s.b.f.s.DefaultListableBeanFactory - Creating shared instance of singleton bean &apos;org.springframework.context.support.PropertySourcesPlaceholderConfigurer#0&apos;
14:19:48.691 [main] DEBUG o.s.b.f.s.DefaultListableBeanFactory - Creating instance of bean &apos;org.springframework.context.support.PropertySourcesPlaceholderConfigurer#0&apos;
14:19:48.692 [main] DEBUG o.s.b.f.s.DefaultListableBeanFactory - Eagerly caching bean &apos;org.springframework.context.support.PropertySourcesPlaceholderConfigurer#0&apos; to allow for resolving potential circular references
14:19:48.810 [main] DEBUG o.s.b.f.s.DefaultListableBeanFactory - Finished creating instance of bean &apos;org.springframework.context.support.PropertySourcesPlaceholderConfigurer#0&apos;
14:19:48.811 [main] DEBUG o.s.core.env.MutablePropertySources - Adding [environmentProperties] PropertySource with lowest search precedence
14:19:48.811 [main] INFO  o.s.c.s.PropertySourcesPlaceholderConfigurer - Loading properties file from class path resource [jdbc.properties]
14:19:48.811 [main] DEBUG o.s.core.env.MutablePropertySources - Adding [localProperties] PropertySource with lowest search precedence
14:19:48.814 [main] DEBUG o.s.c.e.PropertySourcesPropertyResolver - Could not find key &apos;mysql.driverClass&apos; in any property source
14:19:48.814 [main] DEBUG o.s.c.e.PropertySourcesPropertyResolver - Found key &apos;mysql.driverClass&apos; in [localProperties] with type [String]
14:19:48.816 [main] DEBUG o.s.c.e.PropertySourcesPropertyResolver - Could not find key &apos;mysql.url&apos; in any property source
14:19:48.816 [main] DEBUG o.s.c.e.PropertySourcesPropertyResolver - Found key &apos;mysql.url&apos; in [localProperties] with type [String]
14:19:48.816 [main] DEBUG o.s.c.e.PropertySourcesPropertyResolver - Could not find key &apos;mysql.username&apos; in any property source
14:19:48.816 [main] DEBUG o.s.c.e.PropertySourcesPropertyResolver - Found key &apos;mysql.username&apos; in [localProperties] with type [String]
14:19:48.817 [main] DEBUG o.s.c.e.PropertySourcesPropertyResolver - Could not find key &apos;mysql.password&apos; in any property source
14:19:48.817 [main] DEBUG o.s.c.e.PropertySourcesPropertyResolver - Found key &apos;mysql.password&apos; in [localProperties] with type [String]
14:19:48.817 [main] DEBUG o.s.c.e.PropertySourcesPropertyResolver - Could not find key &apos;c3p0.acquireIncrement&apos; in any property source
14:19:48.817 [main] DEBUG o.s.c.e.PropertySourcesPropertyResolver - Found key &apos;c3p0.acquireIncrement&apos; in [localProperties] with type [String]
14:19:48.817 [main] DEBUG o.s.c.e.PropertySourcesPropertyResolver - Could not find key &apos;c3p0.maxPoolSize&apos; in any property source
14:19:48.817 [main] DEBUG o.s.c.e.PropertySourcesPropertyResolver - Found key &apos;c3p0.maxPoolSize&apos; in [localProperties] with type [String]
14:19:48.817 [main] DEBUG o.s.c.e.PropertySourcesPropertyResolver - Could not find key &apos;c3p0.minPoolSize&apos; in any property source
14:19:48.818 [main] DEBUG o.s.c.e.PropertySourcesPropertyResolver - Found key &apos;c3p0.minPoolSize&apos; in [localProperties] with type [String]
14:19:48.818 [main] DEBUG o.s.c.e.PropertySourcesPropertyResolver - Could not find key &apos;c3p0.initialPoolSize&apos; in any property source
14:19:48.818 [main] DEBUG o.s.c.e.PropertySourcesPropertyResolver - Found key &apos;c3p0.initialPoolSize&apos; in [localProperties] with type [String]
14:19:48.818 [main] DEBUG o.s.c.e.PropertySourcesPropertyResolver - Could not find key &apos;c3p0.maxIdleTime&apos; in any property source
14:19:48.818 [main] DEBUG o.s.c.e.PropertySourcesPropertyResolver - Found key &apos;c3p0.maxIdleTime&apos; in [localProperties] with type [String]
14:19:48.818 [main] DEBUG o.s.c.e.PropertySourcesPropertyResolver - Could not find key &apos;c3p0.maxStatements&apos; in any property source
14:19:48.818 [main] DEBUG o.s.c.e.PropertySourcesPropertyResolver - Found key &apos;c3p0.maxStatements&apos; in [localProperties] with type [String]
14:19:48.818 [main] DEBUG o.s.c.e.PropertySourcesPropertyResolver - Could not find key &apos;c3p0.maxStatementsPerConnection&apos; in any property source
14:19:48.819 [main] DEBUG o.s.c.e.PropertySourcesPropertyResolver - Found key &apos;c3p0.maxStatementsPerConnection&apos; in [localProperties] with type [String]
14:19:48.819 [main] DEBUG o.s.c.e.PropertySourcesPropertyResolver - Could not find key &apos;c3p0.idleConnectionTestPeriod&apos; in any property source
14:19:48.819 [main] DEBUG o.s.c.e.PropertySourcesPropertyResolver - Found key &apos;c3p0.idleConnectionTestPeriod&apos; in [localProperties] with type [String]
14:19:48.822 [main] DEBUG o.s.b.f.s.DefaultListableBeanFactory - Creating shared instance of singleton bean &apos;org.springframework.context.annotation.internalAutowiredAnnotationProcessor&apos;
14:19:48.822 [main] DEBUG o.s.b.f.s.DefaultListableBeanFactory - Creating instance of bean &apos;org.springframework.context.annotation.internalAutowiredAnnotationProcessor&apos;
14:19:48.823 [main] DEBUG o.s.b.f.s.DefaultListableBeanFactory - Eagerly caching bean &apos;org.springframework.context.annotation.internalAutowiredAnnotationProcessor&apos; to allow for resolving potential circular references
14:19:48.823 [main] DEBUG o.s.b.f.s.DefaultListableBeanFactory - Finished creating instance of bean &apos;org.springframework.context.annotation.internalAutowiredAnnotationProcessor&apos;
14:19:48.823 [main] DEBUG o.s.b.f.s.DefaultListableBeanFactory - Creating shared instance of singleton bean &apos;org.springframework.context.annotation.internalRequiredAnnotationProcessor&apos;
14:19:48.823 [main] DEBUG o.s.b.f.s.DefaultListableBeanFactory - Creating instance of bean &apos;org.springframework.context.annotation.internalRequiredAnnotationProcessor&apos;
14:19:48.823 [main] DEBUG o.s.b.f.s.DefaultListableBeanFactory - Eagerly caching bean &apos;org.springframework.context.annotation.internalRequiredAnnotationProcessor&apos; to allow for resolving potential circular references
14:19:48.824 [main] DEBUG o.s.b.f.s.DefaultListableBeanFactory - Finished creating instance of bean &apos;org.springframework.context.annotation.internalRequiredAnnotationProcessor&apos;
14:19:48.824 [main] DEBUG o.s.b.f.s.DefaultListableBeanFactory - Creating shared instance of singleton bean &apos;org.springframework.context.annotation.internalCommonAnnotationProcessor&apos;
14:19:48.824 [main] DEBUG o.s.b.f.s.DefaultListableBeanFactory - Creating instance of bean &apos;org.springframework.context.annotation.internalCommonAnnotationProcessor&apos;
14:19:48.828 [main] DEBUG o.s.b.f.s.DefaultListableBeanFactory - Eagerly caching bean &apos;org.springframework.context.annotation.internalCommonAnnotationProcessor&apos; to allow for resolving potential circular references
14:19:48.828 [main] DEBUG o.s.b.f.s.DefaultListableBeanFactory - Finished creating instance of bean &apos;org.springframework.context.annotation.internalCommonAnnotationProcessor&apos;
14:19:48.828 [main] DEBUG o.s.b.f.s.DefaultListableBeanFactory - Creating shared instance of singleton bean &apos;org.springframework.context.annotation.ConfigurationClassPostProcessor.importAwareProcessor&apos;
14:19:48.828 [main] DEBUG o.s.b.f.s.DefaultListableBeanFactory - Creating instance of bean &apos;org.springframework.context.annotation.ConfigurationClassPostProcessor.importAwareProcessor&apos;
14:19:48.828 [main] DEBUG o.s.b.f.s.DefaultListableBeanFactory - Eagerly caching bean &apos;org.springframework.context.annotation.ConfigurationClassPostProcessor.importAwareProcessor&apos; to allow for resolving potential circular references
14:19:48.828 [main] DEBUG o.s.b.f.s.DefaultListableBeanFactory - Finished creating instance of bean &apos;org.springframework.context.annotation.ConfigurationClassPostProcessor.importAwareProcessor&apos;
14:19:48.828 [main] DEBUG o.s.b.f.s.DefaultListableBeanFactory - Creating shared instance of singleton bean &apos;org.springframework.context.annotation.ConfigurationClassPostProcessor.enhancedConfigurationProcessor&apos;
14:19:48.828 [main] DEBUG o.s.b.f.s.DefaultListableBeanFactory - Creating instance of bean &apos;org.springframework.context.annotation.ConfigurationClassPostProcessor.enhancedConfigurationProcessor&apos;
14:19:48.829 [main] DEBUG o.s.b.f.s.DefaultListableBeanFactory - Eagerly caching bean &apos;org.springframework.context.annotation.ConfigurationClassPostProcessor.enhancedConfigurationProcessor&apos; to allow for resolving potential circular references
14:19:48.829 [main] DEBUG o.s.b.f.s.DefaultListableBeanFactory - Finished creating instance of bean &apos;org.springframework.context.annotation.ConfigurationClassPostProcessor.enhancedConfigurationProcessor&apos;
14:19:48.829 [main] DEBUG o.s.b.f.s.DefaultListableBeanFactory - Creating shared instance of singleton bean &apos;org.springframework.aop.config.internalAutoProxyCreator&apos;
14:19:48.829 [main] DEBUG o.s.b.f.s.DefaultListableBeanFactory - Creating instance of bean &apos;org.springframework.aop.config.internalAutoProxyCreator&apos;
14:19:48.844 [main] DEBUG o.s.b.f.s.DefaultListableBeanFactory - Eagerly caching bean &apos;org.springframework.aop.config.internalAutoProxyCreator&apos; to allow for resolving potential circular references
14:19:48.859 [main] DEBUG o.s.b.f.s.DefaultListableBeanFactory - Finished creating instance of bean &apos;org.springframework.aop.config.internalAutoProxyCreator&apos;
14:19:48.865 [main] DEBUG o.s.c.s.GenericApplicationContext - Unable to locate MessageSource with name &apos;messageSource&apos;: using default [org.springframework.context.support.DelegatingMessageSource@2cf3d63b]
14:19:48.867 [main] DEBUG o.s.c.s.GenericApplicationContext - Unable to locate ApplicationEventMulticaster with name &apos;applicationEventMulticaster&apos;: using default [org.springframework.context.event.SimpleApplicationEventMulticaster@2af004b]
14:19:48.870 [main] DEBUG o.s.b.f.s.DefaultListableBeanFactory - Pre-instantiating singletons in org.springframework.beans.factory.support.DefaultListableBeanFactory@1e178745: defining beans [org.springframework.context.support.PropertySourcesPlaceholderConfigurer#0,dataSource,sqlSessionFactory,org.mybatis.spring.mapper.MapperScannerConfigurer#0,transactionManager,org.springframework.aop.config.internalAutoProxyCreator,org.springframework.transaction.annotation.AnnotationTransactionAttributeSource#0,org.springframework.transaction.interceptor.TransactionInterceptor#0,org.springframework.transaction.config.internalTransactionAdvisor,articleService,attachmentService,auditMessageService,fileService,functionService,institutionService,logService,receiveService,roleService,userService,workFlowDefinationService,org.springframework.context.annotation.internalConfigurationAnnotationProcessor,org.springframework.context.annotation.internalAutowiredAnnotationProcessor,org.springframework.context.annotation.internalRequiredAnnotationProcessor,org.springframework.context.annotation.internalCommonAnnotationProcessor,org.springframework.context.event.internalEventListenerProcessor,org.springframework.context.event.internalEventListenerFactory,processEngineConfiguration,processEngine,repositoryService,runtimeService,taskService,historyService,formService,identityService,org.springframework.context.annotation.ConfigurationClassPostProcessor.importAwareProcessor,org.springframework.context.annotation.ConfigurationClassPostProcessor.enhancedConfigurationProcessor,articleMapper,attachmentMapper,auditMessageMapper,functionMapper,institutionMapper,logMapper,receiveMapper,roleMapper,userMapper]; root of factory hierarchy
14:19:48.871 [main] DEBUG o.s.b.f.s.DefaultListableBeanFactory - Returning cached instance of singleton bean &apos;org.springframework.context.support.PropertySourcesPlaceholderConfigurer#0&apos;
14:19:48.871 [main] DEBUG o.s.b.f.s.DefaultListableBeanFactory - Creating shared instance of singleton bean &apos;dataSource&apos;
14:19:48.871 [main] DEBUG o.s.b.f.s.DefaultListableBeanFactory - Creating instance of bean &apos;dataSource&apos;
14:19:48.931 [main] DEBUG com.mchange.v2.cfg.MConfig - The configuration file for resource identifier &apos;/mchange-commons.properties&apos; could not be found. Skipping.
14:19:48.931 [main] DEBUG com.mchange.v2.cfg.MConfig - The configuration file for resource identifier &apos;/mchange-log.properties&apos; could not be found. Skipping.
14:19:48.931 [main] DEBUG com.mchange.v2.cfg.MConfig - The configuration file for resource identifier &apos;hocon:/reference,/application,/c3p0,/&apos; could not be found. Skipping.
14:19:48.932 [main] DEBUG com.mchange.v2.cfg.MConfig - The configuration file for resource identifier &apos;/c3p0.properties&apos; could not be found. Skipping.
14:19:48.949 [MLog-Init-Reporter] INFO  com.mchange.v2.log.MLog - MLog clients using slf4j logging.
14:19:48.950 [MLog-Init-Reporter] DEBUG com.mchange.v2.log.MLog - Reading VM config for path list /com/mchange/v2/log/default-mchange-log.properties, /mchange-commons.properties, /c3p0.properties, hocon:/reference,/application,/c3p0,/, /mchange-log.properties, /
14:19:48.950 [MLog-Init-Reporter] DEBUG com.mchange.v2.log.MLog - The configuration file for resource identifier &apos;/mchange-commons.properties&apos; could not be found. Skipping.
14:19:48.950 [MLog-Init-Reporter] DEBUG com.mchange.v2.log.MLog - The configuration file for resource identifier &apos;/c3p0.properties&apos; could not be found. Skipping.
14:19:48.950 [MLog-Init-Reporter] DEBUG com.mchange.v2.log.MLog - The configuration file for resource identifier &apos;hocon:/reference,/application,/c3p0,/&apos; could not be found. Skipping.
14:19:48.950 [MLog-Init-Reporter] DEBUG com.mchange.v2.log.MLog - The configuration file for resource identifier &apos;/mchange-log.properties&apos; could not be found. Skipping.
14:19:49.233 [main] INFO  com.mchange.v2.c3p0.C3P0Registry - Initializing c3p0-0.9.5.2 [built 08-December-2015 22:06:04 -0800; debug? true; trace: 10]
14:19:49.365 [main] DEBUG c.m.v.c.m.DynamicPooledDataSourceManagerMBean - MBean: com.mchange.v2.c3p0:type=PooledDataSource,identityToken=1bqoohua61bl82gcp46wbl|431cd9b2,name=1bqoohua61bl82gcp46wbl|431cd9b2 registered.
14:19:49.415 [main] DEBUG c.m.v.c.m.DynamicPooledDataSourceManagerMBean - MBean: com.mchange.v2.c3p0:type=PooledDataSource,identityToken=1bqoohua61bl82gcp46wbl|431cd9b2,name=1bqoohua61bl82gcp46wbl|431cd9b2 unregistered, in order to be reregistered after update.
14:19:49.416 [main] DEBUG c.m.v.c.m.DynamicPooledDataSourceManagerMBean - MBean: com.mchange.v2.c3p0:type=PooledDataSource,identityToken=1bqoohua61bl82gcp46wbl|431cd9b2,name=1bqoohua61bl82gcp46wbl|431cd9b2 registered.
14:19:49.420 [main] DEBUG o.s.b.f.s.DefaultListableBeanFactory - Eagerly caching bean &apos;dataSource&apos; to allow for resolving potential circular references
14:19:49.453 [main] DEBUG o.s.b.f.s.DefaultListableBeanFactory - Creating shared instance of singleton bean &apos;org.springframework.transaction.config.internalTransactionAdvisor&apos;
14:19:49.453 [main] DEBUG o.s.b.f.s.DefaultListableBeanFactory - Creating instance of bean &apos;org.springframework.transaction.config.internalTransactionAdvisor&apos;
14:19:49.455 [main] DEBUG o.s.b.f.s.DefaultListableBeanFactory - Eagerly caching bean &apos;org.springframework.transaction.config.internalTransactionAdvisor&apos; to allow for resolving potential circular references
14:19:49.460 [main] DEBUG o.s.b.f.s.DefaultListableBeanFactory - Creating shared instance of singleton bean &apos;org.springframework.transaction.annotation.AnnotationTransactionAttributeSource#0&apos;
14:19:49.460 [main] DEBUG o.s.b.f.s.DefaultListableBeanFactory - Creating instance of bean &apos;org.springframework.transaction.annotation.AnnotationTransactionAttributeSource#0&apos;
14:19:49.464 [main] DEBUG o.s.b.f.s.DefaultListableBeanFactory - Eagerly caching bean &apos;org.springframework.transaction.annotation.AnnotationTransactionAttributeSource#0&apos; to allow for resolving potential circular references
14:19:49.470 [main] DEBUG o.s.a.f.a.BeanFactoryAdvisorRetrievalHelper - Skipping currently created advisor &apos;org.springframework.transaction.config.internalTransactionAdvisor&apos;
14:19:49.474 [main] DEBUG o.s.b.f.s.DefaultListableBeanFactory - Finished creating instance of bean &apos;org.springframework.transaction.annotation.AnnotationTransactionAttributeSource#0&apos;
14:19:49.475 [main] DEBUG o.s.b.f.s.DefaultListableBeanFactory - Finished creating instance of bean &apos;org.springframework.transaction.config.internalTransactionAdvisor&apos;
14:19:49.492 [main] DEBUG o.s.b.f.s.DefaultListableBeanFactory - Finished creating instance of bean &apos;dataSource&apos;
14:19:49.493 [main] DEBUG o.s.b.f.s.DefaultListableBeanFactory - Creating shared instance of singleton bean &apos;sqlSessionFactory&apos;
14:19:49.493 [main] DEBUG o.s.b.f.s.DefaultListableBeanFactory - Creating instance of bean &apos;sqlSessionFactory&apos;
14:19:49.516 [main] DEBUG org.apache.ibatis.logging.LogFactory - Logging initialized using &apos;class org.apache.ibatis.logging.slf4j.Slf4jImpl&apos; adapter.
14:19:49.518 [main] DEBUG o.s.b.f.s.DefaultListableBeanFactory - Eagerly caching bean &apos;sqlSessionFactory&apos; to allow for resolving potential circular references
14:19:49.542 [main] DEBUG o.s.b.f.s.DefaultListableBeanFactory - Returning cached instance of singleton bean &apos;dataSource&apos;
14:19:49.543 [main] DEBUG o.s.c.i.s.PathMatchingResourcePatternResolver - Looking for matching resources in directory tree [D:\envi\article\target\classes\cn\edu\nuc\article\dao]
14:19:49.543 [main] DEBUG o.s.c.i.s.PathMatchingResourcePatternResolver - Searching directory [D:\envi\article\target\classes\cn\edu\nuc\article\dao] for files matching pattern [D:/envi/article/target/classes/cn/edu/nuc/article/dao/*.xml]
14:19:49.552 [main] DEBUG o.s.c.i.s.PathMatchingResourcePatternResolver - Resolved location pattern [classpath:cn/edu/nuc/article/dao/*.xml] to resources [file [D:\envi\article\target\classes\cn\edu\nuc\article\dao\ArticleMapper.xml], file [D:\envi\article\target\classes\cn\edu\nuc\article\dao\AttachmentMapper.xml], file [D:\envi\article\target\classes\cn\edu\nuc\article\dao\AuditMessageMapper.xml], file [D:\envi\article\target\classes\cn\edu\nuc\article\dao\FunctionMapper.xml], file [D:\envi\article\target\classes\cn\edu\nuc\article\dao\InstitutionMapper.xml], file [D:\envi\article\target\classes\cn\edu\nuc\article\dao\LogMapper.xml], file [D:\envi\article\target\classes\cn\edu\nuc\article\dao\ReceiveMapper.xml], file [D:\envi\article\target\classes\cn\edu\nuc\article\dao\RoleMapper.xml], file [D:\envi\article\target\classes\cn\edu\nuc\article\dao\UserMapper.xml]]
14:19:49.554 [main] DEBUG o.s.b.f.s.DefaultListableBeanFactory - Invoking afterPropertiesSet() on bean with name &apos;sqlSessionFactory&apos;
14:19:49.643 [main] DEBUG org.apache.ibatis.io.VFS - Class not found: org.jboss.vfs.VFS
14:19:49.644 [main] DEBUG org.apache.ibatis.io.JBoss6VFS - JBoss 6 VFS API is not available in this environment.
14:19:49.644 [main] DEBUG org.apache.ibatis.io.VFS - Class not found: org.jboss.vfs.VirtualFile
14:19:49.645 [main] DEBUG org.apache.ibatis.io.VFS - VFS implementation org.apache.ibatis.io.JBoss6VFS is not valid in this environment.
14:19:49.646 [main] DEBUG org.apache.ibatis.io.VFS - Using VFS adapter org.apache.ibatis.io.DefaultVFS
14:19:49.646 [main] DEBUG org.apache.ibatis.io.DefaultVFS - Find JAR URL: file:/D:/envi/article/target/classes/cn/edu/nuc/article/entity
14:19:49.646 [main] DEBUG org.apache.ibatis.io.DefaultVFS - Not a JAR: file:/D:/envi/article/target/classes/cn/edu/nuc/article/entity
14:19:49.722 [main] DEBUG org.apache.ibatis.io.DefaultVFS - Reader entry: Article.class
14:19:49.723 [main] DEBUG org.apache.ibatis.io.DefaultVFS - Reader entry: Attachment.class
14:19:49.723 [main] DEBUG org.apache.ibatis.io.DefaultVFS - Reader entry: AuditMessage.class
14:19:49.723 [main] DEBUG org.apache.ibatis.io.DefaultVFS - Reader entry: Function.class
14:19:49.723 [main] DEBUG org.apache.ibatis.io.DefaultVFS - Reader entry: Institution.class
14:19:49.724 [main] DEBUG org.apache.ibatis.io.DefaultVFS - Reader entry: Log.class
14:19:49.724 [main] DEBUG org.apache.ibatis.io.DefaultVFS - Reader entry: Role.class
14:19:49.724 [main] DEBUG org.apache.ibatis.io.DefaultVFS - Reader entry: User.class
14:19:49.724 [main] DEBUG org.apache.ibatis.io.DefaultVFS - Listing file:/D:/envi/article/target/classes/cn/edu/nuc/article/entity
14:19:49.724 [main] DEBUG org.apache.ibatis.io.DefaultVFS - Find JAR URL: file:/D:/envi/article/target/classes/cn/edu/nuc/article/entity/Article.class
14:19:49.724 [main] DEBUG org.apache.ibatis.io.DefaultVFS - Not a JAR: file:/D:/envi/article/target/classes/cn/edu/nuc/article/entity/Article.class
14:19:49.726 [main] DEBUG org.apache.ibatis.io.DefaultVFS - Reader entry: ����&amp;#0;&amp;#0;&amp;#0;4&amp;#0;?
14:19:49.727 [main] DEBUG org.apache.ibatis.io.DefaultVFS - Find JAR URL: file:/D:/envi/article/target/classes/cn/edu/nuc/article/entity/Attachment.class
14:19:49.727 [main] DEBUG org.apache.ibatis.io.DefaultVFS - Not a JAR: file:/D:/envi/article/target/classes/cn/edu/nuc/article/entity/Attachment.class
14:19:49.727 [main] DEBUG org.apache.ibatis.io.DefaultVFS - Reader entry: ����&amp;#0;&amp;#0;&amp;#0;4&amp;#0;?
14:19:49.728 [main] DEBUG org.apache.ibatis.io.DefaultVFS - Find JAR URL: file:/D:/envi/article/target/classes/cn/edu/nuc/article/entity/AuditMessage.class
14:19:49.728 [main] DEBUG org.apache.ibatis.io.DefaultVFS - Not a JAR: file:/D:/envi/article/target/classes/cn/edu/nuc/article/entity/AuditMessage.class
14:19:49.728 [main] DEBUG org.apache.ibatis.io.DefaultVFS - Reader entry: ����&amp;#0;&amp;#0;&amp;#0;4&amp;#0;n
14:19:49.729 [main] DEBUG org.apache.ibatis.io.DefaultVFS - Find JAR URL: file:/D:/envi/article/target/classes/cn/edu/nuc/article/entity/Function.class
14:19:49.729 [main] DEBUG org.apache.ibatis.io.DefaultVFS - Not a JAR: file:/D:/envi/article/target/classes/cn/edu/nuc/article/entity/Function.class
14:19:49.729 [main] DEBUG org.apache.ibatis.io.DefaultVFS - Reader entry: ����&amp;#0;&amp;#0;&amp;#0;4&amp;#0;?
14:19:49.729 [main] DEBUG org.apache.ibatis.io.DefaultVFS - Find JAR URL: file:/D:/envi/article/target/classes/cn/edu/nuc/article/entity/Institution.class
14:19:49.730 [main] DEBUG org.apache.ibatis.io.DefaultVFS - Not a JAR: file:/D:/envi/article/target/classes/cn/edu/nuc/article/entity/Institution.class
14:19:49.730 [main] DEBUG org.apache.ibatis.io.DefaultVFS - Reader entry: ����&amp;#0;&amp;#0;&amp;#0;4&amp;#0;?
14:19:49.730 [main] DEBUG org.apache.ibatis.io.DefaultVFS - Find JAR URL: file:/D:/envi/article/target/classes/cn/edu/nuc/article/entity/Log.class
14:19:49.730 [main] DEBUG org.apache.ibatis.io.DefaultVFS - Not a JAR: file:/D:/envi/article/target/classes/cn/edu/nuc/article/entity/Log.class
14:19:49.731 [main] DEBUG org.apache.ibatis.io.DefaultVFS - Reader entry: ����&amp;#0;&amp;#0;&amp;#0;4&amp;#0;
14:19:49.731 [main] DEBUG org.apache.ibatis.io.DefaultVFS - Find JAR URL: file:/D:/envi/article/target/classes/cn/edu/nuc/article/entity/Role.class
14:19:49.731 [main] DEBUG org.apache.ibatis.io.DefaultVFS - Not a JAR: file:/D:/envi/article/target/classes/cn/edu/nuc/article/entity/Role.class
14:19:49.731 [main] DEBUG org.apache.ibatis.io.DefaultVFS - Reader entry: ����&amp;#0;&amp;#0;&amp;#0;4&amp;#0;
14:19:49.732 [main] DEBUG org.apache.ibatis.io.DefaultVFS - Find JAR URL: file:/D:/envi/article/target/classes/cn/edu/nuc/article/entity/User.class
14:19:49.732 [main] DEBUG org.apache.ibatis.io.DefaultVFS - Not a JAR: file:/D:/envi/article/target/classes/cn/edu/nuc/article/entity/User.class
14:19:49.733 [main] DEBUG org.apache.ibatis.io.DefaultVFS - Reader entry: ����&amp;#0;&amp;#0;&amp;#0;4&amp;#0;?
14:19:49.733 [main] DEBUG org.apache.ibatis.io.ResolverUtil - Checking to see if class cn.edu.nuc.article.entity.Article matches criteria [is assignable to Object]
14:19:49.734 [main] DEBUG org.apache.ibatis.io.ResolverUtil - Checking to see if class cn.edu.nuc.article.entity.Attachment matches criteria [is assignable to Object]
14:19:49.735 [main] DEBUG org.apache.ibatis.io.ResolverUtil - Checking to see if class cn.edu.nuc.article.entity.AuditMessage matches criteria [is assignable to Object]
14:19:49.735 [main] DEBUG org.apache.ibatis.io.ResolverUtil - Checking to see if class cn.edu.nuc.article.entity.Function matches criteria [is assignable to Object]
14:19:49.735 [main] DEBUG org.apache.ibatis.io.ResolverUtil - Checking to see if class cn.edu.nuc.article.entity.Institution matches criteria [is assignable to Object]
14:19:49.736 [main] DEBUG org.apache.ibatis.io.ResolverUtil - Checking to see if class cn.edu.nuc.article.entity.Log matches criteria [is assignable to Object]
14:19:49.736 [main] DEBUG org.apache.ibatis.io.ResolverUtil - Checking to see if class cn.edu.nuc.article.entity.Role matches criteria [is assignable to Object]
14:19:49.737 [main] DEBUG org.apache.ibatis.io.ResolverUtil - Checking to see if class cn.edu.nuc.article.entity.User matches criteria [is assignable to Object]
14:19:49.738 [main] DEBUG o.m.spring.SqlSessionFactoryBean - Scanned package: &apos;cn.edu.nuc.article.entity&apos; for aliases
14:19:49.812 [main] DEBUG o.m.spring.SqlSessionFactoryBean - Parsed configuration file: &apos;class path resource [mybatis-config.xml]&apos;
14:19:50.111 [main] DEBUG o.m.spring.SqlSessionFactoryBean - Parsed mapper file: &apos;file [D:\envi\article\target\classes\cn\edu\nuc\article\dao\ArticleMapper.xml]&apos;
14:19:50.154 [main] DEBUG o.m.spring.SqlSessionFactoryBean - Parsed mapper file: &apos;file [D:\envi\article\target\classes\cn\edu\nuc\article\dao\AttachmentMapper.xml]&apos;
14:19:50.161 [main] DEBUG o.m.spring.SqlSessionFactoryBean - Parsed mapper file: &apos;file [D:\envi\article\target\classes\cn\edu\nuc\article\dao\AuditMessageMapper.xml]&apos;
14:19:50.248 [main] DEBUG o.m.spring.SqlSessionFactoryBean - Parsed mapper file: &apos;file [D:\envi\article\target\classes\cn\edu\nuc\article\dao\FunctionMapper.xml]&apos;
14:19:50.272 [main] DEBUG o.m.spring.SqlSessionFactoryBean - Parsed mapper file: &apos;file [D:\envi\article\target\classes\cn\edu\nuc\article\dao\InstitutionMapper.xml]&apos;
14:19:50.311 [main] DEBUG o.m.spring.SqlSessionFactoryBean - Parsed mapper file: &apos;file [D:\envi\article\target\classes\cn\edu\nuc\article\dao\LogMapper.xml]&apos;
14:19:50.322 [main] DEBUG o.m.spring.SqlSessionFactoryBean - Parsed mapper file: &apos;file [D:\envi\article\target\classes\cn\edu\nuc\article\dao\ReceiveMapper.xml]&apos;
14:19:50.342 [main] DEBUG o.m.spring.SqlSessionFactoryBean - Parsed mapper file: &apos;file [D:\envi\article\target\classes\cn\edu\nuc\article\dao\RoleMapper.xml]&apos;
14:19:50.357 [main] DEBUG o.m.spring.SqlSessionFactoryBean - Parsed mapper file: &apos;file [D:\envi\article\target\classes\cn\edu\nuc\article\dao\UserMapper.xml]&apos;
14:19:50.358 [main] DEBUG o.s.b.f.s.DefaultListableBeanFactory - Returning cached instance of singleton bean &apos;org.springframework.transaction.config.internalTransactionAdvisor&apos;
14:19:50.359 [main] DEBUG o.s.b.f.s.DefaultListableBeanFactory - Finished creating instance of bean &apos;sqlSessionFactory&apos;
14:19:50.359 [main] DEBUG o.s.b.f.s.DefaultListableBeanFactory - Returning cached instance of singleton bean &apos;org.mybatis.spring.mapper.MapperScannerConfigurer#0&apos;
14:19:50.359 [main] DEBUG o.s.b.f.s.DefaultListableBeanFactory - Creating shared instance of singleton bean &apos;transactionManager&apos;
14:19:50.360 [main] DEBUG o.s.b.f.s.DefaultListableBeanFactory - Creating instance of bean &apos;transactionManager&apos;
14:19:50.366 [main] DEBUG o.s.b.f.s.DefaultListableBeanFactory - Eagerly caching bean &apos;transactionManager&apos; to allow for resolving potential circular references
14:19:50.377 [main] DEBUG o.s.b.f.s.DefaultListableBeanFactory - Returning cached instance of singleton bean &apos;dataSource&apos;
14:19:50.377 [main] DEBUG o.s.b.f.s.DefaultListableBeanFactory - Invoking afterPropertiesSet() on bean with name &apos;transactionManager&apos;
14:19:50.378 [main] DEBUG o.s.b.f.s.DefaultListableBeanFactory - Returning cached instance of singleton bean &apos;org.springframework.transaction.config.internalTransactionAdvisor&apos;
14:19:50.380 [main] DEBUG o.s.b.f.s.DefaultListableBeanFactory - Finished creating instance of bean &apos;transactionManager&apos;
14:19:50.380 [main] DEBUG o.s.b.f.s.DefaultListableBeanFactory - Returning cached instance of singleton bean &apos;org.springframework.aop.config.internalAutoProxyCreator&apos;
14:19:50.381 [main] DEBUG o.s.b.f.s.DefaultListableBeanFactory - Returning cached instance of singleton bean &apos;org.springframework.transaction.annotation.AnnotationTransactionAttributeSource#0&apos;
14:19:50.381 [main] DEBUG o.s.b.f.s.DefaultListableBeanFactory - Creating shared instance of singleton bean &apos;org.springframework.transaction.interceptor.TransactionInterceptor#0&apos;
14:19:50.382 [main] DEBUG o.s.b.f.s.DefaultListableBeanFactory - Creating instance of bean &apos;org.springframework.transaction.interceptor.TransactionInterceptor#0&apos;
14:19:50.384 [main] DEBUG o.s.b.f.s.DefaultListableBeanFactory - Eagerly caching bean &apos;org.springframework.transaction.interceptor.TransactionInterceptor#0&apos; to allow for resolving potential circular references
14:19:50.390 [main] DEBUG o.s.b.f.s.DefaultListableBeanFactory - Returning cached instance of singleton bean &apos;org.springframework.transaction.annotation.AnnotationTransactionAttributeSource#0&apos;
14:19:50.390 [main] DEBUG o.s.b.f.s.DefaultListableBeanFactory - Invoking afterPropertiesSet() on bean with name &apos;org.springframework.transaction.interceptor.TransactionInterceptor#0&apos;
14:19:50.390 [main] DEBUG o.s.b.f.s.DefaultListableBeanFactory - Finished creating instance of bean &apos;org.springframework.transaction.interceptor.TransactionInterceptor#0&apos;
14:19:50.391 [main] DEBUG o.s.b.f.s.DefaultListableBeanFactory - Returning cached instance of singleton bean &apos;org.springframework.transaction.config.internalTransactionAdvisor&apos;
14:19:50.394 [main] DEBUG o.s.b.f.s.DefaultListableBeanFactory - Creating shared instance of singleton bean &apos;articleService&apos;
14:19:50.394 [main] DEBUG o.s.b.f.s.DefaultListableBeanFactory - Creating instance of bean &apos;articleService&apos;
14:19:50.399 [main] DEBUG o.s.b.f.annotation.InjectionMetadata - Registered injected element on class [cn.edu.nuc.article.service.ArticleService]: AutowiredFieldElement for private cn.edu.nuc.article.dao.ArticleMapper cn.edu.nuc.article.service.ArticleService.articleMapper
14:19:50.399 [main] DEBUG o.s.b.f.annotation.InjectionMetadata - Registered injected element on class [cn.edu.nuc.article.service.ArticleService]: AutowiredFieldElement for private cn.edu.nuc.article.service.UserService cn.edu.nuc.article.service.ArticleService.userService
14:19:50.399 [main] DEBUG o.s.b.f.annotation.InjectionMetadata - Registered injected element on class [cn.edu.nuc.article.service.ArticleService]: AutowiredFieldElement for private cn.edu.nuc.article.service.InstitutionService cn.edu.nuc.article.service.ArticleService.institutionService
14:19:50.399 [main] DEBUG o.s.b.f.s.DefaultListableBeanFactory - Eagerly caching bean &apos;articleService&apos; to allow for resolving potential circular references
14:19:50.402 [main] DEBUG o.s.b.f.annotation.InjectionMetadata - Processing injected element of bean &apos;articleService&apos;: AutowiredFieldElement for private cn.edu.nuc.article.dao.ArticleMapper cn.edu.nuc.article.service.ArticleService.articleMapper
14:19:50.427 [main] DEBUG o.s.b.f.s.DefaultListableBeanFactory - Creating shared instance of singleton bean &apos;articleMapper&apos;
14:19:50.427 [main] DEBUG o.s.b.f.s.DefaultListableBeanFactory - Creating instance of bean &apos;articleMapper&apos;
14:19:50.427 [main] DEBUG o.s.b.f.s.DefaultListableBeanFactory - Eagerly caching bean &apos;articleMapper&apos; to allow for resolving potential circular references
14:19:50.436 [main] DEBUG o.s.b.f.s.DefaultListableBeanFactory - Returning cached instance of singleton bean &apos;sqlSessionFactory&apos;
14:19:50.436 [main] DEBUG o.s.b.f.s.DefaultListableBeanFactory - Returning cached instance of singleton bean &apos;org.springframework.transaction.config.internalTransactionAdvisor&apos;
14:19:50.451 [main] DEBUG o.s.b.f.s.DefaultListableBeanFactory - Invoking afterPropertiesSet() on bean with name &apos;articleMapper&apos;
14:19:50.451 [main] DEBUG o.s.b.f.s.DefaultListableBeanFactory - Returning cached instance of singleton bean &apos;org.springframework.transaction.config.internalTransactionAdvisor&apos;
14:19:50.452 [main] DEBUG o.s.b.f.s.DefaultListableBeanFactory - Finished creating instance of bean &apos;articleMapper&apos;
14:19:50.455 [main] DEBUG o.s.b.f.s.DefaultListableBeanFactory - Returning cached instance of singleton bean &apos;org.springframework.transaction.config.internalTransactionAdvisor&apos;
14:19:50.457 [main] DEBUG o.s.b.f.a.AutowiredAnnotationBeanPostProcessor - Autowiring by type from bean name &apos;articleService&apos; to bean named &apos;articleMapper&apos;
14:19:50.458 [main] DEBUG o.s.b.f.annotation.InjectionMetadata - Processing injected element of bean &apos;articleService&apos;: AutowiredFieldElement for private cn.edu.nuc.article.service.UserService cn.edu.nuc.article.service.ArticleService.userService
14:19:50.458 [main] DEBUG o.s.b.f.s.DefaultListableBeanFactory - Creating shared instance of singleton bean &apos;userService&apos;
14:19:50.458 [main] DEBUG o.s.b.f.s.DefaultListableBeanFactory - Creating instance of bean &apos;userService&apos;
14:19:50.460 [main] DEBUG o.s.b.f.annotation.InjectionMetadata - Registered injected element on class [cn.edu.nuc.article.service.UserService]: AutowiredFieldElement for private cn.edu.nuc.article.dao.UserMapper cn.edu.nuc.article.service.UserService.userMapper
14:19:50.460 [main] DEBUG o.s.b.f.annotation.InjectionMetadata - Registered injected element on class [cn.edu.nuc.article.service.UserService]: AutowiredFieldElement for private cn.edu.nuc.article.dao.RoleMapper cn.edu.nuc.article.service.UserService.roleMapper
14:19:50.461 [main] DEBUG o.s.b.f.annotation.InjectionMetadata - Registered injected element on class [cn.edu.nuc.article.service.UserService]: AutowiredFieldElement for private cn.edu.nuc.article.service.InstitutionService cn.edu.nuc.article.service.UserService.institutionService
14:19:50.461 [main] DEBUG o.s.b.f.annotation.InjectionMetadata - Registered injected element on class [cn.edu.nuc.article.service.UserService]: AutowiredFieldElement for private cn.edu.nuc.article.service.RoleService cn.edu.nuc.article.service.UserService.roleService
14:19:50.461 [main] DEBUG o.s.b.f.annotation.InjectionMetadata - Registered injected element on class [cn.edu.nuc.article.service.UserService]: AutowiredFieldElement for private org.apache.ibatis.session.SqlSessionFactory cn.edu.nuc.article.service.UserService.sqlSessionFactory
14:19:50.461 [main] DEBUG o.s.b.f.s.DefaultListableBeanFactory - Eagerly caching bean &apos;userService&apos; to allow for resolving potential circular references
14:19:50.475 [main] DEBUG o.s.b.f.annotation.InjectionMetadata - Processing injected element of bean &apos;userService&apos;: AutowiredFieldElement for private cn.edu.nuc.article.dao.UserMapper cn.edu.nuc.article.service.UserService.userMapper
14:19:50.476 [main] DEBUG o.s.b.f.s.DefaultListableBeanFactory - Creating shared instance of singleton bean &apos;userMapper&apos;
14:19:50.476 [main] DEBUG o.s.b.f.s.DefaultListableBeanFactory - Creating instance of bean &apos;userMapper&apos;
14:19:50.476 [main] DEBUG o.s.b.f.s.DefaultListableBeanFactory - Eagerly caching bean &apos;userMapper&apos; to allow for resolving potential circular references
14:19:50.477 [main] DEBUG o.s.b.f.s.DefaultListableBeanFactory - Returning cached instance of singleton bean &apos;sqlSessionFactory&apos;
14:19:50.477 [main] DEBUG o.s.b.f.s.DefaultListableBeanFactory - Invoking afterPropertiesSet() on bean with name &apos;userMapper&apos;
14:19:50.477 [main] DEBUG o.s.b.f.s.DefaultListableBeanFactory - Returning cached instance of singleton bean &apos;org.springframework.transaction.config.internalTransactionAdvisor&apos;
14:19:50.478 [main] DEBUG o.s.b.f.s.DefaultListableBeanFactory - Finished creating instance of bean &apos;userMapper&apos;
14:19:50.479 [main] DEBUG o.s.b.f.s.DefaultListableBeanFactory - Returning cached instance of singleton bean &apos;org.springframework.transaction.config.internalTransactionAdvisor&apos;
14:19:50.483 [main] DEBUG o.s.b.f.a.AutowiredAnnotationBeanPostProcessor - Autowiring by type from bean name &apos;userService&apos; to bean named &apos;userMapper&apos;
14:19:50.483 [main] DEBUG o.s.b.f.annotation.InjectionMetadata - Processing injected element of bean &apos;userService&apos;: AutowiredFieldElement for private cn.edu.nuc.article.dao.RoleMapper cn.edu.nuc.article.service.UserService.roleMapper
14:19:50.484 [main] DEBUG o.s.b.f.s.DefaultListableBeanFactory - Creating shared instance of singleton bean &apos;roleMapper&apos;
14:19:50.484 [main] DEBUG o.s.b.f.s.DefaultListableBeanFactory - Creating instance of bean &apos;roleMapper&apos;
14:19:50.484 [main] DEBUG o.s.b.f.s.DefaultListableBeanFactory - Eagerly caching bean &apos;roleMapper&apos; to allow for resolving potential circular references
14:19:50.484 [main] DEBUG o.s.b.f.s.DefaultListableBeanFactory - Returning cached instance of singleton bean &apos;sqlSessionFactory&apos;
14:19:50.485 [main] DEBUG o.s.b.f.s.DefaultListableBeanFactory - Invoking afterPropertiesSet() on bean with name &apos;roleMapper&apos;
14:19:50.485 [main] DEBUG o.s.b.f.s.DefaultListableBeanFactory - Returning cached instance of singleton bean &apos;org.springframework.transaction.config.internalTransactionAdvisor&apos;
14:19:50.485 [main] DEBUG o.s.b.f.s.DefaultListableBeanFactory - Finished creating instance of bean &apos;roleMapper&apos;
14:19:50.487 [main] DEBUG o.s.b.f.s.DefaultListableBeanFactory - Returning cached instance of singleton bean &apos;org.springframework.transaction.config.internalTransactionAdvisor&apos;
14:19:50.488 [main] DEBUG o.s.b.f.a.AutowiredAnnotationBeanPostProcessor - Autowiring by type from bean name &apos;userService&apos; to bean named &apos;roleMapper&apos;
14:19:50.488 [main] DEBUG o.s.b.f.annotation.InjectionMetadata - Processing injected element of bean &apos;userService&apos;: AutowiredFieldElement for private cn.edu.nuc.article.service.InstitutionService cn.edu.nuc.article.service.UserService.institutionService
14:19:50.488 [main] DEBUG o.s.b.f.s.DefaultListableBeanFactory - Creating shared instance of singleton bean &apos;institutionService&apos;
14:19:50.488 [main] DEBUG o.s.b.f.s.DefaultListableBeanFactory - Creating instance of bean &apos;institutionService&apos;
14:19:50.489 [main] DEBUG o.s.b.f.annotation.InjectionMetadata - Registered injected element on class [cn.edu.nuc.article.service.InstitutionService]: AutowiredFieldElement for private cn.edu.nuc.article.dao.InstitutionMapper cn.edu.nuc.article.service.InstitutionService.institutionMapper
14:19:50.489 [main] DEBUG o.s.b.f.s.DefaultListableBeanFactory - Eagerly caching bean &apos;institutionService&apos; to allow for resolving potential circular references
14:19:50.491 [main] DEBUG o.s.b.f.annotation.InjectionMetadata - Processing injected element of bean &apos;institutionService&apos;: AutowiredFieldElement for private cn.edu.nuc.article.dao.InstitutionMapper cn.edu.nuc.article.service.InstitutionService.institutionMapper
14:19:50.492 [main] DEBUG o.s.b.f.s.DefaultListableBeanFactory - Creating shared instance of singleton bean &apos;institutionMapper&apos;
14:19:50.493 [main] DEBUG o.s.b.f.s.DefaultListableBeanFactory - Creating instance of bean &apos;institutionMapper&apos;
14:19:50.493 [main] DEBUG o.s.b.f.s.DefaultListableBeanFactory - Eagerly caching bean &apos;institutionMapper&apos; to allow for resolving potential circular references
14:19:50.494 [main] DEBUG o.s.b.f.s.DefaultListableBeanFactory - Returning cached instance of singleton bean &apos;sqlSessionFactory&apos;
14:19:50.494 [main] DEBUG o.s.b.f.s.DefaultListableBeanFactory - Invoking afterPropertiesSet() on bean with name &apos;institutionMapper&apos;
14:19:50.494 [main] DEBUG o.s.b.f.s.DefaultListableBeanFactory - Returning cached instance of singleton bean &apos;org.springframework.transaction.config.internalTransactionAdvisor&apos;
14:19:50.494 [main] DEBUG o.s.b.f.s.DefaultListableBeanFactory - Finished creating instance of bean &apos;institutionMapper&apos;
14:19:50.499 [main] DEBUG o.s.b.f.s.DefaultListableBeanFactory - Returning cached instance of singleton bean &apos;org.springframework.transaction.config.internalTransactionAdvisor&apos;
14:19:50.505 [main] DEBUG o.s.b.f.a.AutowiredAnnotationBeanPostProcessor - Autowiring by type from bean name &apos;institutionService&apos; to bean named &apos;institutionMapper&apos;
14:19:50.505 [main] DEBUG o.s.b.f.s.DefaultListableBeanFactory - Returning cached instance of singleton bean &apos;org.springframework.transaction.config.internalTransactionAdvisor&apos;
14:19:50.594 [main] DEBUG o.s.t.a.AnnotationTransactionAttributeSource - Adding transactional method &apos;InstitutionService.merge&apos; with attribute: PROPAGATION_REQUIRED,ISOLATION_DEFAULT; &apos;&apos;
14:19:50.602 [main] DEBUG o.s.a.f.a.InfrastructureAdvisorAutoProxyCreator - Creating implicit proxy for bean &apos;institutionService&apos; with 0 common interceptors and 1 specific interceptors
14:19:50.608 [main] DEBUG o.s.aop.framework.CglibAopProxy - Creating CGLIB proxy: target source is SingletonTargetSource for target object [cn.edu.nuc.article.service.InstitutionService@75f95314]
14:19:50.700 [main] DEBUG o.s.b.f.s.DefaultListableBeanFactory - Returning cached instance of singleton bean &apos;org.springframework.transaction.interceptor.TransactionInterceptor#0&apos;
14:19:50.717 [main] DEBUG o.s.aop.framework.CglibAopProxy - Unable to apply any optimisations to advised method: public boolean cn.edu.nuc.article.service.InstitutionService.merge(java.lang.Integer[],java.lang.Integer)
14:19:50.719 [main] DEBUG o.s.aop.framework.CglibAopProxy - Unable to apply any optimisations to advised method: public boolean cn.edu.nuc.article.service.InstitutionService.hasSameInstitution(java.lang.Integer,java.lang.String)
14:19:50.720 [main] DEBUG o.s.aop.framework.CglibAopProxy - Unable to apply any optimisations to advised method: public java.util.List cn.edu.nuc.article.service.InstitutionService.selectInstitutionHasUserUnderAndValid()
14:19:50.720 [main] DEBUG o.s.aop.framework.CglibAopProxy - Unable to apply any optimisations to advised method: public java.util.List cn.edu.nuc.article.service.InstitutionService.selectInstitutionNoUserUnder()
14:19:50.720 [main] DEBUG o.s.aop.framework.CglibAopProxy - Unable to apply any optimisations to advised method: public boolean cn.edu.nuc.article.service.InstitutionService.isInstitutionHasUser(int)
14:19:50.720 [main] DEBUG o.s.t.a.AnnotationTransactionAttributeSource - Adding transactional method &apos;InstitutionService.updateInstitution&apos; with attribute: PROPAGATION_REQUIRED,ISOLATION_DEFAULT; &apos;&apos;
14:19:50.721 [main] DEBUG o.s.aop.framework.CglibAopProxy - Unable to apply any optimisations to advised method: public boolean cn.edu.nuc.article.service.InstitutionService.updateInstitution(cn.edu.nuc.article.entity.Institution)
14:19:50.721 [main] DEBUG o.s.aop.framework.CglibAopProxy - Unable to apply any optimisations to advised method: public java.util.List cn.edu.nuc.article.service.InstitutionService.findByKeyword(cn.edu.nuc.article.entity.Institution)
14:19:50.721 [main] DEBUG o.s.t.a.AnnotationTransactionAttributeSource - Adding transactional method &apos;InstitutionService.addInstitution&apos; with attribute: PROPAGATION_REQUIRED,ISOLATION_DEFAULT; &apos;&apos;
14:19:50.721 [main] DEBUG o.s.aop.framework.CglibAopProxy - Unable to apply any optimisations to advised method: public boolean cn.edu.nuc.article.service.InstitutionService.addInstitution(cn.edu.nuc.article.entity.Institution)
14:19:50.722 [main] DEBUG o.s.aop.framework.CglibAopProxy - Unable to apply any optimisations to advised method: public cn.edu.nuc.article.entity.Institution cn.edu.nuc.article.service.InstitutionService.findById(java.lang.Integer)
14:19:50.723 [main] DEBUG o.s.aop.framework.CglibAopProxy - Found &apos;equals&apos; method: public boolean java.lang.Object.equals(java.lang.Object)
14:19:50.723 [main] DEBUG o.s.aop.framework.CglibAopProxy - Unable to apply any optimisations to advised method: public java.lang.String java.lang.Object.toString()
14:19:50.723 [main] DEBUG o.s.aop.framework.CglibAopProxy - Found &apos;hashCode&apos; method: public native int java.lang.Object.hashCode()
14:19:50.723 [main] DEBUG o.s.aop.framework.CglibAopProxy - Unable to apply any optimisations to advised method: protected native java.lang.Object java.lang.Object.clone() throws java.lang.CloneNotSupportedException
14:19:50.723 [main] DEBUG o.s.aop.framework.CglibAopProxy - Method is declared on Advised interface: public abstract int org.springframework.aop.framework.Advised.indexOf(org.springframework.aop.Advisor)
14:19:50.723 [main] DEBUG o.s.aop.framework.CglibAopProxy - Method is declared on Advised interface: public abstract int org.springframework.aop.framework.Advised.indexOf(org.aopalliance.aop.Advice)
14:19:50.723 [main] DEBUG o.s.aop.framework.CglibAopProxy - Method is declared on Advised interface: public abstract boolean org.springframework.aop.framework.Advised.isFrozen()
14:19:50.723 [main] DEBUG o.s.aop.framework.CglibAopProxy - Method is declared on Advised interface: public abstract boolean org.springframework.aop.framework.Advised.isProxyTargetClass()
14:19:50.723 [main] DEBUG o.s.aop.framework.CglibAopProxy - Method is declared on Advised interface: public abstract org.springframework.aop.TargetSource org.springframework.aop.framework.Advised.getTargetSource()
14:19:50.723 [main] DEBUG o.s.aop.framework.CglibAopProxy - Method is declared on Advised interface: public abstract void org.springframework.aop.framework.Advised.addAdvisor(int,org.springframework.aop.Advisor) throws org.springframework.aop.framework.AopConfigException
14:19:50.723 [main] DEBUG o.s.aop.framework.CglibAopProxy - Method is declared on Advised interface: public abstract void org.springframework.aop.framework.Advised.addAdvisor(org.springframework.aop.Advisor) throws org.springframework.aop.framework.AopConfigException
14:19:50.723 [main] DEBUG o.s.aop.framework.CglibAopProxy - Method is declared on Advised interface: public abstract void org.springframework.aop.framework.Advised.setTargetSource(org.springframework.aop.TargetSource)
14:19:50.723 [main] DEBUG o.s.aop.framework.CglibAopProxy - Method is declared on Advised interface: public abstract void org.springframework.aop.framework.Advised.setPreFiltered(boolean)
14:19:50.723 [main] DEBUG o.s.aop.framework.CglibAopProxy - Method is declared on Advised interface: public abstract void org.springframework.aop.framework.Advised.setExposeProxy(boolean)
14:19:50.723 [main] DEBUG o.s.aop.framework.CglibAopProxy - Method is declared on Advised interface: public abstract boolean org.springframework.aop.framework.Advised.isExposeProxy()
14:19:50.723 [main] DEBUG o.s.aop.framework.CglibAopProxy - Method is declared on Advised interface: public abstract void org.springframework.aop.framework.Advised.addAdvice(org.aopalliance.aop.Advice) throws org.springframework.aop.framework.AopConfigException
14:19:50.723 [main] DEBUG o.s.aop.framework.CglibAopProxy - Method is declared on Advised interface: public abstract void org.springframework.aop.framework.Advised.addAdvice(int,org.aopalliance.aop.Advice) throws org.springframework.aop.framework.AopConfigException
14:19:50.724 [main] DEBUG o.s.aop.framework.CglibAopProxy - Method is declared on Advised interface: public abstract boolean org.springframework.aop.framework.Advised.isPreFiltered()
14:19:50.724 [main] DEBUG o.s.aop.framework.CglibAopProxy - Method is declared on Advised interface: public abstract org.springframework.aop.Advisor[] org.springframework.aop.framework.Advised.getAdvisors()
14:19:50.725 [main] DEBUG o.s.aop.framework.CglibAopProxy - Method is declared on Advised interface: public abstract void org.springframework.aop.framework.Advised.removeAdvisor(int) throws org.springframework.aop.framework.AopConfigException
14:19:50.725 [main] DEBUG o.s.aop.framework.CglibAopProxy - Method is declared on Advised interface: public abstract boolean org.springframework.aop.framework.Advised.removeAdvisor(org.springframework.aop.Advisor)
14:19:50.725 [main] DEBUG o.s.aop.framework.CglibAopProxy - Method is declared on Advised interface: public abstract boolean org.springframework.aop.framework.Advised.replaceAdvisor(org.springframework.aop.Advisor,org.springframework.aop.Advisor) throws org.springframework.aop.framework.AopConfigException
14:19:50.725 [main] DEBUG o.s.aop.framework.CglibAopProxy - Method is declared on Advised interface: public abstract boolean org.springframework.aop.framework.Advised.removeAdvice(org.aopalliance.aop.Advice)
14:19:50.725 [main] DEBUG o.s.aop.framework.CglibAopProxy - Method is declared on Advised interface: public abstract java.lang.Class[] org.springframework.aop.framework.Advised.getProxiedInterfaces()
14:19:50.725 [main] DEBUG o.s.aop.framework.CglibAopProxy - Method is declared on Advised interface: public abstract boolean org.springframework.aop.framework.Advised.isInterfaceProxied(java.lang.Class)
14:19:50.725 [main] DEBUG o.s.aop.framework.CglibAopProxy - Method is declared on Advised interface: public abstract java.lang.String org.springframework.aop.framework.Advised.toProxyConfigString()
14:19:50.725 [main] DEBUG o.s.aop.framework.CglibAopProxy - Method is declared on Advised interface: public abstract java.lang.Class org.springframework.aop.TargetClassAware.getTargetClass()
14:19:50.774 [main] DEBUG o.s.b.f.s.DefaultListableBeanFactory - Finished creating instance of bean &apos;institutionService&apos;
14:19:50.774 [main] DEBUG o.s.b.f.a.AutowiredAnnotationBeanPostProcessor - Autowiring by type from bean name &apos;userService&apos; to bean named &apos;institutionService&apos;
14:19:50.775 [main] DEBUG o.s.b.f.annotation.InjectionMetadata - Processing injected element of bean &apos;userService&apos;: AutowiredFieldElement for private cn.edu.nuc.article.service.RoleService cn.edu.nuc.article.service.UserService.roleService
14:19:50.775 [main] DEBUG o.s.b.f.s.DefaultListableBeanFactory - Creating shared instance of singleton bean &apos;roleService&apos;
14:19:50.775 [main] DEBUG o.s.b.f.s.DefaultListableBeanFactory - Creating instance of bean &apos;roleService&apos;
14:19:50.782 [main] DEBUG o.s.b.f.annotation.InjectionMetadata - Registered injected element on class [cn.edu.nuc.article.service.RoleService]: AutowiredFieldElement for private cn.edu.nuc.article.dao.RoleMapper cn.edu.nuc.article.service.RoleService.roleMapper
14:19:50.782 [main] DEBUG o.s.b.f.annotation.InjectionMetadata - Registered injected element on class [cn.edu.nuc.article.service.RoleService]: AutowiredFieldElement for private org.apache.ibatis.session.SqlSessionFactory cn.edu.nuc.article.service.RoleService.sqlSessionFactory
14:19:50.782 [main] DEBUG o.s.b.f.s.DefaultListableBeanFactory - Eagerly caching bean &apos;roleService&apos; to allow for resolving potential circular references
14:19:50.784 [main] DEBUG o.s.b.f.annotation.InjectionMetadata - Processing injected element of bean &apos;roleService&apos;: AutowiredFieldElement for private cn.edu.nuc.article.dao.RoleMapper cn.edu.nuc.article.service.RoleService.roleMapper
14:19:50.784 [main] DEBUG o.s.b.f.s.DefaultListableBeanFactory - Returning cached instance of singleton bean &apos;roleMapper&apos;
14:19:50.785 [main] DEBUG o.s.b.f.a.AutowiredAnnotationBeanPostProcessor - Autowiring by type from bean name &apos;roleService&apos; to bean named &apos;roleMapper&apos;
14:19:50.785 [main] DEBUG o.s.b.f.annotation.InjectionMetadata - Processing injected element of bean &apos;roleService&apos;: AutowiredFieldElement for private org.apache.ibatis.session.SqlSessionFactory cn.edu.nuc.article.service.RoleService.sqlSessionFactory
14:19:50.785 [main] DEBUG o.s.b.f.s.DefaultListableBeanFactory - Returning cached instance of singleton bean &apos;sqlSessionFactory&apos;
14:19:50.785 [main] DEBUG o.s.b.f.a.AutowiredAnnotationBeanPostProcessor - Autowiring by type from bean name &apos;roleService&apos; to bean named &apos;sqlSessionFactory&apos;
14:19:50.785 [main] DEBUG o.s.b.f.s.DefaultListableBeanFactory - Returning cached instance of singleton bean &apos;org.springframework.transaction.config.internalTransactionAdvisor&apos;
14:19:50.786 [main] DEBUG o.s.t.a.AnnotationTransactionAttributeSource - Adding transactional method &apos;RoleService.updateRoleright&apos; with attribute: PROPAGATION_REQUIRED,ISOLATION_DEFAULT; &apos;&apos;
14:19:50.786 [main] DEBUG o.s.a.f.a.InfrastructureAdvisorAutoProxyCreator - Creating implicit proxy for bean &apos;roleService&apos; with 0 common interceptors and 1 specific interceptors
14:19:50.786 [main] DEBUG o.s.aop.framework.CglibAopProxy - Creating CGLIB proxy: target source is SingletonTargetSource for target object [cn.edu.nuc.article.service.RoleService@3b0c9195]
14:19:50.787 [main] DEBUG o.s.aop.framework.CglibAopProxy - Unable to apply any optimisations to advised method: public boolean cn.edu.nuc.article.service.RoleService.hasSameRole(java.lang.Integer,java.lang.String)
14:19:50.787 [main] DEBUG o.s.aop.framework.CglibAopProxy - Unable to apply any optimisations to advised method: public java.util.List cn.edu.nuc.article.service.RoleService.getByKeywordCascade(cn.edu.nuc.article.entity.Role)
14:19:50.787 [main] DEBUG o.s.aop.framework.CglibAopProxy - Unable to apply any optimisations to advised method: public cn.edu.nuc.article.entity.Role cn.edu.nuc.article.service.RoleService.findById(java.lang.Integer)
14:19:50.787 [main] DEBUG o.s.aop.framework.CglibAopProxy - Unable to apply any optimisations to advised method: public boolean cn.edu.nuc.article.service.RoleService.updateRoleright(java.lang.Integer,java.lang.Integer[])
14:19:50.787 [main] DEBUG o.s.t.a.AnnotationTransactionAttributeSource - Adding transactional method &apos;RoleService.updateRole&apos; with attribute: PROPAGATION_REQUIRED,ISOLATION_DEFAULT; &apos;&apos;
14:19:50.787 [main] DEBUG o.s.aop.framework.CglibAopProxy - Unable to apply any optimisations to advised method: public boolean cn.edu.nuc.article.service.RoleService.updateRole(cn.edu.nuc.article.entity.Role)
14:19:50.787 [main] DEBUG o.s.t.a.AnnotationTransactionAttributeSource - Adding transactional method &apos;RoleService.addRole&apos; with attribute: PROPAGATION_REQUIRED,ISOLATION_DEFAULT; &apos;&apos;
14:19:50.787 [main] DEBUG o.s.aop.framework.CglibAopProxy - Unable to apply any optimisations to advised method: public boolean cn.edu.nuc.article.service.RoleService.addRole(cn.edu.nuc.article.entity.Role)
14:19:50.787 [main] DEBUG o.s.aop.framework.CglibAopProxy - Unable to apply any optimisations to advised method: public cn.edu.nuc.article.entity.Role cn.edu.nuc.article.service.RoleService.findByIdCascade(java.lang.Integer)
14:19:50.788 [main] DEBUG o.s.aop.framework.CglibAopProxy - Unable to apply any optimisations to advised method: public java.util.List cn.edu.nuc.article.service.RoleService.getByKeyword(cn.edu.nuc.article.entity.Role)
14:19:50.788 [main] DEBUG o.s.aop.framework.CglibAopProxy - Found &apos;equals&apos; method: public boolean java.lang.Object.equals(java.lang.Object)
14:19:50.788 [main] DEBUG o.s.aop.framework.CglibAopProxy - Unable to apply any optimisations to advised method: public java.lang.String java.lang.Object.toString()
14:19:50.793 [main] DEBUG o.s.aop.framework.CglibAopProxy - Found &apos;hashCode&apos; method: public native int java.lang.Object.hashCode()
14:19:50.794 [main] DEBUG o.s.aop.framework.CglibAopProxy - Unable to apply any optimisations to advised method: protected native java.lang.Object java.lang.Object.clone() throws java.lang.CloneNotSupportedException
14:19:50.794 [main] DEBUG o.s.aop.framework.CglibAopProxy - Method is declared on Advised interface: public abstract int org.springframework.aop.framework.Advised.indexOf(org.springframework.aop.Advisor)
14:19:50.794 [main] DEBUG o.s.aop.framework.CglibAopProxy - Method is declared on Advised interface: public abstract int org.springframework.aop.framework.Advised.indexOf(org.aopalliance.aop.Advice)
14:19:50.794 [main] DEBUG o.s.aop.framework.CglibAopProxy - Method is declared on Advised interface: public abstract boolean org.springframework.aop.framework.Advised.isFrozen()
14:19:50.794 [main] DEBUG o.s.aop.framework.CglibAopProxy - Method is declared on Advised interface: public abstract boolean org.springframework.aop.framework.Advised.isProxyTargetClass()
14:19:50.794 [main] DEBUG o.s.aop.framework.CglibAopProxy - Method is declared on Advised interface: public abstract org.springframework.aop.TargetSource org.springframework.aop.framework.Advised.getTargetSource()
14:19:50.794 [main] DEBUG o.s.aop.framework.CglibAopProxy - Method is declared on Advised interface: public abstract void org.springframework.aop.framework.Advised.addAdvisor(int,org.springframework.aop.Advisor) throws org.springframework.aop.framework.AopConfigException
14:19:50.794 [main] DEBUG o.s.aop.framework.CglibAopProxy - Method is declared on Advised interface: public abstract void org.springframework.aop.framework.Advised.addAdvisor(org.springframework.aop.Advisor) throws org.springframework.aop.framework.AopConfigException
14:19:50.794 [main] DEBUG o.s.aop.framework.CglibAopProxy - Method is declared on Advised interface: public abstract void org.springframework.aop.framework.Advised.setTargetSource(org.springframework.aop.TargetSource)
14:19:50.794 [main] DEBUG o.s.aop.framework.CglibAopProxy - Method is declared on Advised interface: public abstract void org.springframework.aop.framework.Advised.setPreFiltered(boolean)
14:19:50.794 [main] DEBUG o.s.aop.framework.CglibAopProxy - Method is declared on Advised interface: public abstract void org.springframework.aop.framework.Advised.setExposeProxy(boolean)
14:19:50.794 [main] DEBUG o.s.aop.framework.CglibAopProxy - Method is declared on Advised interface: public abstract boolean org.springframework.aop.framework.Advised.isExposeProxy()
14:19:50.794 [main] DEBUG o.s.aop.framework.CglibAopProxy - Method is declared on Advised interface: public abstract void org.springframework.aop.framework.Advised.addAdvice(org.aopalliance.aop.Advice) throws org.springframework.aop.framework.AopConfigException
14:19:50.794 [main] DEBUG o.s.aop.framework.CglibAopProxy - Method is declared on Advised interface: public abstract void org.springframework.aop.framework.Advised.addAdvice(int,org.aopalliance.aop.Advice) throws org.springframework.aop.framework.AopConfigException
14:19:50.794 [main] DEBUG o.s.aop.framework.CglibAopProxy - Method is declared on Advised interface: public abstract boolean org.springframework.aop.framework.Advised.isPreFiltered()
14:19:50.794 [main] DEBUG o.s.aop.framework.CglibAopProxy - Method is declared on Advised interface: public abstract org.springframework.aop.Advisor[] org.springframework.aop.framework.Advised.getAdvisors()
14:19:50.794 [main] DEBUG o.s.aop.framework.CglibAopProxy - Method is declared on Advised interface: public abstract void org.springframework.aop.framework.Advised.removeAdvisor(int) throws org.springframework.aop.framework.AopConfigException
14:19:50.794 [main] DEBUG o.s.aop.framework.CglibAopProxy - Method is declared on Advised interface: public abstract boolean org.springframework.aop.framework.Advised.removeAdvisor(org.springframework.aop.Advisor)
14:19:50.794 [main] DEBUG o.s.aop.framework.CglibAopProxy - Method is declared on Advised interface: public abstract boolean org.springframework.aop.framework.Advised.replaceAdvisor(org.springframework.aop.Advisor,org.springframework.aop.Advisor) throws org.springframework.aop.framework.AopConfigException
14:19:50.794 [main] DEBUG o.s.aop.framework.CglibAopProxy - Method is declared on Advised interface: public abstract boolean org.springframework.aop.framework.Advised.removeAdvice(org.aopalliance.aop.Advice)
14:19:50.795 [main] DEBUG o.s.aop.framework.CglibAopProxy - Method is declared on Advised interface: public abstract java.lang.Class[] org.springframework.aop.framework.Advised.getProxiedInterfaces()
14:19:50.795 [main] DEBUG o.s.aop.framework.CglibAopProxy - Method is declared on Advised interface: public abstract boolean org.springframework.aop.framework.Advised.isInterfaceProxied(java.lang.Class)
14:19:50.795 [main] DEBUG o.s.aop.framework.CglibAopProxy - Method is declared on Advised interface: public abstract java.lang.String org.springframework.aop.framework.Advised.toProxyConfigString()
14:19:50.795 [main] DEBUG o.s.aop.framework.CglibAopProxy - Method is declared on Advised interface: public abstract java.lang.Class org.springframework.aop.TargetClassAware.getTargetClass()
14:19:50.807 [main] DEBUG o.s.b.f.s.DefaultListableBeanFactory - Finished creating instance of bean &apos;roleService&apos;
14:19:50.808 [main] DEBUG o.s.b.f.a.AutowiredAnnotationBeanPostProcessor - Autowiring by type from bean name &apos;userService&apos; to bean named &apos;roleService&apos;
14:19:50.808 [main] DEBUG o.s.b.f.annotation.InjectionMetadata - Processing injected element of bean &apos;userService&apos;: AutowiredFieldElement for private org.apache.ibatis.session.SqlSessionFactory cn.edu.nuc.article.service.UserService.sqlSessionFactory
14:19:50.808 [main] DEBUG o.s.b.f.s.DefaultListableBeanFactory - Returning cached instance of singleton bean &apos;sqlSessionFactory&apos;
14:19:50.808 [main] DEBUG o.s.b.f.a.AutowiredAnnotationBeanPostProcessor - Autowiring by type from bean name &apos;userService&apos; to bean named &apos;sqlSessionFactory&apos;
14:19:50.808 [main] DEBUG o.s.b.f.s.DefaultListableBeanFactory - Returning cached instance of singleton bean &apos;org.springframework.transaction.config.internalTransactionAdvisor&apos;
14:19:50.809 [main] DEBUG o.s.t.a.AnnotationTransactionAttributeSource - Adding transactional method &apos;UserService.addUser&apos; with attribute: PROPAGATION_REQUIRED,ISOLATION_DEFAULT; &apos;&apos;
14:19:50.809 [main] DEBUG o.s.a.f.a.InfrastructureAdvisorAutoProxyCreator - Creating implicit proxy for bean &apos;userService&apos; with 0 common interceptors and 1 specific interceptors
14:19:50.814 [main] DEBUG o.s.aop.framework.CglibAopProxy - Creating CGLIB proxy: target source is SingletonTargetSource for target object [cn.edu.nuc.article.service.UserService@5cdd09b1]
14:19:50.816 [main] DEBUG o.s.aop.framework.CglibAopProxy - Unable to apply any optimisations to advised method: public cn.edu.nuc.article.entity.User cn.edu.nuc.article.service.UserService.loginValidate(java.lang.String,java.lang.String)
14:19:50.816 [main] DEBUG o.s.aop.framework.CglibAopProxy - Unable to apply any optimisations to advised method: public java.util.List cn.edu.nuc.article.service.UserService.findByKeyword(cn.edu.nuc.article.entity.User)
14:19:50.816 [main] DEBUG o.s.aop.framework.CglibAopProxy - Unable to apply any optimisations to advised method: public java.util.List cn.edu.nuc.article.service.UserService.findValidUser()
14:19:50.816 [main] DEBUG o.s.aop.framework.CglibAopProxy - Unable to apply any optimisations to advised method: public boolean cn.edu.nuc.article.service.UserService.addUser(cn.edu.nuc.article.entity.User)
14:19:50.817 [main] DEBUG o.s.t.a.AnnotationTransactionAttributeSource - Adding transactional method &apos;UserService.updateUser&apos; with attribute: PROPAGATION_REQUIRED,ISOLATION_DEFAULT; &apos;&apos;
14:19:50.817 [main] DEBUG o.s.aop.framework.CglibAopProxy - Unable to apply any optimisations to advised method: public boolean cn.edu.nuc.article.service.UserService.updateUser(cn.edu.nuc.article.entity.User)
14:19:50.817 [main] DEBUG o.s.t.a.AnnotationTransactionAttributeSource - Adding transactional method &apos;UserService.addUserBatch&apos; with attribute: PROPAGATION_REQUIRED,ISOLATION_DEFAULT; &apos;&apos;
14:19:50.817 [main] DEBUG o.s.aop.framework.CglibAopProxy - Unable to apply any optimisations to advised method: public boolean cn.edu.nuc.article.service.UserService.addUserBatch(java.io.InputStream)
14:19:50.817 [main] DEBUG o.s.aop.framework.CglibAopProxy - Unable to apply any optimisations to advised method: public java.util.List cn.edu.nuc.article.service.UserService.findValidAuditor(java.lang.Integer)
14:19:50.817 [main] DEBUG o.s.aop.framework.CglibAopProxy - Unable to apply any optimisations to advised method: public boolean cn.edu.nuc.article.service.UserService.hasSameName(java.lang.Integer,java.lang.String)
14:19:50.817 [main] DEBUG o.s.aop.framework.CglibAopProxy - Unable to apply any optimisations to advised method: public cn.edu.nuc.article.entity.User cn.edu.nuc.article.service.UserService.findbyId(java.lang.Integer)
14:19:50.817 [main] DEBUG o.s.aop.framework.CglibAopProxy - Found &apos;equals&apos; method: public boolean java.lang.Object.equals(java.lang.Object)
14:19:50.817 [main] DEBUG o.s.aop.framework.CglibAopProxy - Unable to apply any optimisations to advised method: public java.lang.String java.lang.Object.toString()
14:19:50.817 [main] DEBUG o.s.aop.framework.CglibAopProxy - Found &apos;hashCode&apos; method: public native int java.lang.Object.hashCode()
14:19:50.817 [main] DEBUG o.s.aop.framework.CglibAopProxy - Unable to apply any optimisations to advised method: protected native java.lang.Object java.lang.Object.clone() throws java.lang.CloneNotSupportedException
14:19:50.817 [main] DEBUG o.s.aop.framework.CglibAopProxy - Method is declared on Advised interface: public abstract int org.springframework.aop.framework.Advised.indexOf(org.springframework.aop.Advisor)
14:19:50.817 [main] DEBUG o.s.aop.framework.CglibAopProxy - Method is declared on Advised interface: public abstract int org.springframework.aop.framework.Advised.indexOf(org.aopalliance.aop.Advice)
14:19:50.817 [main] DEBUG o.s.aop.framework.CglibAopProxy - Method is declared on Advised interface: public abstract boolean org.springframework.aop.framework.Advised.isFrozen()
14:19:50.817 [main] DEBUG o.s.aop.framework.CglibAopProxy - Method is declared on Advised interface: public abstract boolean org.springframework.aop.framework.Advised.isProxyTargetClass()
14:19:50.817 [main] DEBUG o.s.aop.framework.CglibAopProxy - Method is declared on Advised interface: public abstract org.springframework.aop.TargetSource org.springframework.aop.framework.Advised.getTargetSource()
14:19:50.818 [main] DEBUG o.s.aop.framework.CglibAopProxy - Method is declared on Advised interface: public abstract void org.springframework.aop.framework.Advised.addAdvisor(int,org.springframework.aop.Advisor) throws org.springframework.aop.framework.AopConfigException
14:19:50.819 [main] DEBUG o.s.aop.framework.CglibAopProxy - Method is declared on Advised interface: public abstract void org.springframework.aop.framework.Advised.addAdvisor(org.springframework.aop.Advisor) throws org.springframework.aop.framework.AopConfigException
14:19:50.820 [main] DEBUG o.s.aop.framework.CglibAopProxy - Method is declared on Advised interface: public abstract void org.springframework.aop.framework.Advised.setTargetSource(org.springframework.aop.TargetSource)
14:19:50.821 [main] DEBUG o.s.aop.framework.CglibAopProxy - Method is declared on Advised interface: public abstract void org.springframework.aop.framework.Advised.setPreFiltered(boolean)
14:19:50.821 [main] DEBUG o.s.aop.framework.CglibAopProxy - Method is declared on Advised interface: public abstract void org.springframework.aop.framework.Advised.setExposeProxy(boolean)
14:19:50.821 [main] DEBUG o.s.aop.framework.CglibAopProxy - Method is declared on Advised interface: public abstract boolean org.springframework.aop.framework.Advised.isExposeProxy()
14:19:50.821 [main] DEBUG o.s.aop.framework.CglibAopProxy - Method is declared on Advised interface: public abstract void org.springframework.aop.framework.Advised.addAdvice(org.aopalliance.aop.Advice) throws org.springframework.aop.framework.AopConfigException
14:19:50.821 [main] DEBUG o.s.aop.framework.CglibAopProxy - Method is declared on Advised interface: public abstract void org.springframework.aop.framework.Advised.addAdvice(int,org.aopalliance.aop.Advice) throws org.springframework.aop.framework.AopConfigException
14:19:50.821 [main] DEBUG o.s.aop.framework.CglibAopProxy - Method is declared on Advised interface: public abstract boolean org.springframework.aop.framework.Advised.isPreFiltered()
14:19:50.821 [main] DEBUG o.s.aop.framework.CglibAopProxy - Method is declared on Advised interface: public abstract org.springframework.aop.Advisor[] org.springframework.aop.framework.Advised.getAdvisors()
14:19:50.821 [main] DEBUG o.s.aop.framework.CglibAopProxy - Method is declared on Advised interface: public abstract void org.springframework.aop.framework.Advised.removeAdvisor(int) throws org.springframework.aop.framework.AopConfigException
14:19:50.821 [main] DEBUG o.s.aop.framework.CglibAopProxy - Method is declared on Advised interface: public abstract boolean org.springframework.aop.framework.Advised.removeAdvisor(org.springframework.aop.Advisor)
14:19:50.821 [main] DEBUG o.s.aop.framework.CglibAopProxy - Method is declared on Advised interface: public abstract boolean org.springframework.aop.framework.Advised.replaceAdvisor(org.springframework.aop.Advisor,org.springframework.aop.Advisor) throws org.springframework.aop.framework.AopConfigException
14:19:50.821 [main] DEBUG o.s.aop.framework.CglibAopProxy - Method is declared on Advised interface: public abstract boolean org.springframework.aop.framework.Advised.removeAdvice(org.aopalliance.aop.Advice)
14:19:50.821 [main] DEBUG o.s.aop.framework.CglibAopProxy - Method is declared on Advised interface: public abstract java.lang.Class[] org.springframework.aop.framework.Advised.getProxiedInterfaces()
14:19:50.821 [main] DEBUG o.s.aop.framework.CglibAopProxy - Method is declared on Advised interface: public abstract boolean org.springframework.aop.framework.Advised.isInterfaceProxied(java.lang.Class)
14:19:50.821 [main] DEBUG o.s.aop.framework.CglibAopProxy - Method is declared on Advised interface: public abstract java.lang.String org.springframework.aop.framework.Advised.toProxyConfigString()
14:19:50.821 [main] DEBUG o.s.aop.framework.CglibAopProxy - Method is declared on Advised interface: public abstract java.lang.Class org.springframework.aop.TargetClassAware.getTargetClass()
14:19:50.832 [main] DEBUG o.s.b.f.s.DefaultListableBeanFactory - Finished creating instance of bean &apos;userService&apos;
14:19:50.832 [main] DEBUG o.s.b.f.a.AutowiredAnnotationBeanPostProcessor - Autowiring by type from bean name &apos;articleService&apos; to bean named &apos;userService&apos;
14:19:50.832 [main] DEBUG o.s.b.f.annotation.InjectionMetadata - Processing injected element of bean &apos;articleService&apos;: AutowiredFieldElement for private cn.edu.nuc.article.service.InstitutionService cn.edu.nuc.article.service.ArticleService.institutionService
14:19:50.832 [main] DEBUG o.s.b.f.s.DefaultListableBeanFactory - Returning cached instance of singleton bean &apos;institutionService&apos;
14:19:50.832 [main] DEBUG o.s.b.f.a.AutowiredAnnotationBeanPostProcessor - Autowiring by type from bean name &apos;articleService&apos; to bean named &apos;institutionService&apos;
14:19:50.833 [main] DEBUG o.s.b.f.s.DefaultListableBeanFactory - Returning cached instance of singleton bean &apos;org.springframework.transaction.config.internalTransactionAdvisor&apos;
14:19:50.833 [main] DEBUG o.s.b.f.s.DefaultListableBeanFactory - Finished creating instance of bean &apos;articleService&apos;
14:19:50.833 [main] DEBUG o.s.b.f.s.DefaultListableBeanFactory - Creating shared instance of singleton bean &apos;attachmentService&apos;
14:19:50.833 [main] DEBUG o.s.b.f.s.DefaultListableBeanFactory - Creating instance of bean &apos;attachmentService&apos;
14:19:50.833 [main] DEBUG o.s.b.f.annotation.InjectionMetadata - Registered injected element on class [cn.edu.nuc.article.service.AttachmentService]: AutowiredFieldElement for private cn.edu.nuc.article.dao.AttachmentMapper cn.edu.nuc.article.service.AttachmentService.attachmentMapper
14:19:50.833 [main] DEBUG o.s.b.f.s.DefaultListableBeanFactory - Eagerly caching bean &apos;attachmentService&apos; to allow for resolving potential circular references
14:19:50.835 [main] DEBUG o.s.b.f.annotation.InjectionMetadata - Processing injected element of bean &apos;attachmentService&apos;: AutowiredFieldElement for private cn.edu.nuc.article.dao.AttachmentMapper cn.edu.nuc.article.service.AttachmentService.attachmentMapper
14:19:50.892 [main] DEBUG o.s.b.f.s.DefaultListableBeanFactory - Creating shared instance of singleton bean &apos;attachmentMapper&apos;
14:19:50.892 [main] DEBUG o.s.b.f.s.DefaultListableBeanFactory - Creating instance of bean &apos;attachmentMapper&apos;
14:19:50.893 [main] DEBUG o.s.b.f.s.DefaultListableBeanFactory - Eagerly caching bean &apos;attachmentMapper&apos; to allow for resolving potential circular references
14:19:50.893 [main] DEBUG o.s.b.f.s.DefaultListableBeanFactory - Returning cached instance of singleton bean &apos;sqlSessionFactory&apos;
14:19:50.893 [main] DEBUG o.s.b.f.s.DefaultListableBeanFactory - Invoking afterPropertiesSet() on bean with name &apos;attachmentMapper&apos;
14:19:50.893 [main] DEBUG o.s.b.f.s.DefaultListableBeanFactory - Returning cached instance of singleton bean &apos;org.springframework.transaction.config.internalTransactionAdvisor&apos;
14:19:50.894 [main] DEBUG o.s.b.f.s.DefaultListableBeanFactory - Finished creating instance of bean &apos;attachmentMapper&apos;
14:19:50.895 [main] DEBUG o.s.b.f.s.DefaultListableBeanFactory - Returning cached instance of singleton bean &apos;org.springframework.transaction.config.internalTransactionAdvisor&apos;
14:19:50.896 [main] DEBUG o.s.b.f.a.AutowiredAnnotationBeanPostProcessor - Autowiring by type from bean name &apos;attachmentService&apos; to bean named &apos;attachmentMapper&apos;
14:19:50.896 [main] DEBUG o.s.b.f.s.DefaultListableBeanFactory - Returning cached instance of singleton bean &apos;org.springframework.transaction.config.internalTransactionAdvisor&apos;
14:19:50.896 [main] DEBUG o.s.b.f.s.DefaultListableBeanFactory - Finished creating instance of bean &apos;attachmentService&apos;
14:19:50.897 [main] DEBUG o.s.b.f.s.DefaultListableBeanFactory - Creating shared instance of singleton bean &apos;auditMessageService&apos;
14:19:50.897 [main] DEBUG o.s.b.f.s.DefaultListableBeanFactory - Creating instance of bean &apos;auditMessageService&apos;
14:19:50.898 [main] DEBUG o.s.b.f.annotation.InjectionMetadata - Registered injected element on class [cn.edu.nuc.article.service.AuditMessageService]: AutowiredFieldElement for private cn.edu.nuc.article.dao.AuditMessageMapper cn.edu.nuc.article.service.AuditMessageService.auditMessageMapper
14:19:50.898 [main] DEBUG o.s.b.f.s.DefaultListableBeanFactory - Eagerly caching bean &apos;auditMessageService&apos; to allow for resolving potential circular references
14:19:50.899 [main] DEBUG o.s.b.f.annotation.InjectionMetadata - Processing injected element of bean &apos;auditMessageService&apos;: AutowiredFieldElement for private cn.edu.nuc.article.dao.AuditMessageMapper cn.edu.nuc.article.service.AuditMessageService.auditMessageMapper
14:19:50.900 [main] DEBUG o.s.b.f.s.DefaultListableBeanFactory - Creating shared instance of singleton bean &apos;auditMessageMapper&apos;
14:19:50.900 [main] DEBUG o.s.b.f.s.DefaultListableBeanFactory - Creating instance of bean &apos;auditMessageMapper&apos;
14:19:50.901 [main] DEBUG o.s.b.f.s.DefaultListableBeanFactory - Eagerly caching bean &apos;auditMessageMapper&apos; to allow for resolving potential circular references
14:19:50.901 [main] DEBUG o.s.b.f.s.DefaultListableBeanFactory - Returning cached instance of singleton bean &apos;sqlSessionFactory&apos;
14:19:50.901 [main] DEBUG o.s.b.f.s.DefaultListableBeanFactory - Invoking afterPropertiesSet() on bean with name &apos;auditMessageMapper&apos;
14:19:50.901 [main] DEBUG o.s.b.f.s.DefaultListableBeanFactory - Returning cached instance of singleton bean &apos;org.springframework.transaction.config.internalTransactionAdvisor&apos;
14:19:50.902 [main] DEBUG o.s.b.f.s.DefaultListableBeanFactory - Finished creating instance of bean &apos;auditMessageMapper&apos;
14:19:50.903 [main] DEBUG o.s.b.f.s.DefaultListableBeanFactory - Returning cached instance of singleton bean &apos;org.springframework.transaction.config.internalTransactionAdvisor&apos;
14:19:50.903 [main] DEBUG o.s.b.f.a.AutowiredAnnotationBeanPostProcessor - Autowiring by type from bean name &apos;auditMessageService&apos; to bean named &apos;auditMessageMapper&apos;
14:19:50.904 [main] DEBUG o.s.b.f.s.DefaultListableBeanFactory - Returning cached instance of singleton bean &apos;org.springframework.transaction.config.internalTransactionAdvisor&apos;
14:19:50.904 [main] DEBUG o.s.t.a.AnnotationTransactionAttributeSource - Adding transactional method &apos;AuditMessageService.addAuditMessage&apos; with attribute: PROPAGATION_REQUIRED,ISOLATION_DEFAULT; &apos;&apos;
14:19:50.904 [main] DEBUG o.s.a.f.a.InfrastructureAdvisorAutoProxyCreator - Creating implicit proxy for bean &apos;auditMessageService&apos; with 0 common interceptors and 1 specific interceptors
14:19:50.905 [main] DEBUG o.s.aop.framework.CglibAopProxy - Creating CGLIB proxy: target source is SingletonTargetSource for target object [cn.edu.nuc.article.service.AuditMessageService@5829e4f4]
14:19:50.905 [main] DEBUG o.s.aop.framework.CglibAopProxy - Unable to apply any optimisations to advised method: public boolean cn.edu.nuc.article.service.AuditMessageService.addAuditMessage(cn.edu.nuc.article.entity.AuditMessage)
14:19:50.906 [main] DEBUG o.s.aop.framework.CglibAopProxy - Found &apos;equals&apos; method: public boolean java.lang.Object.equals(java.lang.Object)
14:19:50.906 [main] DEBUG o.s.aop.framework.CglibAopProxy - Unable to apply any optimisations to advised method: public java.lang.String java.lang.Object.toString()
14:19:50.906 [main] DEBUG o.s.aop.framework.CglibAopProxy - Found &apos;hashCode&apos; method: public native int java.lang.Object.hashCode()
14:19:50.906 [main] DEBUG o.s.aop.framework.CglibAopProxy - Unable to apply any optimisations to advised method: protected native java.lang.Object java.lang.Object.clone() throws java.lang.CloneNotSupportedException
14:19:50.906 [main] DEBUG o.s.aop.framework.CglibAopProxy - Method is declared on Advised interface: public abstract int org.springframework.aop.framework.Advised.indexOf(org.springframework.aop.Advisor)
14:19:50.906 [main] DEBUG o.s.aop.framework.CglibAopProxy - Method is declared on Advised interface: public abstract int org.springframework.aop.framework.Advised.indexOf(org.aopalliance.aop.Advice)
14:19:50.907 [main] DEBUG o.s.aop.framework.CglibAopProxy - Method is declared on Advised interface: public abstract boolean org.springframework.aop.framework.Advised.isFrozen()
14:19:50.907 [main] DEBUG o.s.aop.framework.CglibAopProxy - Method is declared on Advised interface: public abstract boolean org.springframework.aop.framework.Advised.isProxyTargetClass()
14:19:50.907 [main] DEBUG o.s.aop.framework.CglibAopProxy - Method is declared on Advised interface: public abstract org.springframework.aop.TargetSource org.springframework.aop.framework.Advised.getTargetSource()
14:19:50.907 [main] DEBUG o.s.aop.framework.CglibAopProxy - Method is declared on Advised interface: public abstract void org.springframework.aop.framework.Advised.addAdvisor(int,org.springframework.aop.Advisor) throws org.springframework.aop.framework.AopConfigException
14:19:50.907 [main] DEBUG o.s.aop.framework.CglibAopProxy - Method is declared on Advised interface: public abstract void org.springframework.aop.framework.Advised.addAdvisor(org.springframework.aop.Advisor) throws org.springframework.aop.framework.AopConfigException
14:19:50.907 [main] DEBUG o.s.aop.framework.CglibAopProxy - Method is declared on Advised interface: public abstract void org.springframework.aop.framework.Advised.setTargetSource(org.springframework.aop.TargetSource)
14:19:50.908 [main] DEBUG o.s.aop.framework.CglibAopProxy - Method is declared on Advised interface: public abstract void org.springframework.aop.framework.Advised.setPreFiltered(boolean)
14:19:50.908 [main] DEBUG o.s.aop.framework.CglibAopProxy - Method is declared on Advised interface: public abstract void org.springframework.aop.framework.Advised.setExposeProxy(boolean)
14:19:50.908 [main] DEBUG o.s.aop.framework.CglibAopProxy - Method is declared on Advised interface: public abstract boolean org.springframework.aop.framework.Advised.isExposeProxy()
14:19:50.908 [main] DEBUG o.s.aop.framework.CglibAopProxy - Method is declared on Advised interface: public abstract void org.springframework.aop.framework.Advised.addAdvice(org.aopalliance.aop.Advice) throws org.springframework.aop.framework.AopConfigException
14:19:50.908 [main] DEBUG o.s.aop.framework.CglibAopProxy - Method is declared on Advised interface: public abstract void org.springframework.aop.framework.Advised.addAdvice(int,org.aopalliance.aop.Advice) throws org.springframework.aop.framework.AopConfigException
14:19:50.909 [main] DEBUG o.s.aop.framework.CglibAopProxy - Method is declared on Advised interface: public abstract boolean org.springframework.aop.framework.Advised.isPreFiltered()
14:19:50.909 [main] DEBUG o.s.aop.framework.CglibAopProxy - Method is declared on Advised interface: public abstract org.springframework.aop.Advisor[] org.springframework.aop.framework.Advised.getAdvisors()
14:19:50.909 [main] DEBUG o.s.aop.framework.CglibAopProxy - Method is declared on Advised interface: public abstract void org.springframework.aop.framework.Advised.removeAdvisor(int) throws org.springframework.aop.framework.AopConfigException
14:19:50.909 [main] DEBUG o.s.aop.framework.CglibAopProxy - Method is declared on Advised interface: public abstract boolean org.springframework.aop.framework.Advised.removeAdvisor(org.springframework.aop.Advisor)
14:19:50.909 [main] DEBUG o.s.aop.framework.CglibAopProxy - Method is declared on Advised interface: public abstract boolean org.springframework.aop.framework.Advised.replaceAdvisor(org.springframework.aop.Advisor,org.springframework.aop.Advisor) throws org.springframework.aop.framework.AopConfigException
14:19:50.909 [main] DEBUG o.s.aop.framework.CglibAopProxy - Method is declared on Advised interface: public abstract boolean org.springframework.aop.framework.Advised.removeAdvice(org.aopalliance.aop.Advice)
14:19:50.910 [main] DEBUG o.s.aop.framework.CglibAopProxy - Method is declared on Advised interface: public abstract java.lang.Class[] org.springframework.aop.framework.Advised.getProxiedInterfaces()
14:19:50.910 [main] DEBUG o.s.aop.framework.CglibAopProxy - Method is declared on Advised interface: public abstract boolean org.springframework.aop.framework.Advised.isInterfaceProxied(java.lang.Class)
14:19:50.910 [main] DEBUG o.s.aop.framework.CglibAopProxy - Method is declared on Advised interface: public abstract java.lang.String org.springframework.aop.framework.Advised.toProxyConfigString()
14:19:50.910 [main] DEBUG o.s.aop.framework.CglibAopProxy - Method is declared on Advised interface: public abstract java.lang.Class org.springframework.aop.TargetClassAware.getTargetClass()
14:19:50.951 [main] DEBUG o.s.b.f.s.DefaultListableBeanFactory - Finished creating instance of bean &apos;auditMessageService&apos;
14:19:50.952 [main] DEBUG o.s.b.f.s.DefaultListableBeanFactory - Creating shared instance of singleton bean &apos;fileService&apos;
14:19:50.952 [main] DEBUG o.s.b.f.s.DefaultListableBeanFactory - Creating instance of bean &apos;fileService&apos;
14:19:50.957 [main] DEBUG o.s.b.f.s.DefaultListableBeanFactory - Eagerly caching bean &apos;fileService&apos; to allow for resolving potential circular references
14:19:50.958 [main] DEBUG o.s.b.f.s.DefaultListableBeanFactory - Returning cached instance of singleton bean &apos;org.springframework.transaction.config.internalTransactionAdvisor&apos;
14:19:50.958 [main] DEBUG o.s.b.f.s.DefaultListableBeanFactory - Finished creating instance of bean &apos;fileService&apos;
14:19:50.958 [main] DEBUG o.s.b.f.s.DefaultListableBeanFactory - Creating shared instance of singleton bean &apos;functionService&apos;
14:19:50.958 [main] DEBUG o.s.b.f.s.DefaultListableBeanFactory - Creating instance of bean &apos;functionService&apos;
14:19:50.959 [main] DEBUG o.s.b.f.annotation.InjectionMetadata - Registered injected element on class [cn.edu.nuc.article.service.FunctionService]: AutowiredFieldElement for private cn.edu.nuc.article.dao.FunctionMapper cn.edu.nuc.article.service.FunctionService.functionMapper
14:19:50.959 [main] DEBUG o.s.b.f.s.DefaultListableBeanFactory - Eagerly caching bean &apos;functionService&apos; to allow for resolving potential circular references
14:19:50.961 [main] DEBUG o.s.b.f.annotation.InjectionMetadata - Processing injected element of bean &apos;functionService&apos;: AutowiredFieldElement for private cn.edu.nuc.article.dao.FunctionMapper cn.edu.nuc.article.service.FunctionService.functionMapper
14:19:50.961 [main] DEBUG o.s.b.f.s.DefaultListableBeanFactory - Creating shared instance of singleton bean &apos;functionMapper&apos;
14:19:50.962 [main] DEBUG o.s.b.f.s.DefaultListableBeanFactory - Creating instance of bean &apos;functionMapper&apos;
14:19:50.962 [main] DEBUG o.s.b.f.s.DefaultListableBeanFactory - Eagerly caching bean &apos;functionMapper&apos; to allow for resolving potential circular references
14:19:50.962 [main] DEBUG o.s.b.f.s.DefaultListableBeanFactory - Returning cached instance of singleton bean &apos;sqlSessionFactory&apos;
14:19:50.962 [main] DEBUG o.s.b.f.s.DefaultListableBeanFactory - Invoking afterPropertiesSet() on bean with name &apos;functionMapper&apos;
14:19:50.962 [main] DEBUG o.s.b.f.s.DefaultListableBeanFactory - Returning cached instance of singleton bean &apos;org.springframework.transaction.config.internalTransactionAdvisor&apos;
14:19:50.963 [main] DEBUG o.s.b.f.s.DefaultListableBeanFactory - Finished creating instance of bean &apos;functionMapper&apos;
14:19:50.964 [main] DEBUG o.s.b.f.s.DefaultListableBeanFactory - Returning cached instance of singleton bean &apos;org.springframework.transaction.config.internalTransactionAdvisor&apos;
14:19:50.965 [main] DEBUG o.s.b.f.a.AutowiredAnnotationBeanPostProcessor - Autowiring by type from bean name &apos;functionService&apos; to bean named &apos;functionMapper&apos;
14:19:50.965 [main] DEBUG o.s.b.f.s.DefaultListableBeanFactory - Returning cached instance of singleton bean &apos;org.springframework.transaction.config.internalTransactionAdvisor&apos;
14:19:50.965 [main] DEBUG o.s.t.a.AnnotationTransactionAttributeSource - Adding transactional method &apos;FunctionService.modifyFunction&apos; with attribute: PROPAGATION_REQUIRED,ISOLATION_DEFAULT; &apos;&apos;
14:19:50.966 [main] DEBUG o.s.a.f.a.InfrastructureAdvisorAutoProxyCreator - Creating implicit proxy for bean &apos;functionService&apos; with 0 common interceptors and 1 specific interceptors
14:19:50.966 [main] DEBUG o.s.aop.framework.CglibAopProxy - Creating CGLIB proxy: target source is SingletonTargetSource for target object [cn.edu.nuc.article.service.FunctionService@333dd51e]
14:19:50.967 [main] DEBUG o.s.aop.framework.CglibAopProxy - Unable to apply any optimisations to advised method: public boolean cn.edu.nuc.article.service.FunctionService.modifyFunction(cn.edu.nuc.article.entity.Function)
14:19:50.967 [main] DEBUG o.s.aop.framework.CglibAopProxy - Unable to apply any optimisations to advised method: public cn.edu.nuc.article.entity.Function cn.edu.nuc.article.service.FunctionService.getFunctionById(java.lang.Integer)
14:19:50.968 [main] DEBUG o.s.aop.framework.CglibAopProxy - Unable to apply any optimisations to advised method: public java.util.List cn.edu.nuc.article.service.FunctionService.getTopFunctions()
14:19:50.968 [main] DEBUG o.s.t.a.AnnotationTransactionAttributeSource - Adding transactional method &apos;FunctionService.addFunction&apos; with attribute: PROPAGATION_REQUIRED,ISOLATION_DEFAULT; &apos;&apos;
14:19:50.968 [main] DEBUG o.s.aop.framework.CglibAopProxy - Unable to apply any optimisations to advised method: public boolean cn.edu.nuc.article.service.FunctionService.addFunction(cn.edu.nuc.article.entity.Function)
14:19:50.968 [main] DEBUG o.s.aop.framework.CglibAopProxy - Unable to apply any optimisations to advised method: public boolean cn.edu.nuc.article.service.FunctionService.hasSameFunction(java.lang.Integer,java.lang.String)
14:19:50.968 [main] DEBUG o.s.aop.framework.CglibAopProxy - Unable to apply any optimisations to advised method: public java.util.List cn.edu.nuc.article.service.FunctionService.getFunctionList(cn.edu.nuc.article.entity.Function)
14:19:50.968 [main] DEBUG o.s.aop.framework.CglibAopProxy - Found &apos;equals&apos; method: public boolean java.lang.Object.equals(java.lang.Object)
14:19:50.968 [main] DEBUG o.s.aop.framework.CglibAopProxy - Unable to apply any optimisations to advised method: public java.lang.String java.lang.Object.toString()
14:19:50.969 [main] DEBUG o.s.aop.framework.CglibAopProxy - Found &apos;hashCode&apos; method: public native int java.lang.Object.hashCode()
14:19:50.969 [main] DEBUG o.s.aop.framework.CglibAopProxy - Unable to apply any optimisations to advised method: protected native java.lang.Object java.lang.Object.clone() throws java.lang.CloneNotSupportedException
14:19:50.969 [main] DEBUG o.s.aop.framework.CglibAopProxy - Method is declared on Advised interface: public abstract int org.springframework.aop.framework.Advised.indexOf(org.springframework.aop.Advisor)
14:19:50.969 [main] DEBUG o.s.aop.framework.CglibAopProxy - Method is declared on Advised interface: public abstract int org.springframework.aop.framework.Advised.indexOf(org.aopalliance.aop.Advice)
14:19:50.969 [main] DEBUG o.s.aop.framework.CglibAopProxy - Method is declared on Advised interface: public abstract boolean org.springframework.aop.framework.Advised.isFrozen()
14:19:50.969 [main] DEBUG o.s.aop.framework.CglibAopProxy - Method is declared on Advised interface: public abstract boolean org.springframework.aop.framework.Advised.isProxyTargetClass()
14:19:50.969 [main] DEBUG o.s.aop.framework.CglibAopProxy - Method is declared on Advised interface: public abstract org.springframework.aop.TargetSource org.springframework.aop.framework.Advised.getTargetSource()
14:19:50.969 [main] DEBUG o.s.aop.framework.CglibAopProxy - Method is declared on Advised interface: public abstract void org.springframework.aop.framework.Advised.addAdvisor(int,org.springframework.aop.Advisor) throws org.springframework.aop.framework.AopConfigException
14:19:50.969 [main] DEBUG o.s.aop.framework.CglibAopProxy - Method is declared on Advised interface: public abstract void org.springframework.aop.framework.Advised.addAdvisor(org.springframework.aop.Advisor) throws org.springframework.aop.framework.AopConfigException
14:19:50.969 [main] DEBUG o.s.aop.framework.CglibAopProxy - Method is declared on Advised interface: public abstract void org.springframework.aop.framework.Advised.setTargetSource(org.springframework.aop.TargetSource)
14:19:50.970 [main] DEBUG o.s.aop.framework.CglibAopProxy - Method is declared on Advised interface: public abstract void org.springframework.aop.framework.Advised.setPreFiltered(boolean)
14:19:50.970 [main] DEBUG o.s.aop.framework.CglibAopProxy - Method is declared on Advised interface: public abstract void org.springframework.aop.framework.Advised.setExposeProxy(boolean)
14:19:50.970 [main] DEBUG o.s.aop.framework.CglibAopProxy - Method is declared on Advised interface: public abstract boolean org.springframework.aop.framework.Advised.isExposeProxy()
14:19:50.970 [main] DEBUG o.s.aop.framework.CglibAopProxy - Method is declared on Advised interface: public abstract void org.springframework.aop.framework.Advised.addAdvice(org.aopalliance.aop.Advice) throws org.springframework.aop.framework.AopConfigException
14:19:50.970 [main] DEBUG o.s.aop.framework.CglibAopProxy - Method is declared on Advised interface: public abstract void org.springframework.aop.framework.Advised.addAdvice(int,org.aopalliance.aop.Advice) throws org.springframework.aop.framework.AopConfigException
14:19:50.970 [main] DEBUG o.s.aop.framework.CglibAopProxy - Method is declared on Advised interface: public abstract boolean org.springframework.aop.framework.Advised.isPreFiltered()
14:19:50.970 [main] DEBUG o.s.aop.framework.CglibAopProxy - Method is declared on Advised interface: public abstract org.springframework.aop.Advisor[] org.springframework.aop.framework.Advised.getAdvisors()
14:19:50.970 [main] DEBUG o.s.aop.framework.CglibAopProxy - Method is declared on Advised interface: public abstract void org.springframework.aop.framework.Advised.removeAdvisor(int) throws org.springframework.aop.framework.AopConfigException
14:19:50.970 [main] DEBUG o.s.aop.framework.CglibAopProxy - Method is declared on Advised interface: public abstract boolean org.springframework.aop.framework.Advised.removeAdvisor(org.springframework.aop.Advisor)
14:19:50.970 [main] DEBUG o.s.aop.framework.CglibAopProxy - Method is declared on Advised interface: public abstract boolean org.springframework.aop.framework.Advised.replaceAdvisor(org.springframework.aop.Advisor,org.springframework.aop.Advisor) throws org.springframework.aop.framework.AopConfigException
14:19:50.971 [main] DEBUG o.s.aop.framework.CglibAopProxy - Method is declared on Advised interface: public abstract boolean org.springframework.aop.framework.Advised.removeAdvice(org.aopalliance.aop.Advice)
14:19:50.971 [main] DEBUG o.s.aop.framework.CglibAopProxy - Method is declared on Advised interface: public abstract java.lang.Class[] org.springframework.aop.framework.Advised.getProxiedInterfaces()
14:19:50.971 [main] DEBUG o.s.aop.framework.CglibAopProxy - Method is declared on Advised interface: public abstract boolean org.springframework.aop.framework.Advised.isInterfaceProxied(java.lang.Class)
14:19:50.971 [main] DEBUG o.s.aop.framework.CglibAopProxy - Method is declared on Advised interface: public abstract java.lang.String org.springframework.aop.framework.Advised.toProxyConfigString()
14:19:50.971 [main] DEBUG o.s.aop.framework.CglibAopProxy - Method is declared on Advised interface: public abstract java.lang.Class org.springframework.aop.TargetClassAware.getTargetClass()
14:19:50.991 [main] DEBUG o.s.b.f.s.DefaultListableBeanFactory - Finished creating instance of bean &apos;functionService&apos;
14:19:50.991 [main] DEBUG o.s.b.f.s.DefaultListableBeanFactory - Returning cached instance of singleton bean &apos;institutionService&apos;
14:19:50.991 [main] DEBUG o.s.b.f.s.DefaultListableBeanFactory - Creating shared instance of singleton bean &apos;logService&apos;
14:19:50.991 [main] DEBUG o.s.b.f.s.DefaultListableBeanFactory - Creating instance of bean &apos;logService&apos;
14:19:50.993 [main] DEBUG o.s.b.f.annotation.InjectionMetadata - Registered injected element on class [cn.edu.nuc.article.service.LogService]: AutowiredFieldElement for private cn.edu.nuc.article.dao.LogMapper cn.edu.nuc.article.service.LogService.logMapper
14:19:50.993 [main] DEBUG o.s.b.f.s.DefaultListableBeanFactory - Eagerly caching bean &apos;logService&apos; to allow for resolving potential circular references
14:19:50.994 [main] DEBUG o.s.b.f.annotation.InjectionMetadata - Processing injected element of bean &apos;logService&apos;: AutowiredFieldElement for private cn.edu.nuc.article.dao.LogMapper cn.edu.nuc.article.service.LogService.logMapper
14:19:50.995 [main] DEBUG o.s.b.f.s.DefaultListableBeanFactory - Creating shared instance of singleton bean &apos;logMapper&apos;
14:19:50.995 [main] DEBUG o.s.b.f.s.DefaultListableBeanFactory - Creating instance of bean &apos;logMapper&apos;
14:19:50.995 [main] DEBUG o.s.b.f.s.DefaultListableBeanFactory - Eagerly caching bean &apos;logMapper&apos; to allow for resolving potential circular references
14:19:50.995 [main] DEBUG o.s.b.f.s.DefaultListableBeanFactory - Returning cached instance of singleton bean &apos;sqlSessionFactory&apos;
14:19:50.996 [main] DEBUG o.s.b.f.s.DefaultListableBeanFactory - Invoking afterPropertiesSet() on bean with name &apos;logMapper&apos;
14:19:50.996 [main] DEBUG o.s.b.f.s.DefaultListableBeanFactory - Returning cached instance of singleton bean &apos;org.springframework.transaction.config.internalTransactionAdvisor&apos;
14:19:50.996 [main] DEBUG o.s.b.f.s.DefaultListableBeanFactory - Finished creating instance of bean &apos;logMapper&apos;
14:19:50.997 [main] DEBUG o.s.b.f.s.DefaultListableBeanFactory - Returning cached instance of singleton bean &apos;org.springframework.transaction.config.internalTransactionAdvisor&apos;
14:19:50.997 [main] DEBUG o.s.b.f.a.AutowiredAnnotationBeanPostProcessor - Autowiring by type from bean name &apos;logService&apos; to bean named &apos;logMapper&apos;
14:19:50.997 [main] DEBUG o.s.b.f.s.DefaultListableBeanFactory - Returning cached instance of singleton bean &apos;org.springframework.transaction.config.internalTransactionAdvisor&apos;
14:19:51.000 [main] DEBUG o.s.t.a.AnnotationTransactionAttributeSource - Adding transactional method &apos;LogService.addLog&apos; with attribute: PROPAGATION_REQUIRED,ISOLATION_DEFAULT; &apos;&apos;
14:19:51.000 [main] DEBUG o.s.a.f.a.InfrastructureAdvisorAutoProxyCreator - Creating implicit proxy for bean &apos;logService&apos; with 0 common interceptors and 1 specific interceptors
14:19:51.000 [main] DEBUG o.s.aop.framework.CglibAopProxy - Creating CGLIB proxy: target source is SingletonTargetSource for target object [cn.edu.nuc.article.service.LogService@3d9f6567]
14:19:51.000 [main] DEBUG o.s.aop.framework.CglibAopProxy - Unable to apply any optimisations to advised method: public java.util.List cn.edu.nuc.article.service.LogService.findByKeyword(cn.edu.nuc.article.entity.Log)
14:19:51.000 [main] DEBUG o.s.aop.framework.CglibAopProxy - Unable to apply any optimisations to advised method: public boolean cn.edu.nuc.article.service.LogService.addLog(cn.edu.nuc.article.entity.Log)
14:19:51.000 [main] DEBUG o.s.aop.framework.CglibAopProxy - Found &apos;equals&apos; method: public boolean java.lang.Object.equals(java.lang.Object)
14:19:51.000 [main] DEBUG o.s.aop.framework.CglibAopProxy - Unable to apply any optimisations to advised method: public java.lang.String java.lang.Object.toString()
14:19:51.000 [main] DEBUG o.s.aop.framework.CglibAopProxy - Found &apos;hashCode&apos; method: public native int java.lang.Object.hashCode()
14:19:51.000 [main] DEBUG o.s.aop.framework.CglibAopProxy - Unable to apply any optimisations to advised method: protected native java.lang.Object java.lang.Object.clone() throws java.lang.CloneNotSupportedException
14:19:51.000 [main] DEBUG o.s.aop.framework.CglibAopProxy - Method is declared on Advised interface: public abstract int org.springframework.aop.framework.Advised.indexOf(org.springframework.aop.Advisor)
14:19:51.001 [main] DEBUG o.s.aop.framework.CglibAopProxy - Method is declared on Advised interface: public abstract int org.springframework.aop.framework.Advised.indexOf(org.aopalliance.aop.Advice)
14:19:51.001 [main] DEBUG o.s.aop.framework.CglibAopProxy - Method is declared on Advised interface: public abstract boolean org.springframework.aop.framework.Advised.isFrozen()
14:19:51.001 [main] DEBUG o.s.aop.framework.CglibAopProxy - Method is declared on Advised interface: public abstract boolean org.springframework.aop.framework.Advised.isProxyTargetClass()
14:19:51.001 [main] DEBUG o.s.aop.framework.CglibAopProxy - Method is declared on Advised interface: public abstract org.springframework.aop.TargetSource org.springframework.aop.framework.Advised.getTargetSource()
14:19:51.001 [main] DEBUG o.s.aop.framework.CglibAopProxy - Method is declared on Advised interface: public abstract void org.springframework.aop.framework.Advised.addAdvisor(int,org.springframework.aop.Advisor) throws org.springframework.aop.framework.AopConfigException
14:19:51.001 [main] DEBUG o.s.aop.framework.CglibAopProxy - Method is declared on Advised interface: public abstract void org.springframework.aop.framework.Advised.addAdvisor(org.springframework.aop.Advisor) throws org.springframework.aop.framework.AopConfigException
14:19:51.001 [main] DEBUG o.s.aop.framework.CglibAopProxy - Method is declared on Advised interface: public abstract void org.springframework.aop.framework.Advised.setTargetSource(org.springframework.aop.TargetSource)
14:19:51.001 [main] DEBUG o.s.aop.framework.CglibAopProxy - Method is declared on Advised interface: public abstract void org.springframework.aop.framework.Advised.setPreFiltered(boolean)
14:19:51.001 [main] DEBUG o.s.aop.framework.CglibAopProxy - Method is declared on Advised interface: public abstract void org.springframework.aop.framework.Advised.setExposeProxy(boolean)
14:19:51.015 [main] DEBUG o.s.aop.framework.CglibAopProxy - Method is declared on Advised interface: public abstract boolean org.springframework.aop.framework.Advised.isExposeProxy()
14:19:51.015 [main] DEBUG o.s.aop.framework.CglibAopProxy - Method is declared on Advised interface: public abstract void org.springframework.aop.framework.Advised.addAdvice(org.aopalliance.aop.Advice) throws org.springframework.aop.framework.AopConfigException
14:19:51.015 [main] DEBUG o.s.aop.framework.CglibAopProxy - Method is declared on Advised interface: public abstract void org.springframework.aop.framework.Advised.addAdvice(int,org.aopalliance.aop.Advice) throws org.springframework.aop.framework.AopConfigException
14:19:51.015 [main] DEBUG o.s.aop.framework.CglibAopProxy - Method is declared on Advised interface: public abstract boolean org.springframework.aop.framework.Advised.isPreFiltered()
14:19:51.023 [main] DEBUG o.s.aop.framework.CglibAopProxy - Method is declared on Advised interface: public abstract org.springframework.aop.Advisor[] org.springframework.aop.framework.Advised.getAdvisors()
14:19:51.023 [main] DEBUG o.s.aop.framework.CglibAopProxy - Method is declared on Advised interface: public abstract void org.springframework.aop.framework.Advised.removeAdvisor(int) throws org.springframework.aop.framework.AopConfigException
14:19:51.023 [main] DEBUG o.s.aop.framework.CglibAopProxy - Method is declared on Advised interface: public abstract boolean org.springframework.aop.framework.Advised.removeAdvisor(org.springframework.aop.Advisor)
14:19:51.023 [main] DEBUG o.s.aop.framework.CglibAopProxy - Method is declared on Advised interface: public abstract boolean org.springframework.aop.framework.Advised.replaceAdvisor(org.springframework.aop.Advisor,org.springframework.aop.Advisor) throws org.springframework.aop.framework.AopConfigException
14:19:51.025 [main] DEBUG o.s.aop.framework.CglibAopProxy - Method is declared on Advised interface: public abstract boolean org.springframework.aop.framework.Advised.removeAdvice(org.aopalliance.aop.Advice)
14:19:51.025 [main] DEBUG o.s.aop.framework.CglibAopProxy - Method is declared on Advised interface: public abstract java.lang.Class[] org.springframework.aop.framework.Advised.getProxiedInterfaces()
14:19:51.025 [main] DEBUG o.s.aop.framework.CglibAopProxy - Method is declared on Advised interface: public abstract boolean org.springframework.aop.framework.Advised.isInterfaceProxied(java.lang.Class)
14:19:51.025 [main] DEBUG o.s.aop.framework.CglibAopProxy - Method is declared on Advised interface: public abstract java.lang.String org.springframework.aop.framework.Advised.toProxyConfigString()
14:19:51.025 [main] DEBUG o.s.aop.framework.CglibAopProxy - Method is declared on Advised interface: public abstract java.lang.Class org.springframework.aop.TargetClassAware.getTargetClass()
14:19:51.038 [main] DEBUG o.s.b.f.s.DefaultListableBeanFactory - Finished creating instance of bean &apos;logService&apos;
14:19:51.038 [main] DEBUG o.s.b.f.s.DefaultListableBeanFactory - Creating shared instance of singleton bean &apos;receiveService&apos;
14:19:51.038 [main] DEBUG o.s.b.f.s.DefaultListableBeanFactory - Creating instance of bean &apos;receiveService&apos;
14:19:51.039 [main] DEBUG o.s.b.f.annotation.InjectionMetadata - Registered injected element on class [cn.edu.nuc.article.service.ReceiveService]: AutowiredFieldElement for private cn.edu.nuc.article.dao.ReceiveMapper cn.edu.nuc.article.service.ReceiveService.receiveMapper
14:19:51.040 [main] DEBUG o.s.b.f.s.DefaultListableBeanFactory - Eagerly caching bean &apos;receiveService&apos; to allow for resolving potential circular references
14:19:51.041 [main] DEBUG o.s.b.f.annotation.InjectionMetadata - Processing injected element of bean &apos;receiveService&apos;: AutowiredFieldElement for private cn.edu.nuc.article.dao.ReceiveMapper cn.edu.nuc.article.service.ReceiveService.receiveMapper
14:19:51.041 [main] DEBUG o.s.b.f.s.DefaultListableBeanFactory - Creating shared instance of singleton bean &apos;receiveMapper&apos;
14:19:51.042 [main] DEBUG o.s.b.f.s.DefaultListableBeanFactory - Creating instance of bean &apos;receiveMapper&apos;
14:19:51.043 [main] DEBUG o.s.b.f.s.DefaultListableBeanFactory - Eagerly caching bean &apos;receiveMapper&apos; to allow for resolving potential circular references
14:19:51.043 [main] DEBUG o.s.b.f.s.DefaultListableBeanFactory - Returning cached instance of singleton bean &apos;sqlSessionFactory&apos;
14:19:51.043 [main] DEBUG o.s.b.f.s.DefaultListableBeanFactory - Invoking afterPropertiesSet() on bean with name &apos;receiveMapper&apos;
14:19:51.043 [main] DEBUG o.s.b.f.s.DefaultListableBeanFactory - Returning cached instance of singleton bean &apos;org.springframework.transaction.config.internalTransactionAdvisor&apos;
14:19:51.044 [main] DEBUG o.s.b.f.s.DefaultListableBeanFactory - Finished creating instance of bean &apos;receiveMapper&apos;
14:19:51.044 [main] DEBUG o.s.b.f.s.DefaultListableBeanFactory - Returning cached instance of singleton bean &apos;org.springframework.transaction.config.internalTransactionAdvisor&apos;
14:19:51.045 [main] DEBUG o.s.b.f.a.AutowiredAnnotationBeanPostProcessor - Autowiring by type from bean name &apos;receiveService&apos; to bean named &apos;receiveMapper&apos;
14:19:51.045 [main] DEBUG o.s.b.f.s.DefaultListableBeanFactory - Returning cached instance of singleton bean &apos;org.springframework.transaction.config.internalTransactionAdvisor&apos;
14:19:51.045 [main] DEBUG o.s.b.f.s.DefaultListableBeanFactory - Finished creating instance of bean &apos;receiveService&apos;
14:19:51.045 [main] DEBUG o.s.b.f.s.DefaultListableBeanFactory - Returning cached instance of singleton bean &apos;roleService&apos;
14:19:51.045 [main] DEBUG o.s.b.f.s.DefaultListableBeanFactory - Returning cached instance of singleton bean &apos;userService&apos;
14:19:51.045 [main] DEBUG o.s.b.f.s.DefaultListableBeanFactory - Creating shared instance of singleton bean &apos;workFlowDefinationService&apos;
14:19:51.045 [main] DEBUG o.s.b.f.s.DefaultListableBeanFactory - Creating instance of bean &apos;workFlowDefinationService&apos;
14:19:51.047 [main] DEBUG o.s.b.f.annotation.InjectionMetadata - Registered injected element on class [cn.edu.nuc.article.service.WorkFlowDefinationService]: AutowiredFieldElement for private org.activiti.engine.RepositoryService cn.edu.nuc.article.service.WorkFlowDefinationService.repositoryService
14:19:51.047 [main] DEBUG o.s.b.f.s.DefaultListableBeanFactory - Eagerly caching bean &apos;workFlowDefinationService&apos; to allow for resolving potential circular references
14:19:51.049 [main] DEBUG o.s.b.f.annotation.InjectionMetadata - Processing injected element of bean &apos;workFlowDefinationService&apos;: AutowiredFieldElement for private org.activiti.engine.RepositoryService cn.edu.nuc.article.service.WorkFlowDefinationService.repositoryService
14:19:51.050 [main] DEBUG o.s.b.f.s.DefaultListableBeanFactory - Creating shared instance of singleton bean &apos;repositoryService&apos;
14:19:51.050 [main] DEBUG o.s.b.f.s.DefaultListableBeanFactory - Creating instance of bean &apos;repositoryService&apos;
14:19:51.050 [main] DEBUG o.s.b.f.s.DefaultListableBeanFactory - Creating shared instance of singleton bean &apos;processEngine&apos;
14:19:51.050 [main] DEBUG o.s.b.f.s.DefaultListableBeanFactory - Creating instance of bean &apos;processEngine&apos;
14:19:51.050 [main] DEBUG o.s.b.f.s.DefaultListableBeanFactory - Eagerly caching bean &apos;processEngine&apos; to allow for resolving potential circular references
14:19:51.059 [main] DEBUG o.s.b.f.s.DefaultListableBeanFactory - Creating shared instance of singleton bean &apos;processEngineConfiguration&apos;
14:19:51.059 [main] DEBUG o.s.b.f.s.DefaultListableBeanFactory - Creating instance of bean &apos;processEngineConfiguration&apos;
14:19:51.326 [main] DEBUG o.s.b.f.s.DefaultListableBeanFactory - Eagerly caching bean &apos;processEngineConfiguration&apos; to allow for resolving potential circular references
14:19:51.399 [main] DEBUG o.s.b.f.s.DefaultListableBeanFactory - Returning cached instance of singleton bean &apos;dataSource&apos;
14:19:51.400 [main] DEBUG o.s.b.f.s.DefaultListableBeanFactory - Returning cached instance of singleton bean &apos;transactionManager&apos;
14:19:51.401 [main] DEBUG o.s.b.f.s.DefaultListableBeanFactory - Returning cached instance of singleton bean &apos;org.springframework.transaction.config.internalTransactionAdvisor&apos;
14:19:51.405 [main] DEBUG o.s.b.f.s.DefaultListableBeanFactory - Finished creating instance of bean &apos;processEngineConfiguration&apos;
14:19:51.405 [main] DEBUG o.s.b.f.s.DefaultListableBeanFactory - Returning cached instance of singleton bean &apos;org.springframework.transaction.config.internalTransactionAdvisor&apos;
14:19:51.408 [main] DEBUG o.s.b.f.s.DefaultListableBeanFactory - Finished creating instance of bean &apos;processEngine&apos;
14:19:51.480 [main] DEBUG o.s.jdbc.datasource.DataSourceUtils - Fetching JDBC Connection from DataSource
14:19:51.520 [main] INFO  c.m.v.c.i.AbstractPoolBackedDataSource - Initializing c3p0 pool... com.mchange.v2.c3p0.ComboPooledDataSource [ acquireIncrement -&gt; 5, acquireRetryAttempts -&gt; 30, acquireRetryDelay -&gt; 1000, autoCommitOnClose -&gt; false, automaticTestTable -&gt; null, breakAfterAcquireFailure -&gt; false, checkoutTimeout -&gt; 0, connectionCustomizerClassName -&gt; null, connectionTesterClassName -&gt; com.mchange.v2.c3p0.impl.DefaultConnectionTester, contextClassLoaderSource -&gt; caller, dataSourceName -&gt; 1bqoohua61bl82gcp46wbl|431cd9b2, debugUnreturnedConnectionStackTraces -&gt; false, description -&gt; null, driverClass -&gt; org.gjt.mm.mysql.Driver, extensions -&gt; {}, factoryClassLocation -&gt; null, forceIgnoreUnresolvedTransactions -&gt; false, forceSynchronousCheckins -&gt; false, forceUseNamedDriverClass -&gt; false, identityToken -&gt; 1bqoohua61bl82gcp46wbl|431cd9b2, idleConnectionTestPeriod -&gt; 60, initialPoolSize -&gt; 10, jdbcUrl -&gt; jdbc:mysql://172.16.100.40:3306/db_article?useUnicode=true&amp;characterEncoding=utf8, maxAdministrativeTaskTime -&gt; 0, maxConnectionAge -&gt; 0, maxIdleTime -&gt; 60, maxIdleTimeExcessConnections -&gt; 0, maxPoolSize -&gt; 50, maxStatements -&gt; 200, maxStatementsPerConnection -&gt; 100, minPoolSize -&gt; 5, numHelperThreads -&gt; 3, preferredTestQuery -&gt; null, privilegeSpawnedThreads -&gt; false, properties -&gt; {user=******, password=******}, propertyCycle -&gt; 0, statementCacheNumDeferredCloseThreads -&gt; 0, testConnectionOnCheckin -&gt; false, testConnectionOnCheckout -&gt; false, unreturnedConnectionTimeout -&gt; 0, userOverrides -&gt; {}, usesTraditionalReflectiveProxies -&gt; false ]
14:19:51.538 [main] DEBUG com.mchange.v2.cfg.MConfig - The configuration file for resource identifier &apos;/mchange-commons.properties&apos; could not be found. Skipping.
14:19:51.538 [main] DEBUG com.mchange.v2.cfg.MConfig - The configuration file for resource identifier &apos;/mchange-log.properties&apos; could not be found. Skipping.
14:19:51.538 [main] DEBUG com.mchange.v2.cfg.MConfig - The configuration file for resource identifier &apos;/c3p0.properties&apos; could not be found. Skipping.
14:19:51.538 [main] DEBUG com.mchange.v2.cfg.MConfig - The configuration file for resource identifier &apos;hocon:/reference,/application,/c3p0,/&apos; could not be found. Skipping.
14:19:51.540 [main] DEBUG c.m.v.resourcepool.BasicResourcePool - com.mchange.v2.resourcepool.BasicResourcePool@3574e198 config: [start -&gt; 10; min -&gt; 5; max -&gt; 50; inc -&gt; 5; num_acq_attempts -&gt; 30; acq_attempt_delay -&gt; 1000; check_idle_resources_delay -&gt; 60000; max_resource_age -&gt; 0; max_idle_time -&gt; 60000; excess_max_idle_time -&gt; 0; destroy_unreturned_resc_time -&gt; 0; expiration_enforcement_delay -&gt; 15000; break_on_acquisition_failure -&gt; false; debug_store_checkout_exceptions -&gt; false; force_synchronous_checkins -&gt; false]
14:19:51.540 [main] DEBUG c.m.v.c.i.C3P0PooledConnectionPoolManager - Created new pool for auth, username (masked): &apos;ro******&apos;.
14:19:51.540 [main] DEBUG c.m.v.resourcepool.BasicResourcePool - acquire test -- pool size: 0; target_pool_size: 10; desired target? 1
14:19:51.540 [main] DEBUG c.m.v.resourcepool.BasicResourcePool - awaitAvailable(): [unknown]
14:19:51.939 [main] DEBUG o.a.e.i.c.ProcessEngineConfigurationImpl - database product name: &apos;MySQL&apos;
14:19:51.942 [main] DEBUG o.a.e.i.c.ProcessEngineConfigurationImpl - using database type: mysql
14:19:51.942 [main] DEBUG o.s.jdbc.datasource.DataSourceUtils - Returning JDBC Connection to DataSource
14:19:52.871 [main] DEBUG o.a.e.i.interceptor.LogInterceptor - 

14:19:52.872 [main] DEBUG o.a.e.i.interceptor.LogInterceptor - --- starting SchemaOperationsProcessEngineBuild --------------------------------------------------------
14:19:52.872 [main] DEBUG o.a.s.SpringTransactionInterceptor - Running command with propagation NOT_SUPPORTED
14:19:52.883 [main] DEBUG o.a.i.t.managed.ManagedTransaction - Opening JDBC Connection
14:19:52.897 [main] DEBUG o.s.jdbc.datasource.DataSourceUtils - Fetching JDBC Connection from DataSource
14:19:52.897 [main] DEBUG o.s.jdbc.datasource.DataSourceUtils - Registering transaction synchronization for JDBC Connection
14:19:52.933 [main] DEBUG o.a.e.i.p.e.P.selectProperty - ==&gt;  Preparing: select * from ACT_GE_PROPERTY where NAME_ = ? 
14:19:52.977 [main] DEBUG o.a.e.i.p.e.P.selectProperty - ==&gt; Parameters: schema.version(String)
14:19:52.997 [main] DEBUG o.a.e.i.p.e.P.selectProperty - &lt;==      Total: 1
14:19:53.001 [main] DEBUG o.a.engine.impl.db.DbSqlSession - flush summary: 0 insert, 0 update, 0 delete.
14:19:53.001 [main] DEBUG o.a.engine.impl.db.DbSqlSession - now executing flush...
14:19:53.001 [main] DEBUG o.a.i.t.managed.ManagedTransaction - Closing JDBC Connection [Transaction-aware proxy for target Connection [com.mchange.v2.c3p0.impl.NewProxyConnection@27cbfddf [wrapping: com.mysql.jdbc.Connection@4bba01e8]]]
14:19:53.002 [main] DEBUG o.s.jdbc.datasource.DataSourceUtils - Returning JDBC Connection to DataSource
14:19:53.002 [main] DEBUG o.a.e.i.interceptor.LogInterceptor - --- SchemaOperationsProcessEngineBuild finished --------------------------------------------------------
14:19:53.002 [main] DEBUG o.a.e.i.interceptor.LogInterceptor - 

14:19:53.002 [main] INFO  o.a.engine.impl.ProcessEngineImpl - ProcessEngine default created
14:19:53.010 [main] DEBUG o.s.b.f.s.DefaultListableBeanFactory - Returning cached instance of singleton bean &apos;org.springframework.transaction.config.internalTransactionAdvisor&apos;
14:19:53.014 [main] DEBUG o.s.b.f.s.DefaultListableBeanFactory - Eagerly caching bean &apos;repositoryService&apos; to allow for resolving potential circular references
14:19:53.020 [main] DEBUG o.s.b.f.s.DefaultListableBeanFactory - Returning cached instance of singleton bean &apos;org.springframework.transaction.config.internalTransactionAdvisor&apos;
14:19:53.022 [main] DEBUG o.s.b.f.s.DefaultListableBeanFactory - Finished creating instance of bean &apos;repositoryService&apos;
14:19:53.022 [main] DEBUG o.s.b.f.a.AutowiredAnnotationBeanPostProcessor - Autowiring by type from bean name &apos;workFlowDefinationService&apos; to bean named &apos;repositoryService&apos;
14:19:53.022 [main] DEBUG o.s.b.f.s.DefaultListableBeanFactory - Returning cached instance of singleton bean &apos;org.springframework.transaction.config.internalTransactionAdvisor&apos;
14:19:53.024 [main] DEBUG o.s.b.f.s.DefaultListableBeanFactory - Finished creating instance of bean &apos;workFlowDefinationService&apos;
14:19:53.024 [main] DEBUG o.s.b.f.s.DefaultListableBeanFactory - Returning cached instance of singleton bean &apos;org.springframework.context.annotation.internalConfigurationAnnotationProcessor&apos;
14:19:53.024 [main] DEBUG o.s.b.f.s.DefaultListableBeanFactory - Returning cached instance of singleton bean &apos;org.springframework.context.annotation.internalAutowiredAnnotationProcessor&apos;
14:19:53.024 [main] DEBUG o.s.b.f.s.DefaultListableBeanFactory - Returning cached instance of singleton bean &apos;org.springframework.context.annotation.internalRequiredAnnotationProcessor&apos;
14:19:53.024 [main] DEBUG o.s.b.f.s.DefaultListableBeanFactory - Returning cached instance of singleton bean &apos;org.springframework.context.annotation.internalCommonAnnotationProcessor&apos;
14:19:53.024 [main] DEBUG o.s.b.f.s.DefaultListableBeanFactory - Creating shared instance of singleton bean &apos;org.springframework.context.event.internalEventListenerProcessor&apos;
14:19:53.024 [main] DEBUG o.s.b.f.s.DefaultListableBeanFactory - Creating instance of bean &apos;org.springframework.context.event.internalEventListenerProcessor&apos;
14:19:53.026 [main] DEBUG o.s.b.f.s.DefaultListableBeanFactory - Eagerly caching bean &apos;org.springframework.context.event.internalEventListenerProcessor&apos; to allow for resolving potential circular references
14:19:53.029 [main] DEBUG o.s.b.f.s.DefaultListableBeanFactory - Returning cached instance of singleton bean &apos;org.springframework.transaction.config.internalTransactionAdvisor&apos;
14:19:53.029 [main] DEBUG o.s.b.f.s.DefaultListableBeanFactory - Finished creating instance of bean &apos;org.springframework.context.event.internalEventListenerProcessor&apos;
14:19:53.029 [main] DEBUG o.s.b.f.s.DefaultListableBeanFactory - Creating shared instance of singleton bean &apos;org.springframework.context.event.internalEventListenerFactory&apos;
14:19:53.029 [main] DEBUG o.s.b.f.s.DefaultListableBeanFactory - Creating instance of bean &apos;org.springframework.context.event.internalEventListenerFactory&apos;
14:19:53.030 [main] DEBUG o.s.b.f.s.DefaultListableBeanFactory - Eagerly caching bean &apos;org.springframework.context.event.internalEventListenerFactory&apos; to allow for resolving potential circular references
14:19:53.032 [main] DEBUG o.s.b.f.s.DefaultListableBeanFactory - Returning cached instance of singleton bean &apos;org.springframework.transaction.config.internalTransactionAdvisor&apos;
14:19:53.033 [main] DEBUG o.s.b.f.s.DefaultListableBeanFactory - Finished creating instance of bean &apos;org.springframework.context.event.internalEventListenerFactory&apos;
14:19:53.033 [main] DEBUG o.s.b.f.s.DefaultListableBeanFactory - Returning cached instance of singleton bean &apos;processEngineConfiguration&apos;
14:19:53.033 [main] DEBUG o.s.b.f.s.DefaultListableBeanFactory - Returning cached instance of singleton bean &apos;processEngine&apos;
14:19:53.041 [main] DEBUG o.s.b.f.s.DefaultListableBeanFactory - Returning cached instance of singleton bean &apos;repositoryService&apos;
14:19:53.041 [main] DEBUG o.s.b.f.s.DefaultListableBeanFactory - Creating shared instance of singleton bean &apos;runtimeService&apos;
14:19:53.041 [main] DEBUG o.s.b.f.s.DefaultListableBeanFactory - Creating instance of bean &apos;runtimeService&apos;
14:19:53.041 [main] DEBUG o.s.b.f.s.DefaultListableBeanFactory - Returning cached instance of singleton bean &apos;processEngine&apos;
14:19:53.043 [main] DEBUG o.s.b.f.s.DefaultListableBeanFactory - Eagerly caching bean &apos;runtimeService&apos; to allow for resolving potential circular references
14:19:53.048 [main] DEBUG o.s.b.f.s.DefaultListableBeanFactory - Returning cached instance of singleton bean &apos;org.springframework.transaction.config.internalTransactionAdvisor&apos;
14:19:53.049 [main] DEBUG o.s.b.f.s.DefaultListableBeanFactory - Finished creating instance of bean &apos;runtimeService&apos;
14:19:53.049 [main] DEBUG o.s.b.f.s.DefaultListableBeanFactory - Creating shared instance of singleton bean &apos;taskService&apos;
14:19:53.049 [main] DEBUG o.s.b.f.s.DefaultListableBeanFactory - Creating instance of bean &apos;taskService&apos;
14:19:53.049 [main] DEBUG o.s.b.f.s.DefaultListableBeanFactory - Returning cached instance of singleton bean &apos;processEngine&apos;
14:19:53.050 [main] DEBUG o.s.b.f.s.DefaultListableBeanFactory - Eagerly caching bean &apos;taskService&apos; to allow for resolving potential circular references
14:19:53.053 [main] DEBUG o.s.b.f.s.DefaultListableBeanFactory - Returning cached instance of singleton bean &apos;org.springframework.transaction.config.internalTransactionAdvisor&apos;
14:19:53.054 [main] DEBUG o.s.b.f.s.DefaultListableBeanFactory - Finished creating instance of bean &apos;taskService&apos;
14:19:53.054 [main] DEBUG o.s.b.f.s.DefaultListableBeanFactory - Creating shared instance of singleton bean &apos;historyService&apos;
14:19:53.054 [main] DEBUG o.s.b.f.s.DefaultListableBeanFactory - Creating instance of bean &apos;historyService&apos;
14:19:53.054 [main] DEBUG o.s.b.f.s.DefaultListableBeanFactory - Returning cached instance of singleton bean &apos;processEngine&apos;
14:19:53.055 [main] DEBUG o.s.b.f.s.DefaultListableBeanFactory - Eagerly caching bean &apos;historyService&apos; to allow for resolving potential circular references
14:19:53.056 [main] DEBUG o.s.b.f.s.DefaultListableBeanFactory - Returning cached instance of singleton bean &apos;org.springframework.transaction.config.internalTransactionAdvisor&apos;
14:19:53.057 [main] DEBUG o.s.b.f.s.DefaultListableBeanFactory - Finished creating instance of bean &apos;historyService&apos;
14:19:53.057 [main] DEBUG o.s.b.f.s.DefaultListableBeanFactory - Creating shared instance of singleton bean &apos;formService&apos;
14:19:53.057 [main] DEBUG o.s.b.f.s.DefaultListableBeanFactory - Creating instance of bean &apos;formService&apos;
14:19:53.057 [main] DEBUG o.s.b.f.s.DefaultListableBeanFactory - Returning cached instance of singleton bean &apos;processEngine&apos;
14:19:53.058 [main] DEBUG o.s.b.f.s.DefaultListableBeanFactory - Eagerly caching bean &apos;formService&apos; to allow for resolving potential circular references
14:19:53.059 [main] DEBUG o.s.b.f.s.DefaultListableBeanFactory - Returning cached instance of singleton bean &apos;org.springframework.transaction.config.internalTransactionAdvisor&apos;
14:19:53.060 [main] DEBUG o.s.b.f.s.DefaultListableBeanFactory - Finished creating instance of bean &apos;formService&apos;
14:19:53.060 [main] DEBUG o.s.b.f.s.DefaultListableBeanFactory - Creating shared instance of singleton bean &apos;identityService&apos;
14:19:53.060 [main] DEBUG o.s.b.f.s.DefaultListableBeanFactory - Creating instance of bean &apos;identityService&apos;
14:19:53.060 [main] DEBUG o.s.b.f.s.DefaultListableBeanFactory - Returning cached instance of singleton bean &apos;processEngine&apos;
14:19:53.060 [main] DEBUG o.s.b.f.s.DefaultListableBeanFactory - Eagerly caching bean &apos;identityService&apos; to allow for resolving potential circular references
14:19:53.062 [main] DEBUG o.s.b.f.s.DefaultListableBeanFactory - Returning cached instance of singleton bean &apos;org.springframework.transaction.config.internalTransactionAdvisor&apos;
14:19:53.062 [main] DEBUG o.s.b.f.s.DefaultListableBeanFactory - Finished creating instance of bean &apos;identityService&apos;
14:19:53.062 [main] DEBUG o.s.b.f.s.DefaultListableBeanFactory - Returning cached instance of singleton bean &apos;org.springframework.context.annotation.ConfigurationClassPostProcessor.importAwareProcessor&apos;
14:19:53.062 [main] DEBUG o.s.b.f.s.DefaultListableBeanFactory - Returning cached instance of singleton bean &apos;org.springframework.context.annotation.ConfigurationClassPostProcessor.enhancedConfigurationProcessor&apos;
14:19:53.062 [main] DEBUG o.s.b.f.s.DefaultListableBeanFactory - Returning cached instance of singleton bean &apos;articleMapper&apos;
14:19:53.062 [main] DEBUG o.s.b.f.s.DefaultListableBeanFactory - Returning cached instance of singleton bean &apos;attachmentMapper&apos;
14:19:53.062 [main] DEBUG o.s.b.f.s.DefaultListableBeanFactory - Returning cached instance of singleton bean &apos;auditMessageMapper&apos;
14:19:53.062 [main] DEBUG o.s.b.f.s.DefaultListableBeanFactory - Returning cached instance of singleton bean &apos;functionMapper&apos;
14:19:53.062 [main] DEBUG o.s.b.f.s.DefaultListableBeanFactory - Returning cached instance of singleton bean &apos;institutionMapper&apos;
14:19:53.062 [main] DEBUG o.s.b.f.s.DefaultListableBeanFactory - Returning cached instance of singleton bean &apos;logMapper&apos;
14:19:53.062 [main] DEBUG o.s.b.f.s.DefaultListableBeanFactory - Returning cached instance of singleton bean &apos;receiveMapper&apos;
14:19:53.062 [main] DEBUG o.s.b.f.s.DefaultListableBeanFactory - Returning cached instance of singleton bean &apos;roleMapper&apos;
14:19:53.062 [main] DEBUG o.s.b.f.s.DefaultListableBeanFactory - Returning cached instance of singleton bean &apos;userMapper&apos;
14:19:53.063 [main] DEBUG o.s.b.f.s.DefaultListableBeanFactory - Returning cached instance of singleton bean &apos;org.springframework.context.event.internalEventListenerFactory&apos;
14:19:53.110 [main] DEBUG o.s.c.s.GenericApplicationContext - Unable to locate LifecycleProcessor with name &apos;lifecycleProcessor&apos;: using default [org.springframework.context.support.DefaultLifecycleProcessor@2caf6912]
14:19:53.111 [main] DEBUG o.s.b.f.s.DefaultListableBeanFactory - Returning cached instance of singleton bean &apos;lifecycleProcessor&apos;
14:19:53.114 [main] DEBUG o.s.b.f.s.DefaultListableBeanFactory - Returning cached instance of singleton bean &apos;sqlSessionFactory&apos;
14:19:53.116 [main] DEBUG o.s.c.e.PropertySourcesPropertyResolver - Could not find key &apos;spring.liveBeansView.mbeanDomain&apos; in any property source
14:19:53.123 [main] DEBUG o.s.t.c.c.DefaultCacheAwareContextLoaderDelegate - Storing ApplicationContext in cache under key [[MergedContextConfiguration@5e57643e testClass = ArticleMapperTest, locations = &apos;{classpath:spring-context.xml, classpath:spring-activiti.xml}&apos;, classes = &apos;{}&apos;, contextInitializerClasses = &apos;[]&apos;, activeProfiles = &apos;{}&apos;, propertySourceLocations = &apos;{}&apos;, propertySourceProperties = &apos;{}&apos;, contextCustomizers = set[[empty]], contextLoader = &apos;org.springframework.test.context.support.DelegatingSmartContextLoader&apos;, parent = [null]]]
14:19:53.123 [main] DEBUG o.springframework.test.context.cache - Spring test ApplicationContext cache statistics: [DefaultContextCache@60f2e0bd size = 1, maxSize = 32, parentContextCount = 0, hitCount = 0, missCount = 1]
14:19:53.125 [main] DEBUG o.s.b.f.annotation.InjectionMetadata - Processing injected element of bean &apos;cn.edu.nuc.test.dao.ArticleMapperTest&apos;: AutowiredFieldElement for private cn.edu.nuc.article.dao.ArticleMapper cn.edu.nuc.test.dao.ArticleMapperTest.articleMapper
14:19:53.125 [main] DEBUG o.s.b.f.s.DefaultListableBeanFactory - Returning cached instance of singleton bean &apos;articleMapper&apos;
14:19:53.125 [main] DEBUG o.s.b.f.a.AutowiredAnnotationBeanPostProcessor - Autowiring by type from bean name &apos;cn.edu.nuc.test.dao.ArticleMapperTest&apos; to bean named &apos;articleMapper&apos;
14:19:53.125 [main] DEBUG o.s.b.f.s.DefaultListableBeanFactory - Returning cached instance of singleton bean &apos;org.springframework.transaction.config.internalTransactionAdvisor&apos;
14:19:53.128 [main] DEBUG o.s.t.c.s.AbstractDirtiesContextTestExecutionListener - Before test method: context [DefaultTestContext@4b9e255 testClass = ArticleMapperTest, testInstance = cn.edu.nuc.test.dao.ArticleMapperTest@71d15f18, testMethod = testList@ArticleMapperTest, testException = [null], mergedContextConfiguration = [MergedContextConfiguration@5e57643e testClass = ArticleMapperTest, locations = &apos;{classpath:spring-context.xml, classpath:spring-activiti.xml}&apos;, classes = &apos;{}&apos;, contextInitializerClasses = &apos;[]&apos;, activeProfiles = &apos;{}&apos;, propertySourceLocations = &apos;{}&apos;, propertySourceProperties = &apos;{}&apos;, contextCustomizers = set[[empty]], contextLoader = &apos;org.springframework.test.context.support.DelegatingSmartContextLoader&apos;, parent = [null]]], class annotated with @DirtiesContext [false] with mode [null], method annotated with @DirtiesContext [false] with mode [null].
14:19:53.143 [main] DEBUG org.mybatis.spring.SqlSessionUtils - Creating a new SqlSession
14:19:53.150 [main] DEBUG org.mybatis.spring.SqlSessionUtils - SqlSession [org.apache.ibatis.session.defaults.DefaultSqlSession@5bb8f9e2] was not registered for synchronization because synchronization is not active
14:19:53.189 [main] DEBUG o.s.jdbc.datasource.DataSourceUtils - Fetching JDBC Connection from DataSource
14:19:53.191 [main] DEBUG o.m.s.t.SpringManagedTransaction - JDBC Connection [com.mchange.v2.c3p0.impl.NewProxyConnection@6a74d228 [wrapping: com.mysql.jdbc.Connection@4bba01e8]] will not be managed by Spring
14:19:53.192 [main] DEBUG c.e.n.a.d.A.selectListAll - ==&gt;  Preparing: SELECT DISTINCT a.articleid, a.title, a.publishtime, a.copywriter_id, a.auditor_id, a.inst_id, a.processinstance_id, a.articlestate, receiver.userid AS receiverid, receiver.usertruename AS receivername, tb_auditmessage.auditdate, tb_auditmessage.auditresult, tb_auditmessage.auditmessage, tb_institution.instid, tb_institution.instname, copywriter.usertruename AS copywritername, copywriter.userid AS copywriterid, auditor.userid AS auditorid, auditor.usertruename AS auditorname, tb_attachment.attachmentid, tb_attachment.filename, tb_attachment.attachtype, tb_attachment.uploadtime, tb_attachment.filesize, tb_attachment.fileid, receiver_inst.instname AS receiver_inst_name, receiver_inst.instid AS receiver_inst_id, ( SELECT DISTINCT COUNT(*) FROM tb_log LEFT OUTER JOIN tb_article ON tb_log.bussiness_id = tb_article.articleid WHERE tb_article.articleid = a.articleid AND tb_log.optname = &apos;�鿴����&apos; ) AS clickcount, ( SELECT DISTINCT COUNT(*) FROM tb_log LEFT OUTER JOIN tb_article ON tb_log.bussiness_id = tb_article.articleid WHERE tb_article.articleid = a.articleid AND tb_log.optname = &apos;���ع���&apos; ) AS downloadcount FROM tb_article AS a LEFT OUTER JOIN tb_receive ON tb_receive.article_id = a.articleid LEFT OUTER JOIN tb_user AS receiver ON tb_receive.receiver_id = receiver.userid LEFT OUTER JOIN tb_auditmessage ON tb_auditmessage.article_id = a.articleid LEFT OUTER JOIN tb_institution ON a.inst_id = tb_institution.instid LEFT OUTER JOIN tb_user AS copywriter ON a.copywriter_id = copywriter.userid LEFT OUTER JOIN tb_user AS auditor ON a.auditor_id = auditor.userid LEFT OUTER JOIN tb_attachment ON tb_attachment.article_id = a.articleid LEFT OUTER JOIN tb_institution AS receiver_inst ON receiver.inst_id = receiver_inst.instid WHERE 1=1 ORDER BY tb_article.publishtime 
14:19:53.218 [main] DEBUG c.e.n.a.d.A.selectListAll - ==&gt; Parameters: 
14:19:53.231 [main] DEBUG c.m.v2.c3p0.impl.NewPooledConnection - com.mchange.v2.c3p0.impl.NewPooledConnection@7011ab4a handling a throwable.
com.mysql.jdbc.exceptions.MySQLSyntaxErrorException: Unknown column &apos;tb_article.publishtime&apos; in &apos;order clause&apos;
	at com.mysql.jdbc.SQLError.createSQLException(SQLError.java:936)
	at com.mysql.jdbc.MysqlIO.checkErrorPacket(MysqlIO.java:2985)
	at com.mysql.jdbc.MysqlIO.sendCommand(MysqlIO.java:1631)
	at com.mysql.jdbc.MysqlIO.sqlQueryDirect(MysqlIO.java:1723)
	at com.mysql.jdbc.Connection.execSQL(Connection.java:3283)
	at com.mysql.jdbc.PreparedStatement.executeInternal(PreparedStatement.java:1332)
	at com.mysql.jdbc.PreparedStatement.execute(PreparedStatement.java:882)
	at com.mchange.v2.c3p0.impl.NewProxyPreparedStatement.execute(NewProxyPreparedStatement.java:67)
	at sun.reflect.NativeMethodAccessorImpl.invoke0(Native Method)
	at sun.reflect.NativeMethodAccessorImpl.invoke(NativeMethodAccessorImpl.java:62)
	at sun.reflect.DelegatingMethodAccessorImpl.invoke(DelegatingMethodAccessorImpl.java:43)
	at java.lang.reflect.Method.invoke(Method.java:498)
	at org.apache.ibatis.logging.jdbc.PreparedStatementLogger.invoke(PreparedStatementLogger.java:59)
	at com.sun.proxy.$Proxy36.execute(Unknown Source)
	at org.apache.ibatis.executor.statement.PreparedStatementHandler.query(PreparedStatementHandler.java:63)
	at org.apache.ibatis.executor.statement.RoutingStatementHandler.query(RoutingStatementHandler.java:79)
	at org.apache.ibatis.executor.SimpleExecutor.doQuery(SimpleExecutor.java:63)
	at org.apache.ibatis.executor.BaseExecutor.queryFromDatabase(BaseExecutor.java:324)
	at org.apache.ibatis.executor.BaseExecutor.query(BaseExecutor.java:156)
	at org.apache.ibatis.executor.CachingExecutor.query(CachingExecutor.java:109)
	at com.github.pagehelper.PageInterceptor.intercept(PageInterceptor.java:141)
	at org.apache.ibatis.plugin.Plugin.invoke(Plugin.java:61)
	at com.sun.proxy.$Proxy40.query(Unknown Source)
	at org.apache.ibatis.session.defaults.DefaultSqlSession.selectList(DefaultSqlSession.java:148)
	at org.apache.ibatis.session.defaults.DefaultSqlSession.selectList(DefaultSqlSession.java:141)
	at sun.reflect.NativeMethodAccessorImpl.invoke0(Native Method)
	at sun.reflect.NativeMethodAccessorImpl.invoke(NativeMethodAccessorImpl.java:62)
	at sun.reflect.DelegatingMethodAccessorImpl.invoke(DelegatingMethodAccessorImpl.java:43)
	at java.lang.reflect.Method.invoke(Method.java:498)
	at org.mybatis.spring.SqlSessionTemplate$SqlSessionInterceptor.invoke(SqlSessionTemplate.java:433)
	at com.sun.proxy.$Proxy20.selectList(Unknown Source)
	at org.mybatis.spring.SqlSessionTemplate.selectList(SqlSessionTemplate.java:230)
	at org.apache.ibatis.binding.MapperMethod.executeForMany(MapperMethod.java:137)
	at org.apache.ibatis.binding.MapperMethod.execute(MapperMethod.java:75)
	at org.apache.ibatis.binding.MapperProxy.invoke(MapperProxy.java:59)
	at com.sun.proxy.$Proxy21.selectListAll(Unknown Source)
	at cn.edu.nuc.test.dao.ArticleMapperTest.testList(ArticleMapperTest.java:148)
	at sun.reflect.NativeMethodAccessorImpl.invoke0(Native Method)
	at sun.reflect.NativeMethodAccessorImpl.invoke(NativeMethodAccessorImpl.java:62)
	at sun.reflect.DelegatingMethodAccessorImpl.invoke(DelegatingMethodAccessorImpl.java:43)
	at java.lang.reflect.Method.invoke(Method.java:498)
	at org.junit.runners.model.FrameworkMethod$1.runReflectiveCall(FrameworkMethod.java:50)
	at org.junit.internal.runners.model.ReflectiveCallable.run(ReflectiveCallable.java:12)
	at org.junit.runners.model.FrameworkMethod.invokeExplosively(FrameworkMethod.java:47)
	at org.junit.internal.runners.statements.InvokeMethod.evaluate(InvokeMethod.java:17)
	at org.springframework.test.context.junit4.statements.RunBeforeTestMethodCallbacks.evaluate(RunBeforeTestMethodCallbacks.java:75)
	at org.springframework.test.context.junit4.statements.RunAfterTestMethodCallbacks.evaluate(RunAfterTestMethodCallbacks.java:86)
	at org.springframework.test.context.junit4.statements.SpringRepeat.evaluate(SpringRepeat.java:84)
	at org.junit.runners.ParentRunner.runLeaf(ParentRunner.java:325)
	at org.springframework.test.context.junit4.SpringJUnit4ClassRunner.runChild(SpringJUnit4ClassRunner.java:252)
	at org.springframework.test.context.junit4.SpringJUnit4ClassRunner.runChild(SpringJUnit4ClassRunner.java:94)
	at org.junit.runners.ParentRunner$3.run(ParentRunner.java:290)
	at org.junit.runners.ParentRunner$1.schedule(ParentRunner.java:71)
	at org.junit.runners.ParentRunner.runChildren(ParentRunner.java:288)
	at org.junit.runners.ParentRunner.access$000(ParentRunner.java:58)
	at org.junit.runners.ParentRunner$2.evaluate(ParentRunner.java:268)
	at org.springframework.test.context.junit4.statements.RunBeforeTestClassCallbacks.evaluate(RunBeforeTestClassCallbacks.java:61)
	at org.springframework.test.context.junit4.statements.RunAfterTestClassCallbacks.evaluate(RunAfterTestClassCallbacks.java:70)
	at org.junit.runners.ParentRunner.run(ParentRunner.java:363)
	at org.springframework.test.context.junit4.SpringJUnit4ClassRunner.run(SpringJUnit4ClassRunner.java:191)
	at org.apache.maven.surefire.junit4.JUnit4Provider.execute(JUnit4Provider.java:252)
	at org.apache.maven.surefire.junit4.JUnit4Provider.executeTestSet(JUnit4Provider.java:141)
	at org.apache.maven.surefire.junit4.JUnit4Provider.invoke(JUnit4Provider.java:112)
	at sun.reflect.NativeMethodAccessorImpl.invoke0(Native Method)
	at sun.reflect.NativeMethodAccessorImpl.invoke(NativeMethodAccessorImpl.java:62)
	at sun.reflect.DelegatingMethodAccessorImpl.invoke(DelegatingMethodAccessorImpl.java:43)
	at java.lang.reflect.Method.invoke(Method.java:498)
	at org.apache.maven.surefire.util.ReflectionUtils.invokeMethodWithArray(ReflectionUtils.java:189)
	at org.apache.maven.surefire.booter.ProviderFactory$ProviderProxy.invoke(ProviderFactory.java:165)
	at org.apache.maven.surefire.booter.ProviderFactory.invokeProvider(ProviderFactory.java:85)
	at org.apache.maven.surefire.booter.ForkedBooter.runSuitesInProcess(ForkedBooter.java:115)
	at org.apache.maven.surefire.booter.ForkedBooter.main(ForkedBooter.java:75)
14:19:53.232 [main] DEBUG com.mchange.v2.sql.SqlUtils - Attempted to convert SQLException to SQLException. Leaving it alone. [SQLState: 42S22; errorCode: 1054]
com.mysql.jdbc.exceptions.MySQLSyntaxErrorException: Unknown column &apos;tb_article.publishtime&apos; in &apos;order clause&apos;
	at com.mysql.jdbc.SQLError.createSQLException(SQLError.java:936)
	at com.mysql.jdbc.MysqlIO.checkErrorPacket(MysqlIO.java:2985)
	at com.mysql.jdbc.MysqlIO.sendCommand(MysqlIO.java:1631)
	at com.mysql.jdbc.MysqlIO.sqlQueryDirect(MysqlIO.java:1723)
	at com.mysql.jdbc.Connection.execSQL(Connection.java:3283)
	at com.mysql.jdbc.PreparedStatement.executeInternal(PreparedStatement.java:1332)
	at com.mysql.jdbc.PreparedStatement.execute(PreparedStatement.java:882)
	at com.mchange.v2.c3p0.impl.NewProxyPreparedStatement.execute(NewProxyPreparedStatement.java:67)
	at sun.reflect.NativeMethodAccessorImpl.invoke0(Native Method)
	at sun.reflect.NativeMethodAccessorImpl.invoke(NativeMethodAccessorImpl.java:62)
	at sun.reflect.DelegatingMethodAccessorImpl.invoke(DelegatingMethodAccessorImpl.java:43)
	at java.lang.reflect.Method.invoke(Method.java:498)
	at org.apache.ibatis.logging.jdbc.PreparedStatementLogger.invoke(PreparedStatementLogger.java:59)
	at com.sun.proxy.$Proxy36.execute(Unknown Source)
	at org.apache.ibatis.executor.statement.PreparedStatementHandler.query(PreparedStatementHandler.java:63)
	at org.apache.ibatis.executor.statement.RoutingStatementHandler.query(RoutingStatementHandler.java:79)
	at org.apache.ibatis.executor.SimpleExecutor.doQuery(SimpleExecutor.java:63)
	at org.apache.ibatis.executor.BaseExecutor.queryFromDatabase(BaseExecutor.java:324)
	at org.apache.ibatis.executor.BaseExecutor.query(BaseExecutor.java:156)
	at org.apache.ibatis.executor.CachingExecutor.query(CachingExecutor.java:109)
	at com.github.pagehelper.PageInterceptor.intercept(PageInterceptor.java:141)
	at org.apache.ibatis.plugin.Plugin.invoke(Plugin.java:61)
	at com.sun.proxy.$Proxy40.query(Unknown Source)
	at org.apache.ibatis.session.defaults.DefaultSqlSession.selectList(DefaultSqlSession.java:148)
	at org.apache.ibatis.session.defaults.DefaultSqlSession.selectList(DefaultSqlSession.java:141)
	at sun.reflect.NativeMethodAccessorImpl.invoke0(Native Method)
	at sun.reflect.NativeMethodAccessorImpl.invoke(NativeMethodAccessorImpl.java:62)
	at sun.reflect.DelegatingMethodAccessorImpl.invoke(DelegatingMethodAccessorImpl.java:43)
	at java.lang.reflect.Method.invoke(Method.java:498)
	at org.mybatis.spring.SqlSessionTemplate$SqlSessionInterceptor.invoke(SqlSessionTemplate.java:433)
	at com.sun.proxy.$Proxy20.selectList(Unknown Source)
	at org.mybatis.spring.SqlSessionTemplate.selectList(SqlSessionTemplate.java:230)
	at org.apache.ibatis.binding.MapperMethod.executeForMany(MapperMethod.java:137)
	at org.apache.ibatis.binding.MapperMethod.execute(MapperMethod.java:75)
	at org.apache.ibatis.binding.MapperProxy.invoke(MapperProxy.java:59)
	at com.sun.proxy.$Proxy21.selectListAll(Unknown Source)
	at cn.edu.nuc.test.dao.ArticleMapperTest.testList(ArticleMapperTest.java:148)
	at sun.reflect.NativeMethodAccessorImpl.invoke0(Native Method)
	at sun.reflect.NativeMethodAccessorImpl.invoke(NativeMethodAccessorImpl.java:62)
	at sun.reflect.DelegatingMethodAccessorImpl.invoke(DelegatingMethodAccessorImpl.java:43)
	at java.lang.reflect.Method.invoke(Method.java:498)
	at org.junit.runners.model.FrameworkMethod$1.runReflectiveCall(FrameworkMethod.java:50)
	at org.junit.internal.runners.model.ReflectiveCallable.run(ReflectiveCallable.java:12)
	at org.junit.runners.model.FrameworkMethod.invokeExplosively(FrameworkMethod.java:47)
	at org.junit.internal.runners.statements.InvokeMethod.evaluate(InvokeMethod.java:17)
	at org.springframework.test.context.junit4.statements.RunBeforeTestMethodCallbacks.evaluate(RunBeforeTestMethodCallbacks.java:75)
	at org.springframework.test.context.junit4.statements.RunAfterTestMethodCallbacks.evaluate(RunAfterTestMethodCallbacks.java:86)
	at org.springframework.test.context.junit4.statements.SpringRepeat.evaluate(SpringRepeat.java:84)
	at org.junit.runners.ParentRunner.runLeaf(ParentRunner.java:325)
	at org.springframework.test.context.junit4.SpringJUnit4ClassRunner.runChild(SpringJUnit4ClassRunner.java:252)
	at org.springframework.test.context.junit4.SpringJUnit4ClassRunner.runChild(SpringJUnit4ClassRunner.java:94)
	at org.junit.runners.ParentRunner$3.run(ParentRunner.java:290)
	at org.junit.runners.ParentRunner$1.schedule(ParentRunner.java:71)
	at org.junit.runners.ParentRunner.runChildren(ParentRunner.java:288)
	at org.junit.runners.ParentRunner.access$000(ParentRunner.java:58)
	at org.junit.runners.ParentRunner$2.evaluate(ParentRunner.java:268)
	at org.springframework.test.context.junit4.statements.RunBeforeTestClassCallbacks.evaluate(RunBeforeTestClassCallbacks.java:61)
	at org.springframework.test.context.junit4.statements.RunAfterTestClassCallbacks.evaluate(RunAfterTestClassCallbacks.java:70)
	at org.junit.runners.ParentRunner.run(ParentRunner.java:363)
	at org.springframework.test.context.junit4.SpringJUnit4ClassRunner.run(SpringJUnit4ClassRunner.java:191)
	at org.apache.maven.surefire.junit4.JUnit4Provider.execute(JUnit4Provider.java:252)
	at org.apache.maven.surefire.junit4.JUnit4Provider.executeTestSet(JUnit4Provider.java:141)
	at org.apache.maven.surefire.junit4.JUnit4Provider.invoke(JUnit4Provider.java:112)
	at sun.reflect.NativeMethodAccessorImpl.invoke0(Native Method)
	at sun.reflect.NativeMethodAccessorImpl.invoke(NativeMethodAccessorImpl.java:62)
	at sun.reflect.DelegatingMethodAccessorImpl.invoke(DelegatingMethodAccessorImpl.java:43)
	at java.lang.reflect.Method.invoke(Method.java:498)
	at org.apache.maven.surefire.util.ReflectionUtils.invokeMethodWithArray(ReflectionUtils.java:189)
	at org.apache.maven.surefire.booter.ProviderFactory$ProviderProxy.invoke(ProviderFactory.java:165)
	at org.apache.maven.surefire.booter.ProviderFactory.invokeProvider(ProviderFactory.java:85)
	at org.apache.maven.surefire.booter.ForkedBooter.runSuitesInProcess(ForkedBooter.java:115)
	at org.apache.maven.surefire.booter.ForkedBooter.main(ForkedBooter.java:75)
14:19:53.233 [main] DEBUG c.m.v.c.impl.DefaultConnectionTester - Testing a Connection in response to an Exception:
com.mysql.jdbc.exceptions.MySQLSyntaxErrorException: Unknown column &apos;tb_article.publishtime&apos; in &apos;order clause&apos;
	at com.mysql.jdbc.SQLError.createSQLException(SQLError.java:936)
	at com.mysql.jdbc.MysqlIO.checkErrorPacket(MysqlIO.java:2985)
	at com.mysql.jdbc.MysqlIO.sendCommand(MysqlIO.java:1631)
	at com.mysql.jdbc.MysqlIO.sqlQueryDirect(MysqlIO.java:1723)
	at com.mysql.jdbc.Connection.execSQL(Connection.java:3283)
	at com.mysql.jdbc.PreparedStatement.executeInternal(PreparedStatement.java:1332)
	at com.mysql.jdbc.PreparedStatement.execute(PreparedStatement.java:882)
	at com.mchange.v2.c3p0.impl.NewProxyPreparedStatement.execute(NewProxyPreparedStatement.java:67)
	at sun.reflect.NativeMethodAccessorImpl.invoke0(Native Method)
	at sun.reflect.NativeMethodAccessorImpl.invoke(NativeMethodAccessorImpl.java:62)
	at sun.reflect.DelegatingMethodAccessorImpl.invoke(DelegatingMethodAccessorImpl.java:43)
	at java.lang.reflect.Method.invoke(Method.java:498)
	at org.apache.ibatis.logging.jdbc.PreparedStatementLogger.invoke(PreparedStatementLogger.java:59)
	at com.sun.proxy.$Proxy36.execute(Unknown Source)
	at org.apache.ibatis.executor.statement.PreparedStatementHandler.query(PreparedStatementHandler.java:63)
	at org.apache.ibatis.executor.statement.RoutingStatementHandler.query(RoutingStatementHandler.java:79)
	at org.apache.ibatis.executor.SimpleExecutor.doQuery(SimpleExecutor.java:63)
	at org.apache.ibatis.executor.BaseExecutor.queryFromDatabase(BaseExecutor.java:324)
	at org.apache.ibatis.executor.BaseExecutor.query(BaseExecutor.java:156)
	at org.apache.ibatis.executor.CachingExecutor.query(CachingExecutor.java:109)
	at com.github.pagehelper.PageInterceptor.intercept(PageInterceptor.java:141)
	at org.apache.ibatis.plugin.Plugin.invoke(Plugin.java:61)
	at com.sun.proxy.$Proxy40.query(Unknown Source)
	at org.apache.ibatis.session.defaults.DefaultSqlSession.selectList(DefaultSqlSession.java:148)
	at org.apache.ibatis.session.defaults.DefaultSqlSession.selectList(DefaultSqlSession.java:141)
	at sun.reflect.NativeMethodAccessorImpl.invoke0(Native Method)
	at sun.reflect.NativeMethodAccessorImpl.invoke(NativeMethodAccessorImpl.java:62)
	at sun.reflect.DelegatingMethodAccessorImpl.invoke(DelegatingMethodAccessorImpl.java:43)
	at java.lang.reflect.Method.invoke(Method.java:498)
	at org.mybatis.spring.SqlSessionTemplate$SqlSessionInterceptor.invoke(SqlSessionTemplate.java:433)
	at com.sun.proxy.$Proxy20.selectList(Unknown Source)
	at org.mybatis.spring.SqlSessionTemplate.selectList(SqlSessionTemplate.java:230)
	at org.apache.ibatis.binding.MapperMethod.executeForMany(MapperMethod.java:137)
	at org.apache.ibatis.binding.MapperMethod.execute(MapperMethod.java:75)
	at org.apache.ibatis.binding.MapperProxy.invoke(MapperProxy.java:59)
	at com.sun.proxy.$Proxy21.selectListAll(Unknown Source)
	at cn.edu.nuc.test.dao.ArticleMapperTest.testList(ArticleMapperTest.java:148)
	at sun.reflect.NativeMethodAccessorImpl.invoke0(Native Method)
	at sun.reflect.NativeMethodAccessorImpl.invoke(NativeMethodAccessorImpl.java:62)
	at sun.reflect.DelegatingMethodAccessorImpl.invoke(DelegatingMethodAccessorImpl.java:43)
	at java.lang.reflect.Method.invoke(Method.java:498)
	at org.junit.runners.model.FrameworkMethod$1.runReflectiveCall(FrameworkMethod.java:50)
	at org.junit.internal.runners.model.ReflectiveCallable.run(ReflectiveCallable.java:12)
	at org.junit.runners.model.FrameworkMethod.invokeExplosively(FrameworkMethod.java:47)
	at org.junit.internal.runners.statements.InvokeMethod.evaluate(InvokeMethod.java:17)
	at org.springframework.test.context.junit4.statements.RunBeforeTestMethodCallbacks.evaluate(RunBeforeTestMethodCallbacks.java:75)
	at org.springframework.test.context.junit4.statements.RunAfterTestMethodCallbacks.evaluate(RunAfterTestMethodCallbacks.java:86)
	at org.springframework.test.context.junit4.statements.SpringRepeat.evaluate(SpringRepeat.java:84)
	at org.junit.runners.ParentRunner.runLeaf(ParentRunner.java:325)
	at org.springframework.test.context.junit4.SpringJUnit4ClassRunner.runChild(SpringJUnit4ClassRunner.java:252)
	at org.springframework.test.context.junit4.SpringJUnit4ClassRunner.runChild(SpringJUnit4ClassRunner.java:94)
	at org.junit.runners.ParentRunner$3.run(ParentRunner.java:290)
	at org.junit.runners.ParentRunner$1.schedule(ParentRunner.java:71)
	at org.junit.runners.ParentRunner.runChildren(ParentRunner.java:288)
	at org.junit.runners.ParentRunner.access$000(ParentRunner.java:58)
	at org.junit.runners.ParentRunner$2.evaluate(ParentRunner.java:268)
	at org.springframework.test.context.junit4.statements.RunBeforeTestClassCallbacks.evaluate(RunBeforeTestClassCallbacks.java:61)
	at org.springframework.test.context.junit4.statements.RunAfterTestClassCallbacks.evaluate(RunAfterTestClassCallbacks.java:70)
	at org.junit.runners.ParentRunner.run(ParentRunner.java:363)
	at org.springframework.test.context.junit4.SpringJUnit4ClassRunner.run(SpringJUnit4ClassRunner.java:191)
	at org.apache.maven.surefire.junit4.JUnit4Provider.execute(JUnit4Provider.java:252)
	at org.apache.maven.surefire.junit4.JUnit4Provider.executeTestSet(JUnit4Provider.java:141)
	at org.apache.maven.surefire.junit4.JUnit4Provider.invoke(JUnit4Provider.java:112)
	at sun.reflect.NativeMethodAccessorImpl.invoke0(Native Method)
	at sun.reflect.NativeMethodAccessorImpl.invoke(NativeMethodAccessorImpl.java:62)
	at sun.reflect.DelegatingMethodAccessorImpl.invoke(DelegatingMethodAccessorImpl.java:43)
	at java.lang.reflect.Method.invoke(Method.java:498)
	at org.apache.maven.surefire.util.ReflectionUtils.invokeMethodWithArray(ReflectionUtils.java:189)
	at org.apache.maven.surefire.booter.ProviderFactory$ProviderProxy.invoke(ProviderFactory.java:165)
	at org.apache.maven.surefire.booter.ProviderFactory.invokeProvider(ProviderFactory.java:85)
	at org.apache.maven.surefire.booter.ForkedBooter.runSuitesInProcess(ForkedBooter.java:115)
	at org.apache.maven.surefire.booter.ForkedBooter.main(ForkedBooter.java:75)
14:19:53.239 [main] DEBUG org.mybatis.spring.SqlSessionUtils - Closing non transactional SqlSession [org.apache.ibatis.session.defaults.DefaultSqlSession@5bb8f9e2]
14:19:53.239 [main] DEBUG o.s.jdbc.datasource.DataSourceUtils - Returning JDBC Connection to DataSource
14:19:53.255 [main] DEBUG o.s.core.env.StandardEnvironment - Adding [systemProperties] PropertySource with lowest search precedence
14:19:53.256 [main] DEBUG o.s.core.env.StandardEnvironment - Adding [systemEnvironment] PropertySource with lowest search precedence
14:19:53.256 [main] DEBUG o.s.core.env.StandardEnvironment - Initialized StandardEnvironment with PropertySources [systemProperties,systemEnvironment]
14:19:53.256 [main] INFO  o.s.b.f.xml.XmlBeanDefinitionReader - Loading XML bean definitions from class path resource [org/springframework/jdbc/support/sql-error-codes.xml]
14:19:53.257 [main] DEBUG o.s.b.f.xml.DefaultDocumentLoader - Using JAXP provider [com.sun.org.apache.xerces.internal.jaxp.DocumentBuilderFactoryImpl]
14:19:53.258 [main] DEBUG o.s.b.factory.xml.BeansDtdResolver - Found beans DTD [http://www.springframework.org/dtd/spring-beans-2.0.dtd] in classpath: spring-beans-2.0.dtd
14:19:53.261 [main] DEBUG o.s.b.f.x.DefaultBeanDefinitionDocumentReader - Loading bean definitions
14:19:53.266 [main] DEBUG o.s.b.f.s.DefaultListableBeanFactory - Creating shared instance of singleton bean &apos;DB2&apos;
14:19:53.266 [main] DEBUG o.s.b.f.s.DefaultListableBeanFactory - Creating instance of bean &apos;DB2&apos;
14:19:53.266 [main] DEBUG o.s.b.f.s.DefaultListableBeanFactory - Eagerly caching bean &apos;DB2&apos; to allow for resolving potential circular references
14:19:53.270 [main] DEBUG o.s.b.f.s.DefaultListableBeanFactory - Finished creating instance of bean &apos;DB2&apos;
14:19:53.270 [main] DEBUG o.s.b.f.s.DefaultListableBeanFactory - Creating shared instance of singleton bean &apos;Derby&apos;
14:19:53.270 [main] DEBUG o.s.b.f.s.DefaultListableBeanFactory - Creating instance of bean &apos;Derby&apos;
14:19:53.270 [main] DEBUG o.s.b.f.s.DefaultListableBeanFactory - Eagerly caching bean &apos;Derby&apos; to allow for resolving potential circular references
14:19:53.271 [main] DEBUG o.s.b.f.s.DefaultListableBeanFactory - Finished creating instance of bean &apos;Derby&apos;
14:19:53.271 [main] DEBUG o.s.b.f.s.DefaultListableBeanFactory - Creating shared instance of singleton bean &apos;H2&apos;
14:19:53.271 [main] DEBUG o.s.b.f.s.DefaultListableBeanFactory - Creating instance of bean &apos;H2&apos;
14:19:53.271 [main] DEBUG o.s.b.f.s.DefaultListableBeanFactory - Eagerly caching bean &apos;H2&apos; to allow for resolving potential circular references
14:19:53.271 [main] DEBUG o.s.b.f.s.DefaultListableBeanFactory - Finished creating instance of bean &apos;H2&apos;
14:19:53.272 [main] DEBUG o.s.b.f.s.DefaultListableBeanFactory - Creating shared instance of singleton bean &apos;HSQL&apos;
14:19:53.272 [main] DEBUG o.s.b.f.s.DefaultListableBeanFactory - Creating instance of bean &apos;HSQL&apos;
14:19:53.272 [main] DEBUG o.s.b.f.s.DefaultListableBeanFactory - Eagerly caching bean &apos;HSQL&apos; to allow for resolving potential circular references
14:19:53.272 [main] DEBUG o.s.b.f.s.DefaultListableBeanFactory - Finished creating instance of bean &apos;HSQL&apos;
14:19:53.272 [main] DEBUG o.s.b.f.s.DefaultListableBeanFactory - Creating shared instance of singleton bean &apos;Informix&apos;
14:19:53.272 [main] DEBUG o.s.b.f.s.DefaultListableBeanFactory - Creating instance of bean &apos;Informix&apos;
14:19:53.272 [main] DEBUG o.s.b.f.s.DefaultListableBeanFactory - Eagerly caching bean &apos;Informix&apos; to allow for resolving potential circular references
14:19:53.273 [main] DEBUG o.s.b.f.s.DefaultListableBeanFactory - Finished creating instance of bean &apos;Informix&apos;
14:19:53.273 [main] DEBUG o.s.b.f.s.DefaultListableBeanFactory - Creating shared instance of singleton bean &apos;MS-SQL&apos;
14:19:53.273 [main] DEBUG o.s.b.f.s.DefaultListableBeanFactory - Creating instance of bean &apos;MS-SQL&apos;
14:19:53.273 [main] DEBUG o.s.b.f.s.DefaultListableBeanFactory - Eagerly caching bean &apos;MS-SQL&apos; to allow for resolving potential circular references
14:19:53.274 [main] DEBUG o.s.b.f.s.DefaultListableBeanFactory - Finished creating instance of bean &apos;MS-SQL&apos;
14:19:53.274 [main] DEBUG o.s.b.f.s.DefaultListableBeanFactory - Creating shared instance of singleton bean &apos;MySQL&apos;
14:19:53.274 [main] DEBUG o.s.b.f.s.DefaultListableBeanFactory - Creating instance of bean &apos;MySQL&apos;
14:19:53.274 [main] DEBUG o.s.b.f.s.DefaultListableBeanFactory - Eagerly caching bean &apos;MySQL&apos; to allow for resolving potential circular references
14:19:53.274 [main] DEBUG o.s.b.f.s.DefaultListableBeanFactory - Finished creating instance of bean &apos;MySQL&apos;
14:19:53.274 [main] DEBUG o.s.b.f.s.DefaultListableBeanFactory - Creating shared instance of singleton bean &apos;Oracle&apos;
14:19:53.275 [main] DEBUG o.s.b.f.s.DefaultListableBeanFactory - Creating instance of bean &apos;Oracle&apos;
14:19:53.275 [main] DEBUG o.s.b.f.s.DefaultListableBeanFactory - Eagerly caching bean &apos;Oracle&apos; to allow for resolving potential circular references
14:19:53.275 [main] DEBUG o.s.b.f.s.DefaultListableBeanFactory - Finished creating instance of bean &apos;Oracle&apos;
14:19:53.275 [main] DEBUG o.s.b.f.s.DefaultListableBeanFactory - Creating shared instance of singleton bean &apos;PostgreSQL&apos;
14:19:53.275 [main] DEBUG o.s.b.f.s.DefaultListableBeanFactory - Creating instance of bean &apos;PostgreSQL&apos;
14:19:53.275 [main] DEBUG o.s.b.f.s.DefaultListableBeanFactory - Eagerly caching bean &apos;PostgreSQL&apos; to allow for resolving potential circular references
14:19:53.276 [main] DEBUG o.s.b.f.s.DefaultListableBeanFactory - Finished creating instance of bean &apos;PostgreSQL&apos;
14:19:53.276 [main] DEBUG o.s.b.f.s.DefaultListableBeanFactory - Creating shared instance of singleton bean &apos;Sybase&apos;
14:19:53.276 [main] DEBUG o.s.b.f.s.DefaultListableBeanFactory - Creating instance of bean &apos;Sybase&apos;
14:19:53.276 [main] DEBUG o.s.b.f.s.DefaultListableBeanFactory - Eagerly caching bean &apos;Sybase&apos; to allow for resolving potential circular references
14:19:53.278 [main] DEBUG o.s.b.f.s.DefaultListableBeanFactory - Finished creating instance of bean &apos;Sybase&apos;
14:19:53.278 [main] DEBUG o.s.b.f.s.DefaultListableBeanFactory - Creating shared instance of singleton bean &apos;Hana&apos;
14:19:53.278 [main] DEBUG o.s.b.f.s.DefaultListableBeanFactory - Creating instance of bean &apos;Hana&apos;
14:19:53.278 [main] DEBUG o.s.b.f.s.DefaultListableBeanFactory - Eagerly caching bean &apos;Hana&apos; to allow for resolving potential circular references
14:19:53.280 [main] DEBUG o.s.b.f.s.DefaultListableBeanFactory - Finished creating instance of bean &apos;Hana&apos;
14:19:53.280 [main] INFO  o.s.j.support.SQLErrorCodesFactory - SQLErrorCodes loaded: [DB2, Derby, H2, HSQL, Informix, MS-SQL, MySQL, Oracle, PostgreSQL, Sybase, Hana]
14:19:53.281 [main] DEBUG o.s.j.support.SQLErrorCodesFactory - Looking up default SQLErrorCodes for DataSource [com.mchange.v2.c3p0.ComboPooledDataSource[ identityToken -&gt; 1bqoohua61bl82gcp46wbl|431cd9b2, dataSourceName -&gt; 1bqoohua61bl82gcp46wbl|431cd9b2 ]]
14:19:53.283 [main] DEBUG o.s.jdbc.datasource.DataSourceUtils - Fetching JDBC Connection from DataSource
14:19:53.284 [main] DEBUG o.s.jdbc.datasource.DataSourceUtils - Returning JDBC Connection to DataSource
14:19:53.284 [main] DEBUG o.s.j.support.SQLErrorCodesFactory - Database product name cached for DataSource [com.mchange.v2.c3p0.ComboPooledDataSource@a224ff8b]: name is &apos;MySQL&apos;
14:19:53.284 [main] DEBUG o.s.j.support.SQLErrorCodesFactory - SQL error codes for &apos;MySQL&apos; found
14:19:53.285 [main] DEBUG o.s.j.s.SQLErrorCodeSQLExceptionTranslator - Translating SQLException with SQL state &apos;42S22&apos;, error code &apos;1054&apos;, message [Unknown column &apos;tb_article.publishtime&apos; in &apos;order clause&apos;]; SQL was [] for task [
### Error querying database.  Cause: com.mysql.jdbc.exceptions.MySQLSyntaxErrorException: Unknown column &apos;tb_article.publishtime&apos; in &apos;order clause&apos;
### The error may exist in file [D:\envi\article\target\classes\cn\edu\nuc\article\dao\ArticleMapper.xml]
### The error may involve cn.edu.nuc.article.dao.ArticleMapper.selectListAll-Inline
### The error occurred while setting parameters
### SQL: SELECT DISTINCT    a.articleid,    a.title,    a.publishtime,    a.copywriter_id,    a.auditor_id,    a.inst_id,    a.processinstance_id,    a.articlestate,    receiver.userid AS receiverid,    receiver.usertruename AS receivername,    tb_auditmessage.auditdate,    tb_auditmessage.auditresult,    tb_auditmessage.auditmessage,    tb_institution.instid,    tb_institution.instname,    copywriter.usertruename AS copywritername,    copywriter.userid AS copywriterid,    auditor.userid AS auditorid,    auditor.usertruename AS auditorname,    tb_attachment.attachmentid,    tb_attachment.filename,    tb_attachment.attachtype,    tb_attachment.uploadtime,    tb_attachment.filesize,    tb_attachment.fileid,    receiver_inst.instname AS receiver_inst_name,    receiver_inst.instid AS receiver_inst_id,    (     SELECT DISTINCT      COUNT(*)     FROM      tb_log     LEFT OUTER JOIN tb_article ON tb_log.bussiness_id = tb_article.articleid     WHERE      tb_article.articleid = a.articleid     AND tb_log.optname = &apos;�鿴����&apos;    ) AS clickcount,    (     SELECT DISTINCT      COUNT(*)     FROM      tb_log     LEFT OUTER JOIN tb_article ON tb_log.bussiness_id = tb_article.articleid     WHERE      tb_article.articleid = a.articleid     AND tb_log.optname = &apos;���ع���&apos;    ) AS downloadcount   FROM    tb_article AS a    LEFT OUTER JOIN tb_receive ON tb_receive.article_id = a.articleid    LEFT OUTER JOIN tb_user AS receiver ON tb_receive.receiver_id = receiver.userid    LEFT OUTER JOIN tb_auditmessage ON tb_auditmessage.article_id = a.articleid    LEFT OUTER JOIN tb_institution ON a.inst_id = tb_institution.instid    LEFT OUTER JOIN tb_user AS copywriter ON a.copywriter_id = copywriter.userid    LEFT OUTER JOIN tb_user AS auditor ON a.auditor_id = auditor.userid    LEFT OUTER JOIN tb_attachment ON tb_attachment.article_id = a.articleid    LEFT OUTER JOIN tb_institution AS receiver_inst ON receiver.inst_id = receiver_inst.instid             WHERE 1=1                                                      ORDER BY tb_article.publishtime
### Cause: com.mysql.jdbc.exceptions.MySQLSyntaxErrorException: Unknown column &apos;tb_article.publishtime&apos; in &apos;order clause&apos;
]
14:19:53.286 [main] DEBUG o.s.t.c.s.AbstractDirtiesContextTestExecutionListener - After test method: context [DefaultTestContext@4b9e255 testClass = ArticleMapperTest, testInstance = cn.edu.nuc.test.dao.ArticleMapperTest@71d15f18, testMethod = testList@ArticleMapperTest, testException = org.springframework.jdbc.BadSqlGrammarException: 
### Error querying database.  Cause: com.mysql.jdbc.exceptions.MySQLSyntaxErrorException: Unknown column &apos;tb_article.publishtime&apos; in &apos;order clause&apos;
### The error may exist in file [D:\envi\article\target\classes\cn\edu\nuc\article\dao\ArticleMapper.xml]
### The error may involve cn.edu.nuc.article.dao.ArticleMapper.selectListAll-Inline
### The error occurred while setting parameters
### SQL: SELECT DISTINCT    a.articleid,    a.title,    a.publishtime,    a.copywriter_id,    a.auditor_id,    a.inst_id,    a.processinstance_id,    a.articlestate,    receiver.userid AS receiverid,    receiver.usertruename AS receivername,    tb_auditmessage.auditdate,    tb_auditmessage.auditresult,    tb_auditmessage.auditmessage,    tb_institution.instid,    tb_institution.instname,    copywriter.usertruename AS copywritername,    copywriter.userid AS copywriterid,    auditor.userid AS auditorid,    auditor.usertruename AS auditorname,    tb_attachment.attachmentid,    tb_attachment.filename,    tb_attachment.attachtype,    tb_attachment.uploadtime,    tb_attachment.filesize,    tb_attachment.fileid,    receiver_inst.instname AS receiver_inst_name,    receiver_inst.instid AS receiver_inst_id,    (     SELECT DISTINCT      COUNT(*)     FROM      tb_log     LEFT OUTER JOIN tb_article ON tb_log.bussiness_id = tb_article.articleid     WHERE      tb_article.articleid = a.articleid     AND tb_log.optname = &apos;�鿴����&apos;    ) AS clickcount,    (     SELECT DISTINCT      COUNT(*)     FROM      tb_log     LEFT OUTER JOIN tb_article ON tb_log.bussiness_id = tb_article.articleid     WHERE      tb_article.articleid = a.articleid     AND tb_log.optname = &apos;���ع���&apos;    ) AS downloadcount   FROM    tb_article AS a    LEFT OUTER JOIN tb_receive ON tb_receive.article_id = a.articleid    LEFT OUTER JOIN tb_user AS receiver ON tb_receive.receiver_id = receiver.userid    LEFT OUTER JOIN tb_auditmessage ON tb_auditmessage.article_id = a.articleid    LEFT OUTER JOIN tb_institution ON a.inst_id = tb_institution.instid    LEFT OUTER JOIN tb_user AS copywriter ON a.copywriter_id = copywriter.userid    LEFT OUTER JOIN tb_user AS auditor ON a.auditor_id = auditor.userid    LEFT OUTER JOIN tb_attachment ON tb_attachment.article_id = a.articleid    LEFT OUTER JOIN tb_institution AS receiver_inst ON receiver.inst_id = receiver_inst.instid             WHERE 1=1                                                      ORDER BY tb_article.publishtime
### Cause: com.mysql.jdbc.exceptions.MySQLSyntaxErrorException: Unknown column &apos;tb_article.publishtime&apos; in &apos;order clause&apos;
; bad SQL grammar []; nested exception is com.mysql.jdbc.exceptions.MySQLSyntaxErrorException: Unknown column &apos;tb_article.publishtime&apos; in &apos;order clause&apos;, mergedContextConfiguration = [MergedContextConfiguration@5e57643e testClass = ArticleMapperTest, locations = &apos;{classpath:spring-context.xml, classpath:spring-activiti.xml}&apos;, classes = &apos;{}&apos;, contextInitializerClasses = &apos;[]&apos;, activeProfiles = &apos;{}&apos;, propertySourceLocations = &apos;{}&apos;, propertySourceProperties = &apos;{}&apos;, contextCustomizers = set[[empty]], contextLoader = &apos;org.springframework.test.context.support.DelegatingSmartContextLoader&apos;, parent = [null]]], class annotated with @DirtiesContext [false] with mode [null], method annotated with @DirtiesContext [false] with mode [null].
</system-out>
  </testcase>
  <testcase classname="cn.edu.nuc.test.dao.ArticleMapperTest" name="testFindById" time="0.011"/>
  <testcase classname="cn.edu.nuc.test.dao.ArticleMapperTest" name="testReceiveCount" time="0.022"/>
  <testcase classname="cn.edu.nuc.test.dao.ArticleMapperTest" name="testMyList" time="0.011"/>
  <testcase classname="cn.edu.nuc.test.dao.ArticleMapperTest" name="testTitleValidate" time="0.019"/>
</testsuite>